Provided cores: 1
Job counts:
	count	jobs
	1	ASSEMBLY
	1	EXTRACT_UNMAPPED
	1	MERGE_ASSEMBLIES
	1	ALL
	1	QUAST
	1	MERGE_INITIAL_ASSEMBLY
	1	QUAST_INITIAL_ASSEMBLY
	1	INITIAL_ASSEMBLY
	8
rule INITIAL_ASSEMBLY:
	input: /scratch/users/snarayanasamy/IMP_MS_data/IMP_analysis/simulated_data_output_20151002-idba/Preprocessing/MG.R1.preprocessed.fq, /scratch/users/snarayanasamy/IMP_MS_data/IMP_analysis/simulated_data_output_20151002-idba/Preprocessing/MG.R2.preprocessed.fq, /scratch/users/snarayanasamy/IMP_MS_data/IMP_analysis/simulated_data_output_20151002-idba/Preprocessing/MG.SE.preprocessed.fq
	output: /scratch/users/snarayanasamy/IMP_MS_data/IMP_analysis/simDat-iterative_MG//MG_contigs_1.fa
	log: /scratch/users/snarayanasamy/IMP_MS_data/IMP_analysis/simDat-iterative_MG/simDat_iterative_MG.log
	benchmark: /scratch/users/snarayanasamy/IMP_MS_data/IMP_analysis/simDat-iterative_MG//benchmarks/INITIAL_ASSEMBLY.json
	priority: 50
/bin/bash: line 9: 11126 Segmentation fault      idba_ud -r $TMPD/merged.fa -l /scratch/users/snarayanasamy/IMP_MS_data/IMP_analysis/simulated_data_output_20151002-idba/Preprocessing/MG.SE.preprocessed.fq -o /scratch/users/snarayanasamy/IMP_MS_data/IMP_analysis/simDat-iterative_MG//assembly_1 --mink 25 --maxk 99 --step 4 --num_threads 24 --similar 0.98 --pre_correction >> /scratch/users/snarayanasamy/IMP_MS_data/IMP_analysis/simDat-iterative_MG/simDat_iterative_MG.log 2>&1
1 of 8 steps (12%) done
rule MERGE_INITIAL_ASSEMBLY:
	input: /scratch/users/snarayanasamy/IMP_MS_data/IMP_analysis/simDat-iterative_MG//MG_contigs_1.fa
	output: /scratch/users/snarayanasamy/IMP_MS_data/IMP_analysis/simDat-iterative_MG//MG_contigs_cat_1.fa, /scratch/users/snarayanasamy/IMP_MS_data/IMP_analysis/simDat-iterative_MG//MG_contigs_merged_1.fa
	log: /scratch/users/snarayanasamy/IMP_MS_data/IMP_analysis/simDat-iterative_MG/simDat_iterative_MG.log
	benchmark: /scratch/users/snarayanasamy/IMP_MS_data/IMP_analysis/simDat-iterative_MG//benchmarks/MERGE_INITIAL_ASSEMBLY.json
2 of 8 steps (25%) done
rule EXTRACT_UNMAPPED:
	input: /scratch/users/snarayanasamy/IMP_MS_data/IMP_analysis/simDat-iterative_MG//MG_contigs_merged_1.fa, /scratch/users/snarayanasamy/IMP_MS_data/IMP_analysis/simulated_data_output_20151002-idba/Preprocessing/MG.R1.preprocessed.fq, /scratch/users/snarayanasamy/IMP_MS_data/IMP_analysis/simulated_data_output_20151002-idba/Preprocessing/MG.R2.preprocessed.fq, /scratch/users/snarayanasamy/IMP_MS_data/IMP_analysis/simulated_data_output_20151002-idba/Preprocessing/MG.SE.preprocessed.fq
	output: /scratch/users/snarayanasamy/IMP_MS_data/IMP_analysis/simDat-iterative_MG//MG.R1.unmapped_1.fq, /scratch/users/snarayanasamy/IMP_MS_data/IMP_analysis/simDat-iterative_MG//MG.R2.unmapped_1.fq, /scratch/users/snarayanasamy/IMP_MS_data/IMP_analysis/simDat-iterative_MG//MG.SE.unmapped_1.fq
	log: /scratch/users/snarayanasamy/IMP_MS_data/IMP_analysis/simDat-iterative_MG/simDat_iterative_MG.log
	benchmark: /scratch/users/snarayanasamy/IMP_MS_data/IMP_analysis/simDat-iterative_MG//benchmarks/EXTRACT_UNMAPPED_1.json
[bwa_index] Pack FASTA... 1.84 sec
[bwa_index] Construct BWT for the packed sequence...
[BWTIncCreate] textLength=365529754, availableWord=37719752
[BWTIncConstructFromPacked] 10 iterations done. 62220858 characters processed.
[BWTIncConstructFromPacked] 20 iterations done. 114949018 characters processed.
[BWTIncConstructFromPacked] 30 iterations done. 161809946 characters processed.
[BWTIncConstructFromPacked] 40 iterations done. 203456010 characters processed.
[BWTIncConstructFromPacked] 50 iterations done. 240467114 characters processed.
[BWTIncConstructFromPacked] 60 iterations done. 273358650 characters processed.
[BWTIncConstructFromPacked] 70 iterations done. 302588714 characters processed.
[BWTIncConstructFromPacked] 80 iterations done. 328564458 characters processed.
[BWTIncConstructFromPacked] 90 iterations done. 351647706 characters processed.
[bwa_index] 121.11 seconds elapse.
[bwa_index] Update BWT... 1.43 sec
[bwa_index] Pack forward-only FASTA... 1.24 sec
[bwa_index] Construct SA from BWT and Occ... 54.99 sec
[main] Version: 0.7.9a-r786
[main] CMD: bwa index /scratch/users/snarayanasamy/IMP_MS_data/IMP_analysis/simDat-iterative_MG//MG_contigs_merged_1.fa
[main] Real time: 180.939 sec; CPU: 180.627 sec
[M::mem_pestat] analyzing insert size distribution for orientation FF...
[M::mem_pestat] (25, 50, 75) percentile: (215, 298, 377)
[M::mem_pestat] low and high boundaries for computing mean and std.dev: (1, 701)
[M::mem_pestat] mean and std.dev: (285.16, 130.68)
[M::mem_pestat] low and high boundaries for proper pairs: (1, 863)
[M::mem_pestat] analyzing insert size distribution for orientation FR...
[M::mem_pestat] (25, 50, 75) percentile: (440, 440, 440)
[M::mem_pestat] low and high boundaries for computing mean and std.dev: (440, 440)
[M::mem_pestat] mean and std.dev: (440.00, 0.00)
[M::mem_pestat] low and high boundaries for proper pairs: (440, 440)
[M::mem_pestat] analyzing insert size distribution for orientation RF...
[M::mem_pestat] (25, 50, 75) percentile: (121, 181, 388)
[M::mem_pestat] low and high boundaries for computing mean and std.dev: (1, 922)
[M::mem_pestat] mean and std.dev: (237.22, 200.98)
[M::mem_pestat] low and high boundaries for proper pairs: (1, 1189)
[M::mem_pestat] analyzing insert size distribution for orientation RR...
[M::mem_pestat] (25, 50, 75) percentile: (253, 363, 415)
[M::mem_pestat] low and high boundaries for computing mean and std.dev: (1, 739)
[M::mem_pestat] mean and std.dev: (330.58, 140.81)
[M::mem_pestat] low and high boundaries for proper pairs: (1, 901)
[M::mem_pestat] skip orientation FF
[M::mem_pestat] skip orientation RF
[M::mem_pestat] skip orientation RR
[samopen] SAM header is present: 73372 sequences.
[M::mem_pestat] analyzing insert size distribution for orientation FF...
[M::mem_pestat] (25, 50, 75) percentile: (204, 311, 398)
[M::mem_pestat] low and high boundaries for computing mean and std.dev: (1, 786)
[M::mem_pestat] mean and std.dev: (298.23, 144.74)
[M::mem_pestat] low and high boundaries for proper pairs: (1, 980)
[M::mem_pestat] analyzing insert size distribution for orientation FR...
[M::mem_pestat] (25, 50, 75) percentile: (440, 440, 440)
[M::mem_pestat] low and high boundaries for computing mean and std.dev: (440, 440)
[M::mem_pestat] mean and std.dev: (440.00, 0.00)
[M::mem_pestat] low and high boundaries for proper pairs: (440, 440)
[M::mem_pestat] analyzing insert size distribution for orientation RF...
[M::mem_pestat] (25, 50, 75) percentile: (166, 275, 1583)
[M::mem_pestat] low and high boundaries for computing mean and std.dev: (1, 4417)
[M::mem_pestat] mean and std.dev: (883.78, 1080.11)
[M::mem_pestat] low and high boundaries for proper pairs: (1, 5834)
[M::mem_pestat] analyzing insert size distribution for orientation RR...
[M::mem_pestat] (25, 50, 75) percentile: (192, 347, 484)
[M::mem_pestat] low and high boundaries for computing mean and std.dev: (1, 1068)
[M::mem_pestat] mean and std.dev: (326.39, 205.98)
[M::mem_pestat] low and high boundaries for proper pairs: (1, 1360)
[M::mem_pestat] skip orientation FF
[M::mem_pestat] skip orientation RF
[M::mem_pestat] skip orientation RR
[M::mem_pestat] analyzing insert size distribution for orientation FF...
[M::mem_pestat] (25, 50, 75) percentile: (274, 372, 1741)
[M::mem_pestat] low and high boundaries for computing mean and std.dev: (1, 4675)
[M::mem_pestat] mean and std.dev: (654.07, 618.54)
[M::mem_pestat] low and high boundaries for proper pairs: (1, 6142)
[M::mem_pestat] analyzing insert size distribution for orientation FR...
[M::mem_pestat] (25, 50, 75) percentile: (440, 440, 440)
[M::mem_pestat] low and high boundaries for computing mean and std.dev: (440, 440)
[M::mem_pestat] mean and std.dev: (440.00, 0.00)
[M::mem_pestat] low and high boundaries for proper pairs: (440, 440)
[M::mem_pestat] analyzing insert size distribution for orientation RF...
[M::mem_pestat] (25, 50, 75) percentile: (33, 57, 100)
[M::mem_pestat] low and high boundaries for computing mean and std.dev: (1, 234)
[M::mem_pestat] mean and std.dev: (54.04, 38.28)
[M::mem_pestat] low and high boundaries for proper pairs: (1, 301)
[M::mem_pestat] analyzing insert size distribution for orientation RR...
[M::mem_pestat] (25, 50, 75) percentile: (321, 526, 1862)
[M::mem_pestat] low and high boundaries for computing mean and std.dev: (1, 4944)
[M::mem_pestat] mean and std.dev: (819.83, 706.50)
[M::mem_pestat] low and high boundaries for proper pairs: (1, 6485)
[M::mem_pestat] skip orientation FF
[M::mem_pestat] skip orientation RF
[M::mem_pestat] skip orientation RR
[M::mem_pestat] analyzing insert size distribution for orientation FF...
[M::mem_pestat] (25, 50, 75) percentile: (170, 298, 381)
[M::mem_pestat] low and high boundaries for computing mean and std.dev: (1, 803)
[M::mem_pestat] mean and std.dev: (255.13, 132.62)
[M::mem_pestat] low and high boundaries for proper pairs: (1, 1014)
[M::mem_pestat] analyzing insert size distribution for orientation FR...
[M::mem_pestat] (25, 50, 75) percentile: (440, 440, 440)
[M::mem_pestat] low and high boundaries for computing mean and std.dev: (440, 440)
[M::mem_pestat] mean and std.dev: (440.00, 0.00)
[M::mem_pestat] low and high boundaries for proper pairs: (440, 440)
[M::mem_pestat] analyzing insert size distribution for orientation RF...
[M::mem_pestat] (25, 50, 75) percentile: (97, 129, 304)
[M::mem_pestat] low and high boundaries for computing mean and std.dev: (1, 718)
[M::mem_pestat] mean and std.dev: (166.10, 121.29)
[M::mem_pestat] low and high boundaries for proper pairs: (1, 925)
[M::mem_pestat] analyzing insert size distribution for orientation RR...
[M::mem_pestat] (25, 50, 75) percentile: (139, 294, 459)
[M::mem_pestat] low and high boundaries for computing mean and std.dev: (1, 1099)
[M::mem_pestat] mean and std.dev: (305.31, 235.83)
[M::mem_pestat] low and high boundaries for proper pairs: (1, 1419)
[M::mem_pestat] skip orientation FF
[M::mem_pestat] skip orientation RF
[M::mem_pestat] skip orientation RR
[M::mem_pestat] analyzing insert size distribution for orientation FF...
[M::mem_pestat] (25, 50, 75) percentile: (197, 332, 394)
[M::mem_pestat] low and high boundaries for computing mean and std.dev: (1, 788)
[M::mem_pestat] mean and std.dev: (291.00, 157.78)
[M::mem_pestat] low and high boundaries for proper pairs: (1, 985)
[M::mem_pestat] analyzing insert size distribution for orientation FR...
[M::mem_pestat] (25, 50, 75) percentile: (440, 440, 440)
[M::mem_pestat] low and high boundaries for computing mean and std.dev: (440, 440)
[M::mem_pestat] mean and std.dev: (440.00, 0.00)
[M::mem_pestat] low and high boundaries for proper pairs: (440, 440)
[M::mem_pestat] analyzing insert size distribution for orientation RF...
[M::mem_pestat] (25, 50, 75) percentile: (39, 142, 1296)
[M::mem_pestat] low and high boundaries for computing mean and std.dev: (1, 3810)
[M::mem_pestat] mean and std.dev: (642.87, 873.79)
[M::mem_pestat] low and high boundaries for proper pairs: (1, 5067)
[M::mem_pestat] analyzing insert size distribution for orientation RR...
[M::mem_pestat] (25, 50, 75) percentile: (233, 352, 440)
[M::mem_pestat] low and high boundaries for computing mean and std.dev: (1, 854)
[M::mem_pestat] mean and std.dev: (332.64, 171.31)
[M::mem_pestat] low and high boundaries for proper pairs: (1, 1061)
[M::mem_pestat] skip orientation FF
[M::mem_pestat] skip orientation RF
[M::mem_pestat] skip orientation RR
[M::mem_pestat] analyzing insert size distribution for orientation FF...
[M::mem_pestat] (25, 50, 75) percentile: (226, 304, 490)
[M::mem_pestat] low and high boundaries for computing mean and std.dev: (1, 1018)
[M::mem_pestat] mean and std.dev: (338.03, 218.08)
[M::mem_pestat] low and high boundaries for proper pairs: (1, 1282)
[M::mem_pestat] analyzing insert size distribution for orientation FR...
[M::mem_pestat] (25, 50, 75) percentile: (440, 440, 440)
[M::mem_pestat] low and high boundaries for computing mean and std.dev: (440, 440)
[M::mem_pestat] mean and std.dev: (440.00, 0.00)
[M::mem_pestat] low and high boundaries for proper pairs: (440, 440)
[M::mem_pestat] analyzing insert size distribution for orientation RF...
[M::mem_pestat] (25, 50, 75) percentile: (112, 556, 1355)
[M::mem_pestat] low and high boundaries for computing mean and std.dev: (1, 3841)
[M::mem_pestat] mean and std.dev: (779.74, 777.98)
[M::mem_pestat] low and high boundaries for proper pairs: (1, 5084)
[M::mem_pestat] analyzing insert size distribution for orientation RR...
[M::mem_pestat] (25, 50, 75) percentile: (216, 354, 938)
[M::mem_pestat] low and high boundaries for computing mean and std.dev: (1, 2382)
[M::mem_pestat] mean and std.dev: (500.89, 459.78)
[M::mem_pestat] low and high boundaries for proper pairs: (1, 3104)
[M::mem_pestat] skip orientation FF
[M::mem_pestat] skip orientation RF
[M::mem_pestat] skip orientation RR
[M::mem_pestat] analyzing insert size distribution for orientation FF...
[M::mem_pestat] (25, 50, 75) percentile: (175, 369, 1041)
[M::mem_pestat] low and high boundaries for computing mean and std.dev: (1, 2773)
[M::mem_pestat] mean and std.dev: (574.09, 641.25)
[M::mem_pestat] low and high boundaries for proper pairs: (1, 3639)
[M::mem_pestat] analyzing insert size distribution for orientation FR...
[M::mem_pestat] (25, 50, 75) percentile: (440, 440, 440)
[M::mem_pestat] low and high boundaries for computing mean and std.dev: (440, 440)
[M::mem_pestat] mean and std.dev: (440.00, 0.00)
[M::mem_pestat] low and high boundaries for proper pairs: (440, 440)
[M::mem_pestat] analyzing insert size distribution for orientation RF...
[M::mem_pestat] (25, 50, 75) percentile: (100, 144, 356)
[M::mem_pestat] low and high boundaries for computing mean and std.dev: (1, 868)
[M::mem_pestat] mean and std.dev: (175.48, 173.13)
[M::mem_pestat] low and high boundaries for proper pairs: (1, 1124)
[M::mem_pestat] analyzing insert size distribution for orientation RR...
[M::mem_pestat] (25, 50, 75) percentile: (206, 404, 1465)
[M::mem_pestat] low and high boundaries for computing mean and std.dev: (1, 3983)
[M::mem_pestat] mean and std.dev: (930.21, 999.61)
[M::mem_pestat] low and high boundaries for proper pairs: (1, 5242)
[M::mem_pestat] skip orientation FF
[M::mem_pestat] skip orientation RF
[M::mem_pestat] skip orientation RR
[M::mem_pestat] skip orientation FF as there are not enough pairs
[M::mem_pestat] analyzing insert size distribution for orientation FR...
[M::mem_pestat] (25, 50, 75) percentile: (440, 440, 440)
[M::mem_pestat] low and high boundaries for computing mean and std.dev: (440, 440)
[M::mem_pestat] mean and std.dev: (440.00, 0.00)
[M::mem_pestat] low and high boundaries for proper pairs: (440, 440)
[M::mem_pestat] analyzing insert size distribution for orientation RF...
[M::mem_pestat] (25, 50, 75) percentile: (316, 373, 588)
[M::mem_pestat] low and high boundaries for computing mean and std.dev: (1, 1132)
[M::mem_pestat] mean and std.dev: (399.97, 197.98)
[M::mem_pestat] low and high boundaries for proper pairs: (1, 1404)
[M::mem_pestat] skip orientation RR as there are not enough pairs
[M::mem_pestat] skip orientation RF
[M::mem_pestat] skip orientation FF as there are not enough pairs
[M::mem_pestat] analyzing insert size distribution for orientation FR...
[M::mem_pestat] (25, 50, 75) percentile: (440, 440, 440)
[M::mem_pestat] low and high boundaries for computing mean and std.dev: (440, 440)
[M::mem_pestat] mean and std.dev: (440.00, 0.00)
[M::mem_pestat] low and high boundaries for proper pairs: (440, 440)
[M::mem_pestat] analyzing insert size distribution for orientation RF...
[M::mem_pestat] (25, 50, 75) percentile: (373, 588, 588)
[M::mem_pestat] low and high boundaries for computing mean and std.dev: (1, 1018)
[M::mem_pestat] mean and std.dev: (495.29, 113.59)
[M::mem_pestat] low and high boundaries for proper pairs: (1, 1233)
[M::mem_pestat] skip orientation RR as there are not enough pairs
[M::mem_pestat] skip orientation RF
[M::mem_pestat] skip orientation FF as there are not enough pairs
[M::mem_pestat] analyzing insert size distribution for orientation FR...
[M::mem_pestat] (25, 50, 75) percentile: (440, 440, 440)
[M::mem_pestat] low and high boundaries for computing mean and std.dev: (440, 440)
[M::mem_pestat] mean and std.dev: (440.00, 0.00)
[M::mem_pestat] low and high boundaries for proper pairs: (440, 440)
[M::mem_pestat] analyzing insert size distribution for orientation RF...
[M::mem_pestat] (25, 50, 75) percentile: (322, 4264, 4264)
[M::mem_pestat] low and high boundaries for computing mean and std.dev: (1, 12148)
[M::mem_pestat] mean and std.dev: (2386.86, 1968.76)
[M::mem_pestat] low and high boundaries for proper pairs: (1, 16090)
[M::mem_pestat] skip orientation RR as there are not enough pairs
[M::mem_pestat] skip orientation RF
[main] Version: 0.7.9a-r786
[main] CMD: bwa mem -v 1 -t 24 /scratch/users/snarayanasamy/IMP_MS_data/IMP_analysis/simDat-iterative_MG//MG_contigs_merged_1.fa /scratch/users/snarayanasamy/IMP_MS_data/IMP_analysis/simulated_data_output_20151002-idba/Preprocessing/MG.R1.preprocessed.fq /scratch/users/snarayanasamy/IMP_MS_data/IMP_analysis/simulated_data_output_20151002-idba/Preprocessing/MG.R2.preprocessed.fq
[main] Real time: 187.193 sec; CPU: 2088.587 sec
[bam_header_read] EOF marker is absent. The input is probably truncated.
[bam_header_read] EOF marker is absent. The input is probably truncated.
[bam_header_read] EOF marker is absent. The input is probably truncated.
[bam_header_read] EOF marker is absent. The input is probably truncated.
[bam_header_read] EOF marker is absent. The input is probably truncated.
[bam_header_read] EOF marker is absent. The input is probably truncated.
[samopen] SAM header is present: 73372 sequences.
[main] Version: 0.7.9a-r786
[main] CMD: bwa mem -v 1 -t 24 /scratch/users/snarayanasamy/IMP_MS_data/IMP_analysis/simDat-iterative_MG//MG_contigs_merged_1.fa /scratch/users/snarayanasamy/IMP_MS_data/IMP_analysis/simulated_data_output_20151002-idba/Preprocessing/MG.SE.preprocessed.fq
[main] Real time: 1.411 sec; CPU: 15.297 sec
3 of 8 steps (38%) done
rule ASSEMBLY:
	input: /scratch/users/snarayanasamy/IMP_MS_data/IMP_analysis/simDat-iterative_MG//MG.R1.unmapped_1.fq, /scratch/users/snarayanasamy/IMP_MS_data/IMP_analysis/simDat-iterative_MG//MG.R2.unmapped_1.fq, /scratch/users/snarayanasamy/IMP_MS_data/IMP_analysis/simDat-iterative_MG//MG.SE.unmapped_1.fq
	output: /scratch/users/snarayanasamy/IMP_MS_data/IMP_analysis/simDat-iterative_MG//MG_contigs_2.fa
	log: /scratch/users/snarayanasamy/IMP_MS_data/IMP_analysis/simDat-iterative_MG/simDat_iterative_MG.log
	benchmark: /scratch/users/snarayanasamy/IMP_MS_data/IMP_analysis/simDat-iterative_MG//benchmarks/ASSEMBLY_2.json
4 of 8 steps (50%) done
rule MERGE_ASSEMBLIES:
	input: /scratch/users/snarayanasamy/IMP_MS_data/IMP_analysis/simDat-iterative_MG//MG_contigs_merged_1.fa, /scratch/users/snarayanasamy/IMP_MS_data/IMP_analysis/simDat-iterative_MG//MG_contigs_2.fa
	output: /scratch/users/snarayanasamy/IMP_MS_data/IMP_analysis/simDat-iterative_MG//MG_contigs_cat_2.fa, /scratch/users/snarayanasamy/IMP_MS_data/IMP_analysis/simDat-iterative_MG//MG_contigs_merged_2.fa
	log: /scratch/users/snarayanasamy/IMP_MS_data/IMP_analysis/simDat-iterative_MG/simDat_iterative_MG.log
	benchmark: /scratch/users/snarayanasamy/IMP_MS_data/IMP_analysis/simDat-iterative_MG//benchmarks/MERGE_ASSEMBLIES_2.json
5 of 8 steps (62%) done
rule QUAST:
	input: /scratch/users/snarayanasamy/IMP_MS_data/IMP_analysis/simDat-iterative_MG//MG_contigs_cat_2.fa, /scratch/users/snarayanasamy/IMP_MS_data/IMP_analysis/simDat-iterative_MG//MG_contigs_merged_2.fa
	output: /scratch/users/snarayanasamy/IMP_MS_data/IMP_analysis/simDat-iterative_MG//quast_2/report.txt, /scratch/users/snarayanasamy/IMP_MS_data/IMP_analysis/simDat-iterative_MG//quast_2/report.tsv, /scratch/users/snarayanasamy/IMP_MS_data/IMP_analysis/simDat-iterative_MG//quast_2/report.tex
	log: /scratch/users/snarayanasamy/IMP_MS_data/IMP_analysis/simDat-iterative_MG/simDat_iterative_MG.log
	benchmark: /scratch/users/snarayanasamy/IMP_MS_data/IMP_analysis/simDat-iterative_MG//benchmarks/QUAST_2.json
6 of 8 steps (75%) done
rule QUAST_INITIAL_ASSEMBLY:
	input: /scratch/users/snarayanasamy/IMP_MS_data/IMP_analysis/simDat-iterative_MG//MG_contigs_cat_1.fa, /scratch/users/snarayanasamy/IMP_MS_data/IMP_analysis/simDat-iterative_MG//MG_contigs_merged_1.fa
	output: /scratch/users/snarayanasamy/IMP_MS_data/IMP_analysis/simDat-iterative_MG//quast_1/report.txt, /scratch/users/snarayanasamy/IMP_MS_data/IMP_analysis/simDat-iterative_MG//quast_1/report.tsv, /scratch/users/snarayanasamy/IMP_MS_data/IMP_analysis/simDat-iterative_MG//quast_1/report.tex
	log: /scratch/users/snarayanasamy/IMP_MS_data/IMP_analysis/simDat-iterative_MG/simDat_iterative_MG.log
	benchmark: /scratch/users/snarayanasamy/IMP_MS_data/IMP_analysis/simDat-iterative_MG//benchmarks/QUAST_1.json
7 of 8 steps (88%) done
rule ALL:
	input: /scratch/users/snarayanasamy/IMP_MS_data/IMP_analysis/simDat-iterative_MG//MG_contigs_merged_2.fa, /scratch/users/snarayanasamy/IMP_MS_data/IMP_analysis/simDat-iterative_MG//quast_1/report.txt, /scratch/users/snarayanasamy/IMP_MS_data/IMP_analysis/simDat-iterative_MG//quast_1/report.tsv, /scratch/users/snarayanasamy/IMP_MS_data/IMP_analysis/simDat-iterative_MG//quast_1/report.tex, /scratch/users/snarayanasamy/IMP_MS_data/IMP_analysis/simDat-iterative_MG//quast_2/report.txt, /scratch/users/snarayanasamy/IMP_MS_data/IMP_analysis/simDat-iterative_MG//quast_2/report.tsv, /scratch/users/snarayanasamy/IMP_MS_data/IMP_analysis/simDat-iterative_MG//quast_2/report.tex
8 of 8 steps (100%) done
Nothing to be done.
Provided cores: 1
Job counts:
	count	jobs
	1	QUAST
	1	ASSEMBLY
	1	EXTRACT_UNMAPPED
	1	ALL
	1	MERGE_ASSEMBLIES
	5
rule EXTRACT_UNMAPPED:
	input: /scratch/users/snarayanasamy/IMP_MS_data/IMP_analysis/simDat-iterative_MG//MG_contigs_merged_2.fa, /scratch/users/snarayanasamy/IMP_MS_data/IMP_analysis/simulated_data_output_20151002-idba/Preprocessing/MG.R1.preprocessed.fq, /scratch/users/snarayanasamy/IMP_MS_data/IMP_analysis/simulated_data_output_20151002-idba/Preprocessing/MG.R2.preprocessed.fq, /scratch/users/snarayanasamy/IMP_MS_data/IMP_analysis/simulated_data_output_20151002-idba/Preprocessing/MG.SE.preprocessed.fq
	output: /scratch/users/snarayanasamy/IMP_MS_data/IMP_analysis/simDat-iterative_MG//MG.R1.unmapped_2.fq, /scratch/users/snarayanasamy/IMP_MS_data/IMP_analysis/simDat-iterative_MG//MG.R2.unmapped_2.fq, /scratch/users/snarayanasamy/IMP_MS_data/IMP_analysis/simDat-iterative_MG//MG.SE.unmapped_2.fq
	log: /scratch/users/snarayanasamy/IMP_MS_data/IMP_analysis/simDat-iterative_MG/simDat_iterative_MG.log
	benchmark: /scratch/users/snarayanasamy/IMP_MS_data/IMP_analysis/simDat-iterative_MG//benchmarks/EXTRACT_UNMAPPED_2.json
[bwa_index] Pack FASTA... 1.83 sec
[bwa_index] Construct BWT for the packed sequence...
[BWTIncCreate] textLength=366505874, availableWord=37788388
[BWTIncConstructFromPacked] 10 iterations done. 62334082 characters processed.
[BWTIncConstructFromPacked] 20 iterations done. 115158210 characters processed.
[BWTIncConstructFromPacked] 30 iterations done. 162104418 characters processed.
[BWTIncConstructFromPacked] 40 iterations done. 203826274 characters processed.
[BWTIncConstructFromPacked] 50 iterations done. 240904738 characters processed.
[BWTIncConstructFromPacked] 60 iterations done. 273856146 characters processed.
[BWTIncConstructFromPacked] 70 iterations done. 303139442 characters processed.
[BWTIncConstructFromPacked] 80 iterations done. 329162466 characters processed.
[BWTIncConstructFromPacked] 90 iterations done. 352287762 characters processed.
[bwa_index] 120.31 seconds elapse.
[bwa_index] Update BWT... 1.37 sec
[bwa_index] Pack forward-only FASTA... 1.28 sec
[bwa_index] Construct SA from BWT and Occ... 55.50 sec
[main] Version: 0.7.9a-r786
[main] CMD: bwa index /scratch/users/snarayanasamy/IMP_MS_data/IMP_analysis/simDat-iterative_MG//MG_contigs_merged_2.fa
[main] Real time: 180.828 sec; CPU: 180.303 sec
[M::mem_pestat] analyzing insert size distribution for orientation FF...
[M::mem_pestat] (25, 50, 75) percentile: (215, 298, 377)
[M::mem_pestat] low and high boundaries for computing mean and std.dev: (1, 701)
[M::mem_pestat] mean and std.dev: (285.16, 130.68)
[M::mem_pestat] low and high boundaries for proper pairs: (1, 863)
[M::mem_pestat] analyzing insert size distribution for orientation FR...
[M::mem_pestat] (25, 50, 75) percentile: (440, 440, 440)
[M::mem_pestat] low and high boundaries for computing mean and std.dev: (440, 440)
[M::mem_pestat] mean and std.dev: (440.00, 0.00)
[M::mem_pestat] low and high boundaries for proper pairs: (440, 440)
[M::mem_pestat] analyzing insert size distribution for orientation RF...
[M::mem_pestat] (25, 50, 75) percentile: (121, 168, 346)
[M::mem_pestat] low and high boundaries for computing mean and std.dev: (1, 796)
[M::mem_pestat] mean and std.dev: (234.04, 200.24)
[M::mem_pestat] low and high boundaries for proper pairs: (1, 1021)
[M::mem_pestat] analyzing insert size distribution for orientation RR...
[M::mem_pestat] (25, 50, 75) percentile: (253, 359, 424)
[M::mem_pestat] low and high boundaries for computing mean and std.dev: (1, 766)
[M::mem_pestat] mean and std.dev: (328.53, 142.51)
[M::mem_pestat] low and high boundaries for proper pairs: (1, 937)
[M::mem_pestat] skip orientation FF
[M::mem_pestat] skip orientation RF
[M::mem_pestat] skip orientation RR
[samopen] SAM header is present: 74498 sequences.
[M::mem_pestat] analyzing insert size distribution for orientation FF...
[M::mem_pestat] (25, 50, 75) percentile: (204, 311, 398)
[M::mem_pestat] low and high boundaries for computing mean and std.dev: (1, 786)
[M::mem_pestat] mean and std.dev: (298.23, 144.74)
[M::mem_pestat] low and high boundaries for proper pairs: (1, 980)
[M::mem_pestat] analyzing insert size distribution for orientation FR...
[M::mem_pestat] (25, 50, 75) percentile: (440, 440, 440)
[M::mem_pestat] low and high boundaries for computing mean and std.dev: (440, 440)
[M::mem_pestat] mean and std.dev: (440.00, 0.00)
[M::mem_pestat] low and high boundaries for proper pairs: (440, 440)
[M::mem_pestat] analyzing insert size distribution for orientation RF...
[M::mem_pestat] (25, 50, 75) percentile: (166, 258, 1461)
[M::mem_pestat] low and high boundaries for computing mean and std.dev: (1, 4051)
[M::mem_pestat] mean and std.dev: (859.49, 1066.79)
[M::mem_pestat] low and high boundaries for proper pairs: (1, 5346)
[M::mem_pestat] analyzing insert size distribution for orientation RR...
[M::mem_pestat] (25, 50, 75) percentile: (192, 376, 484)
[M::mem_pestat] low and high boundaries for computing mean and std.dev: (1, 1068)
[M::mem_pestat] mean and std.dev: (329.92, 206.50)
[M::mem_pestat] low and high boundaries for proper pairs: (1, 1360)
[M::mem_pestat] skip orientation FF
[M::mem_pestat] skip orientation RF
[M::mem_pestat] skip orientation RR
[M::mem_pestat] analyzing insert size distribution for orientation FF...
[M::mem_pestat] (25, 50, 75) percentile: (274, 372, 1741)
[M::mem_pestat] low and high boundaries for computing mean and std.dev: (1, 4675)
[M::mem_pestat] mean and std.dev: (654.07, 618.54)
[M::mem_pestat] low and high boundaries for proper pairs: (1, 6142)
[M::mem_pestat] analyzing insert size distribution for orientation FR...
[M::mem_pestat] (25, 50, 75) percentile: (440, 440, 440)
[M::mem_pestat] low and high boundaries for computing mean and std.dev: (440, 440)
[M::mem_pestat] mean and std.dev: (440.00, 0.00)
[M::mem_pestat] low and high boundaries for proper pairs: (440, 440)
[M::mem_pestat] analyzing insert size distribution for orientation RF...
[M::mem_pestat] (25, 50, 75) percentile: (33, 61, 101)
[M::mem_pestat] low and high boundaries for computing mean and std.dev: (1, 237)
[M::mem_pestat] mean and std.dev: (54.10, 38.28)
[M::mem_pestat] low and high boundaries for proper pairs: (1, 305)
[M::mem_pestat] analyzing insert size distribution for orientation RR...
[M::mem_pestat] (25, 50, 75) percentile: (321, 526, 1862)
[M::mem_pestat] low and high boundaries for computing mean and std.dev: (1, 4944)
[M::mem_pestat] mean and std.dev: (819.83, 706.50)
[M::mem_pestat] low and high boundaries for proper pairs: (1, 6485)
[M::mem_pestat] skip orientation FF
[M::mem_pestat] skip orientation RF
[M::mem_pestat] skip orientation RR
[M::mem_pestat] analyzing insert size distribution for orientation FF...
[M::mem_pestat] (25, 50, 75) percentile: (182, 299, 381)
[M::mem_pestat] low and high boundaries for computing mean and std.dev: (1, 779)
[M::mem_pestat] mean and std.dev: (257.16, 132.06)
[M::mem_pestat] low and high boundaries for proper pairs: (1, 978)
[M::mem_pestat] analyzing insert size distribution for orientation FR...
[M::mem_pestat] (25, 50, 75) percentile: (440, 440, 440)
[M::mem_pestat] low and high boundaries for computing mean and std.dev: (440, 440)
[M::mem_pestat] mean and std.dev: (440.00, 0.00)
[M::mem_pestat] low and high boundaries for proper pairs: (440, 440)
[M::mem_pestat] analyzing insert size distribution for orientation RF...
[M::mem_pestat] (25, 50, 75) percentile: (97, 146, 300)
[M::mem_pestat] low and high boundaries for computing mean and std.dev: (1, 706)
[M::mem_pestat] mean and std.dev: (166.95, 119.69)
[M::mem_pestat] low and high boundaries for proper pairs: (1, 909)
[M::mem_pestat] analyzing insert size distribution for orientation RR...
[M::mem_pestat] (25, 50, 75) percentile: (139, 294, 459)
[M::mem_pestat] low and high boundaries for computing mean and std.dev: (1, 1099)
[M::mem_pestat] mean and std.dev: (305.31, 235.83)
[M::mem_pestat] low and high boundaries for proper pairs: (1, 1419)
[M::mem_pestat] skip orientation FF
[M::mem_pestat] skip orientation RF
[M::mem_pestat] skip orientation RR
[M::mem_pestat] analyzing insert size distribution for orientation FF...
[M::mem_pestat] (25, 50, 75) percentile: (197, 335, 394)
[M::mem_pestat] low and high boundaries for computing mean and std.dev: (1, 788)
[M::mem_pestat] mean and std.dev: (308.00, 145.45)
[M::mem_pestat] low and high boundaries for proper pairs: (1, 985)
[M::mem_pestat] analyzing insert size distribution for orientation FR...
[M::mem_pestat] (25, 50, 75) percentile: (440, 440, 440)
[M::mem_pestat] low and high boundaries for computing mean and std.dev: (440, 440)
[M::mem_pestat] mean and std.dev: (440.00, 0.00)
[M::mem_pestat] low and high boundaries for proper pairs: (440, 440)
[M::mem_pestat] analyzing insert size distribution for orientation RF...
[M::mem_pestat] (25, 50, 75) percentile: (39, 142, 1296)
[M::mem_pestat] low and high boundaries for computing mean and std.dev: (1, 3810)
[M::mem_pestat] mean and std.dev: (642.87, 873.79)
[M::mem_pestat] low and high boundaries for proper pairs: (1, 5067)
[M::mem_pestat] analyzing insert size distribution for orientation RR...
[M::mem_pestat] (25, 50, 75) percentile: (233, 352, 440)
[M::mem_pestat] low and high boundaries for computing mean and std.dev: (1, 854)
[M::mem_pestat] mean and std.dev: (332.64, 171.31)
[M::mem_pestat] low and high boundaries for proper pairs: (1, 1061)
[M::mem_pestat] skip orientation FF
[M::mem_pestat] skip orientation RF
[M::mem_pestat] skip orientation RR
[M::mem_pestat] analyzing insert size distribution for orientation FF...
[M::mem_pestat] (25, 50, 75) percentile: (226, 306, 676)
[M::mem_pestat] low and high boundaries for computing mean and std.dev: (1, 1576)
[M::mem_pestat] mean and std.dev: (384.83, 297.85)
[M::mem_pestat] low and high boundaries for proper pairs: (1, 2026)
[M::mem_pestat] analyzing insert size distribution for orientation FR...
[M::mem_pestat] (25, 50, 75) percentile: (440, 440, 440)
[M::mem_pestat] low and high boundaries for computing mean and std.dev: (440, 440)
[M::mem_pestat] mean and std.dev: (440.00, 0.00)
[M::mem_pestat] low and high boundaries for proper pairs: (440, 440)
[M::mem_pestat] analyzing insert size distribution for orientation RF...
[M::mem_pestat] (25, 50, 75) percentile: (112, 556, 1294)
[M::mem_pestat] low and high boundaries for computing mean and std.dev: (1, 3658)
[M::mem_pestat] mean and std.dev: (775.27, 776.17)
[M::mem_pestat] low and high boundaries for proper pairs: (1, 4840)
[M::mem_pestat] analyzing insert size distribution for orientation RR...
[M::mem_pestat] (25, 50, 75) percentile: (219, 343, 938)
[M::mem_pestat] low and high boundaries for computing mean and std.dev: (1, 2376)
[M::mem_pestat] mean and std.dev: (508.61, 463.47)
[M::mem_pestat] low and high boundaries for proper pairs: (1, 3095)
[M::mem_pestat] skip orientation FF
[M::mem_pestat] skip orientation RF
[M::mem_pestat] skip orientation RR
[M::mem_pestat] analyzing insert size distribution for orientation FF...
[M::mem_pestat] (25, 50, 75) percentile: (175, 369, 1041)
[M::mem_pestat] low and high boundaries for computing mean and std.dev: (1, 2773)
[M::mem_pestat] mean and std.dev: (574.09, 641.25)
[M::mem_pestat] low and high boundaries for proper pairs: (1, 3639)
[M::mem_pestat] analyzing insert size distribution for orientation FR...
[M::mem_pestat] (25, 50, 75) percentile: (440, 440, 440)
[M::mem_pestat] low and high boundaries for computing mean and std.dev: (440, 440)
[M::mem_pestat] mean and std.dev: (440.00, 0.00)
[M::mem_pestat] low and high boundaries for proper pairs: (440, 440)
[M::mem_pestat] analyzing insert size distribution for orientation RF...
[M::mem_pestat] (25, 50, 75) percentile: (100, 144, 356)
[M::mem_pestat] low and high boundaries for computing mean and std.dev: (1, 868)
[M::mem_pestat] mean and std.dev: (175.48, 173.13)
[M::mem_pestat] low and high boundaries for proper pairs: (1, 1124)
[M::mem_pestat] analyzing insert size distribution for orientation RR...
[M::mem_pestat] (25, 50, 75) percentile: (206, 404, 1465)
[M::mem_pestat] low and high boundaries for computing mean and std.dev: (1, 3983)
[M::mem_pestat] mean and std.dev: (930.21, 999.61)
[M::mem_pestat] low and high boundaries for proper pairs: (1, 5242)
[M::mem_pestat] skip orientation FF
[M::mem_pestat] skip orientation RF
[M::mem_pestat] skip orientation RR
[M::mem_pestat] skip orientation FF as there are not enough pairs
[M::mem_pestat] analyzing insert size distribution for orientation FR...
[M::mem_pestat] (25, 50, 75) percentile: (440, 440, 440)
[M::mem_pestat] low and high boundaries for computing mean and std.dev: (440, 440)
[M::mem_pestat] mean and std.dev: (440.00, 0.00)
[M::mem_pestat] low and high boundaries for proper pairs: (440, 440)
[M::mem_pestat] analyzing insert size distribution for orientation RF...
[M::mem_pestat] (25, 50, 75) percentile: (316, 373, 588)
[M::mem_pestat] low and high boundaries for computing mean and std.dev: (1, 1132)
[M::mem_pestat] mean and std.dev: (398.23, 191.60)
[M::mem_pestat] low and high boundaries for proper pairs: (1, 1404)
[M::mem_pestat] skip orientation RR as there are not enough pairs
[M::mem_pestat] skip orientation RF
[M::mem_pestat] skip orientation FF as there are not enough pairs
[M::mem_pestat] analyzing insert size distribution for orientation FR...
[M::mem_pestat] (25, 50, 75) percentile: (440, 440, 440)
[M::mem_pestat] low and high boundaries for computing mean and std.dev: (440, 440)
[M::mem_pestat] mean and std.dev: (440.00, 0.00)
[M::mem_pestat] low and high boundaries for proper pairs: (440, 440)
[M::mem_pestat] analyzing insert size distribution for orientation RF...
[M::mem_pestat] (25, 50, 75) percentile: (373, 588, 588)
[M::mem_pestat] low and high boundaries for computing mean and std.dev: (1, 1018)
[M::mem_pestat] mean and std.dev: (488.62, 113.89)
[M::mem_pestat] low and high boundaries for proper pairs: (1, 1233)
[M::mem_pestat] skip orientation RR as there are not enough pairs
[M::mem_pestat] skip orientation RF
[M::mem_pestat] skip orientation FF as there are not enough pairs
[M::mem_pestat] analyzing insert size distribution for orientation FR...
[M::mem_pestat] (25, 50, 75) percentile: (440, 440, 440)
[M::mem_pestat] low and high boundaries for computing mean and std.dev: (440, 440)
[M::mem_pestat] mean and std.dev: (440.00, 0.00)
[M::mem_pestat] low and high boundaries for proper pairs: (440, 440)
[M::mem_pestat] analyzing insert size distribution for orientation RF...
[M::mem_pestat] (25, 50, 75) percentile: (322, 4264, 4264)
[M::mem_pestat] low and high boundaries for computing mean and std.dev: (1, 12148)
[M::mem_pestat] mean and std.dev: (2386.86, 1968.76)
[M::mem_pestat] low and high boundaries for proper pairs: (1, 16090)
[M::mem_pestat] skip orientation RR as there are not enough pairs
[M::mem_pestat] skip orientation RF
[main] Version: 0.7.9a-r786
[main] CMD: bwa mem -v 1 -t 24 /scratch/users/snarayanasamy/IMP_MS_data/IMP_analysis/simDat-iterative_MG//MG_contigs_merged_2.fa /scratch/users/snarayanasamy/IMP_MS_data/IMP_analysis/simulated_data_output_20151002-idba/Preprocessing/MG.R1.preprocessed.fq /scratch/users/snarayanasamy/IMP_MS_data/IMP_analysis/simulated_data_output_20151002-idba/Preprocessing/MG.R2.preprocessed.fq
[main] Real time: 190.652 sec; CPU: 2108.900 sec
[bam_header_read] EOF marker is absent. The input is probably truncated.
[bam_header_read] EOF marker is absent. The input is probably truncated.
[bam_header_read] EOF marker is absent. The input is probably truncated.
[bam_header_read] EOF marker is absent. The input is probably truncated.
[bam_header_read] EOF marker is absent. The input is probably truncated.
[bam_header_read] EOF marker is absent. The input is probably truncated.
[samopen] SAM header is present: 74498 sequences.
[main] Version: 0.7.9a-r786
[main] CMD: bwa mem -v 1 -t 24 /scratch/users/snarayanasamy/IMP_MS_data/IMP_analysis/simDat-iterative_MG//MG_contigs_merged_2.fa /scratch/users/snarayanasamy/IMP_MS_data/IMP_analysis/simulated_data_output_20151002-idba/Preprocessing/MG.SE.preprocessed.fq
[main] Real time: 1.256 sec; CPU: 12.365 sec
1 of 5 steps (20%) done
rule ASSEMBLY:
	input: /scratch/users/snarayanasamy/IMP_MS_data/IMP_analysis/simDat-iterative_MG//MG.R1.unmapped_2.fq, /scratch/users/snarayanasamy/IMP_MS_data/IMP_analysis/simDat-iterative_MG//MG.R2.unmapped_2.fq, /scratch/users/snarayanasamy/IMP_MS_data/IMP_analysis/simDat-iterative_MG//MG.SE.unmapped_2.fq
	output: /scratch/users/snarayanasamy/IMP_MS_data/IMP_analysis/simDat-iterative_MG//MG_contigs_3.fa
	log: /scratch/users/snarayanasamy/IMP_MS_data/IMP_analysis/simDat-iterative_MG/simDat_iterative_MG.log
	benchmark: /scratch/users/snarayanasamy/IMP_MS_data/IMP_analysis/simDat-iterative_MG//benchmarks/ASSEMBLY_3.json
2 of 5 steps (40%) done
rule MERGE_ASSEMBLIES:
	input: /scratch/users/snarayanasamy/IMP_MS_data/IMP_analysis/simDat-iterative_MG//MG_contigs_merged_2.fa, /scratch/users/snarayanasamy/IMP_MS_data/IMP_analysis/simDat-iterative_MG//MG_contigs_3.fa
	output: /scratch/users/snarayanasamy/IMP_MS_data/IMP_analysis/simDat-iterative_MG//MG_contigs_cat_3.fa, /scratch/users/snarayanasamy/IMP_MS_data/IMP_analysis/simDat-iterative_MG//MG_contigs_merged_3.fa
	log: /scratch/users/snarayanasamy/IMP_MS_data/IMP_analysis/simDat-iterative_MG/simDat_iterative_MG.log
	benchmark: /scratch/users/snarayanasamy/IMP_MS_data/IMP_analysis/simDat-iterative_MG//benchmarks/MERGE_ASSEMBLIES_3.json
3 of 5 steps (60%) done
rule QUAST:
	input: /scratch/users/snarayanasamy/IMP_MS_data/IMP_analysis/simDat-iterative_MG//MG_contigs_cat_3.fa, /scratch/users/snarayanasamy/IMP_MS_data/IMP_analysis/simDat-iterative_MG//MG_contigs_merged_3.fa
	output: /scratch/users/snarayanasamy/IMP_MS_data/IMP_analysis/simDat-iterative_MG//quast_3/report.txt, /scratch/users/snarayanasamy/IMP_MS_data/IMP_analysis/simDat-iterative_MG//quast_3/report.tsv, /scratch/users/snarayanasamy/IMP_MS_data/IMP_analysis/simDat-iterative_MG//quast_3/report.tex
	log: /scratch/users/snarayanasamy/IMP_MS_data/IMP_analysis/simDat-iterative_MG/simDat_iterative_MG.log
	benchmark: /scratch/users/snarayanasamy/IMP_MS_data/IMP_analysis/simDat-iterative_MG//benchmarks/QUAST_3.json
4 of 5 steps (80%) done
rule ALL:
	input: /scratch/users/snarayanasamy/IMP_MS_data/IMP_analysis/simDat-iterative_MG//MG_contigs_merged_3.fa, /scratch/users/snarayanasamy/IMP_MS_data/IMP_analysis/simDat-iterative_MG//quast_1/report.txt, /scratch/users/snarayanasamy/IMP_MS_data/IMP_analysis/simDat-iterative_MG//quast_1/report.tsv, /scratch/users/snarayanasamy/IMP_MS_data/IMP_analysis/simDat-iterative_MG//quast_1/report.tex, /scratch/users/snarayanasamy/IMP_MS_data/IMP_analysis/simDat-iterative_MG//quast_3/report.txt, /scratch/users/snarayanasamy/IMP_MS_data/IMP_analysis/simDat-iterative_MG//quast_3/report.tsv, /scratch/users/snarayanasamy/IMP_MS_data/IMP_analysis/simDat-iterative_MG//quast_3/report.tex
5 of 5 steps (100%) done
Provided cores: 1
Job counts:
	count	jobs
	1	ASSEMBLY
	1	QUAST
	1	EXTRACT_UNMAPPED
	1	MERGE_ASSEMBLIES
	1	ALL
	5
rule EXTRACT_UNMAPPED:
	input: /scratch/users/snarayanasamy/IMP_MS_data/IMP_analysis/simDat-iterative_MG//MG_contigs_merged_3.fa, /scratch/users/snarayanasamy/IMP_MS_data/IMP_analysis/simulated_data_output_20151002-idba/Preprocessing/MG.R1.preprocessed.fq, /scratch/users/snarayanasamy/IMP_MS_data/IMP_analysis/simulated_data_output_20151002-idba/Preprocessing/MG.R2.preprocessed.fq, /scratch/users/snarayanasamy/IMP_MS_data/IMP_analysis/simulated_data_output_20151002-idba/Preprocessing/MG.SE.preprocessed.fq
	output: /scratch/users/snarayanasamy/IMP_MS_data/IMP_analysis/simDat-iterative_MG//MG.R1.unmapped_3.fq, /scratch/users/snarayanasamy/IMP_MS_data/IMP_analysis/simDat-iterative_MG//MG.R2.unmapped_3.fq, /scratch/users/snarayanasamy/IMP_MS_data/IMP_analysis/simDat-iterative_MG//MG.SE.unmapped_3.fq
	log: /scratch/users/snarayanasamy/IMP_MS_data/IMP_analysis/simDat-iterative_MG/simDat_iterative_MG.log
	benchmark: /scratch/users/snarayanasamy/IMP_MS_data/IMP_analysis/simDat-iterative_MG//benchmarks/EXTRACT_UNMAPPED_3.json
[bwa_index] Pack FASTA... 1.82 sec
[bwa_index] Construct BWT for the packed sequence...
[BWTIncCreate] textLength=366929702, availableWord=37818196
[BWTIncConstructFromPacked] 10 iterations done. 62383254 characters processed.
[BWTIncConstructFromPacked] 20 iterations done. 115249078 characters processed.
[BWTIncConstructFromPacked] 30 iterations done. 162232310 characters processed.
[BWTIncConstructFromPacked] 40 iterations done. 203987110 characters processed.
[BWTIncConstructFromPacked] 50 iterations done. 241094854 characters processed.
[BWTIncConstructFromPacked] 60 iterations done. 274072278 characters processed.
[BWTIncConstructFromPacked] 70 iterations done. 303378678 characters processed.
[BWTIncConstructFromPacked] 80 iterations done. 329422246 characters processed.
[BWTIncConstructFromPacked] 90 iterations done. 352565798 characters processed.
[bwa_index] 147.01 seconds elapse.
[bwa_index] Update BWT... 1.38 sec
[bwa_index] Pack forward-only FASTA... 1.23 sec
[bwa_index] Construct SA from BWT and Occ... 90.73 sec
[main] Version: 0.7.9a-r786
[main] CMD: bwa index /scratch/users/snarayanasamy/IMP_MS_data/IMP_analysis/simDat-iterative_MG//MG_contigs_merged_3.fa
[main] Real time: 244.737 sec; CPU: 242.175 sec
[M::mem_pestat] analyzing insert size distribution for orientation FF...
[M::mem_pestat] (25, 50, 75) percentile: (175, 312, 377)
[M::mem_pestat] low and high boundaries for computing mean and std.dev: (1, 781)
[M::mem_pestat] mean and std.dev: (288.95, 134.41)
[M::mem_pestat] low and high boundaries for proper pairs: (1, 983)
[M::mem_pestat] analyzing insert size distribution for orientation FR...
[M::mem_pestat] (25, 50, 75) percentile: (440, 440, 440)
[M::mem_pestat] low and high boundaries for computing mean and std.dev: (440, 440)
[M::mem_pestat] mean and std.dev: (440.00, 0.00)
[M::mem_pestat] low and high boundaries for proper pairs: (440, 440)
[M::mem_pestat] analyzing insert size distribution for orientation RF...
[M::mem_pestat] (25, 50, 75) percentile: (121, 168, 346)
[M::mem_pestat] low and high boundaries for computing mean and std.dev: (1, 796)
[M::mem_pestat] mean and std.dev: (234.04, 200.24)
[M::mem_pestat] low and high boundaries for proper pairs: (1, 1021)
[M::mem_pestat] analyzing insert size distribution for orientation RR...
[M::mem_pestat] (25, 50, 75) percentile: (253, 346, 415)
[M::mem_pestat] low and high boundaries for computing mean and std.dev: (1, 739)
[M::mem_pestat] mean and std.dev: (320.74, 143.51)
[M::mem_pestat] low and high boundaries for proper pairs: (1, 901)
[M::mem_pestat] skip orientation FF
[M::mem_pestat] skip orientation RF
[M::mem_pestat] skip orientation RR
[samopen] SAM header is present: 75001 sequences.
[M::mem_pestat] analyzing insert size distribution for orientation FF...
[M::mem_pestat] (25, 50, 75) percentile: (209, 300, 388)
[M::mem_pestat] low and high boundaries for computing mean and std.dev: (1, 746)
[M::mem_pestat] mean and std.dev: (288.63, 131.28)
[M::mem_pestat] low and high boundaries for proper pairs: (1, 925)
[M::mem_pestat] analyzing insert size distribution for orientation FR...
[M::mem_pestat] (25, 50, 75) percentile: (440, 440, 440)
[M::mem_pestat] low and high boundaries for computing mean and std.dev: (440, 440)
[M::mem_pestat] mean and std.dev: (440.00, 0.00)
[M::mem_pestat] low and high boundaries for proper pairs: (440, 440)
[M::mem_pestat] analyzing insert size distribution for orientation RF...
[M::mem_pestat] (25, 50, 75) percentile: (99, 253, 1232)
[M::mem_pestat] low and high boundaries for computing mean and std.dev: (1, 3498)
[M::mem_pestat] mean and std.dev: (612.52, 802.82)
[M::mem_pestat] low and high boundaries for proper pairs: (1, 4631)
[M::mem_pestat] analyzing insert size distribution for orientation RR...
[M::mem_pestat] (25, 50, 75) percentile: (194, 347, 484)
[M::mem_pestat] low and high boundaries for computing mean and std.dev: (1, 1064)
[M::mem_pestat] mean and std.dev: (328.00, 204.91)
[M::mem_pestat] low and high boundaries for proper pairs: (1, 1354)
[M::mem_pestat] skip orientation FF
[M::mem_pestat] skip orientation RF
[M::mem_pestat] skip orientation RR
[M::mem_pestat] analyzing insert size distribution for orientation FF...
[M::mem_pestat] (25, 50, 75) percentile: (274, 372, 1741)
[M::mem_pestat] low and high boundaries for computing mean and std.dev: (1, 4675)
[M::mem_pestat] mean and std.dev: (654.07, 618.54)
[M::mem_pestat] low and high boundaries for proper pairs: (1, 6142)
[M::mem_pestat] analyzing insert size distribution for orientation FR...
[M::mem_pestat] (25, 50, 75) percentile: (440, 440, 440)
[M::mem_pestat] low and high boundaries for computing mean and std.dev: (440, 440)
[M::mem_pestat] mean and std.dev: (440.00, 0.00)
[M::mem_pestat] low and high boundaries for proper pairs: (440, 440)
[M::mem_pestat] analyzing insert size distribution for orientation RF...
[M::mem_pestat] (25, 50, 75) percentile: (33, 61, 100)
[M::mem_pestat] low and high boundaries for computing mean and std.dev: (1, 234)
[M::mem_pestat] mean and std.dev: (54.28, 38.60)
[M::mem_pestat] low and high boundaries for proper pairs: (1, 301)
[M::mem_pestat] analyzing insert size distribution for orientation RR...
[M::mem_pestat] (25, 50, 75) percentile: (293, 449, 1854)
[M::mem_pestat] low and high boundaries for computing mean and std.dev: (1, 4976)
[M::mem_pestat] mean and std.dev: (732.74, 686.04)
[M::mem_pestat] low and high boundaries for proper pairs: (1, 6537)
[M::mem_pestat] skip orientation FF
[M::mem_pestat] skip orientation RF
[M::mem_pestat] skip orientation RR
[M::mem_pestat] analyzing insert size distribution for orientation FF...
[M::mem_pestat] (25, 50, 75) percentile: (170, 298, 381)
[M::mem_pestat] low and high boundaries for computing mean and std.dev: (1, 803)
[M::mem_pestat] mean and std.dev: (255.31, 132.39)
[M::mem_pestat] low and high boundaries for proper pairs: (1, 1014)
[M::mem_pestat] analyzing insert size distribution for orientation FR...
[M::mem_pestat] (25, 50, 75) percentile: (440, 440, 440)
[M::mem_pestat] low and high boundaries for computing mean and std.dev: (440, 440)
[M::mem_pestat] mean and std.dev: (440.00, 0.00)
[M::mem_pestat] low and high boundaries for proper pairs: (440, 440)
[M::mem_pestat] analyzing insert size distribution for orientation RF...
[M::mem_pestat] (25, 50, 75) percentile: (97, 126, 287)
[M::mem_pestat] low and high boundaries for computing mean and std.dev: (1, 667)
[M::mem_pestat] mean and std.dev: (163.06, 117.67)
[M::mem_pestat] low and high boundaries for proper pairs: (1, 857)
[M::mem_pestat] analyzing insert size distribution for orientation RR...
[M::mem_pestat] (25, 50, 75) percentile: (131, 292, 434)
[M::mem_pestat] low and high boundaries for computing mean and std.dev: (1, 1040)
[M::mem_pestat] mean and std.dev: (299.19, 232.68)
[M::mem_pestat] low and high boundaries for proper pairs: (1, 1343)
[M::mem_pestat] skip orientation FF
[M::mem_pestat] skip orientation RF
[M::mem_pestat] skip orientation RR
[M::mem_pestat] analyzing insert size distribution for orientation FF...
[M::mem_pestat] (25, 50, 75) percentile: (197, 335, 394)
[M::mem_pestat] low and high boundaries for computing mean and std.dev: (1, 788)
[M::mem_pestat] mean and std.dev: (308.00, 145.45)
[M::mem_pestat] low and high boundaries for proper pairs: (1, 985)
[M::mem_pestat] analyzing insert size distribution for orientation FR...
[M::mem_pestat] (25, 50, 75) percentile: (440, 440, 440)
[M::mem_pestat] low and high boundaries for computing mean and std.dev: (440, 440)
[M::mem_pestat] mean and std.dev: (440.00, 0.00)
[M::mem_pestat] low and high boundaries for proper pairs: (440, 440)
[M::mem_pestat] analyzing insert size distribution for orientation RF...
[M::mem_pestat] (25, 50, 75) percentile: (39, 142, 1296)
[M::mem_pestat] low and high boundaries for computing mean and std.dev: (1, 3810)
[M::mem_pestat] mean and std.dev: (642.87, 873.79)
[M::mem_pestat] low and high boundaries for proper pairs: (1, 5067)
[M::mem_pestat] analyzing insert size distribution for orientation RR...
[M::mem_pestat] (25, 50, 75) percentile: (233, 352, 440)
[M::mem_pestat] low and high boundaries for computing mean and std.dev: (1, 854)
[M::mem_pestat] mean and std.dev: (332.64, 171.31)
[M::mem_pestat] low and high boundaries for proper pairs: (1, 1061)
[M::mem_pestat] skip orientation FF
[M::mem_pestat] skip orientation RF
[M::mem_pestat] skip orientation RR
[M::mem_pestat] analyzing insert size distribution for orientation FF...
[M::mem_pestat] (25, 50, 75) percentile: (198, 304, 512)
[M::mem_pestat] low and high boundaries for computing mean and std.dev: (1, 1140)
[M::mem_pestat] mean and std.dev: (339.92, 238.18)
[M::mem_pestat] low and high boundaries for proper pairs: (1, 1454)
[M::mem_pestat] analyzing insert size distribution for orientation FR...
[M::mem_pestat] (25, 50, 75) percentile: (440, 440, 440)
[M::mem_pestat] low and high boundaries for computing mean and std.dev: (440, 440)
[M::mem_pestat] mean and std.dev: (440.00, 0.00)
[M::mem_pestat] low and high boundaries for proper pairs: (440, 440)
[M::mem_pestat] analyzing insert size distribution for orientation RF...
[M::mem_pestat] (25, 50, 75) percentile: (97, 272, 1281)
[M::mem_pestat] low and high boundaries for computing mean and std.dev: (1, 3649)
[M::mem_pestat] mean and std.dev: (688.41, 761.05)
[M::mem_pestat] low and high boundaries for proper pairs: (1, 4833)
[M::mem_pestat] analyzing insert size distribution for orientation RR...
[M::mem_pestat] (25, 50, 75) percentile: (196, 331, 922)
[M::mem_pestat] low and high boundaries for computing mean and std.dev: (1, 2374)
[M::mem_pestat] mean and std.dev: (471.69, 460.12)
[M::mem_pestat] low and high boundaries for proper pairs: (1, 3100)
[M::mem_pestat] skip orientation FF
[M::mem_pestat] skip orientation RF
[M::mem_pestat] skip orientation RR
[M::mem_pestat] analyzing insert size distribution for orientation FF...
[M::mem_pestat] (25, 50, 75) percentile: (175, 369, 1041)
[M::mem_pestat] low and high boundaries for computing mean and std.dev: (1, 2773)
[M::mem_pestat] mean and std.dev: (574.09, 641.25)
[M::mem_pestat] low and high boundaries for proper pairs: (1, 3639)
[M::mem_pestat] analyzing insert size distribution for orientation FR...
[M::mem_pestat] (25, 50, 75) percentile: (440, 440, 440)
[M::mem_pestat] low and high boundaries for computing mean and std.dev: (440, 440)
[M::mem_pestat] mean and std.dev: (440.00, 0.00)
[M::mem_pestat] low and high boundaries for proper pairs: (440, 440)
[M::mem_pestat] analyzing insert size distribution for orientation RF...
[M::mem_pestat] (25, 50, 75) percentile: (100, 144, 356)
[M::mem_pestat] low and high boundaries for computing mean and std.dev: (1, 868)
[M::mem_pestat] mean and std.dev: (172.63, 171.60)
[M::mem_pestat] low and high boundaries for proper pairs: (1, 1124)
[M::mem_pestat] analyzing insert size distribution for orientation RR...
[M::mem_pestat] (25, 50, 75) percentile: (206, 294, 1465)
[M::mem_pestat] low and high boundaries for computing mean and std.dev: (1, 3983)
[M::mem_pestat] mean and std.dev: (879.78, 979.01)
[M::mem_pestat] low and high boundaries for proper pairs: (1, 5242)
[M::mem_pestat] skip orientation FF
[M::mem_pestat] skip orientation RF
[M::mem_pestat] skip orientation RR
[M::mem_pestat] skip orientation FF as there are not enough pairs
[M::mem_pestat] analyzing insert size distribution for orientation FR...
[M::mem_pestat] (25, 50, 75) percentile: (440, 440, 440)
[M::mem_pestat] low and high boundaries for computing mean and std.dev: (440, 440)
[M::mem_pestat] mean and std.dev: (440.00, 0.00)
[M::mem_pestat] low and high boundaries for proper pairs: (440, 440)
[M::mem_pestat] analyzing insert size distribution for orientation RF...
[M::mem_pestat] (25, 50, 75) percentile: (316, 373, 588)
[M::mem_pestat] low and high boundaries for computing mean and std.dev: (1, 1132)
[M::mem_pestat] mean and std.dev: (398.23, 191.60)
[M::mem_pestat] low and high boundaries for proper pairs: (1, 1404)
[M::mem_pestat] skip orientation RR as there are not enough pairs
[M::mem_pestat] skip orientation RF
[M::mem_pestat] skip orientation FF as there are not enough pairs
[M::mem_pestat] analyzing insert size distribution for orientation FR...
[M::mem_pestat] (25, 50, 75) percentile: (440, 440, 440)
[M::mem_pestat] low and high boundaries for computing mean and std.dev: (440, 440)
[M::mem_pestat] mean and std.dev: (440.00, 0.00)
[M::mem_pestat] low and high boundaries for proper pairs: (440, 440)
[M::mem_pestat] analyzing insert size distribution for orientation RF...
[M::mem_pestat] (25, 50, 75) percentile: (373, 588, 588)
[M::mem_pestat] low and high boundaries for computing mean and std.dev: (1, 1018)
[M::mem_pestat] mean and std.dev: (488.62, 113.89)
[M::mem_pestat] low and high boundaries for proper pairs: (1, 1233)
[M::mem_pestat] skip orientation RR as there are not enough pairs
[M::mem_pestat] skip orientation RF
[M::mem_pestat] skip orientation FF as there are not enough pairs
[M::mem_pestat] analyzing insert size distribution for orientation FR...
[M::mem_pestat] (25, 50, 75) percentile: (440, 440, 440)
[M::mem_pestat] low and high boundaries for computing mean and std.dev: (440, 440)
[M::mem_pestat] mean and std.dev: (440.00, 0.00)
[M::mem_pestat] low and high boundaries for proper pairs: (440, 440)
[M::mem_pestat] analyzing insert size distribution for orientation RF...
[M::mem_pestat] (25, 50, 75) percentile: (322, 4264, 4264)
[M::mem_pestat] low and high boundaries for computing mean and std.dev: (1, 12148)
[M::mem_pestat] mean and std.dev: (2386.86, 1968.76)
[M::mem_pestat] low and high boundaries for proper pairs: (1, 16090)
[M::mem_pestat] skip orientation RR as there are not enough pairs
[M::mem_pestat] skip orientation RF
[main] Version: 0.7.9a-r786
[main] CMD: bwa mem -v 1 -t 24 /scratch/users/snarayanasamy/IMP_MS_data/IMP_analysis/simDat-iterative_MG//MG_contigs_merged_3.fa /scratch/users/snarayanasamy/IMP_MS_data/IMP_analysis/simulated_data_output_20151002-idba/Preprocessing/MG.R1.preprocessed.fq /scratch/users/snarayanasamy/IMP_MS_data/IMP_analysis/simulated_data_output_20151002-idba/Preprocessing/MG.R2.preprocessed.fq
[main] Real time: 191.879 sec; CPU: 2135.989 sec
[bam_header_read] EOF marker is absent. The input is probably truncated.
[bam_header_read] EOF marker is absent. The input is probably truncated.
[bam_header_read] EOF marker is absent. The input is probably truncated.
[bam_header_read] EOF marker is absent. The input is probably truncated.
[bam_header_read] EOF marker is absent. The input is probably truncated.
[bam_header_read] EOF marker is absent. The input is probably truncated.
[samopen] SAM header is present: 75001 sequences.
[main] Version: 0.7.9a-r786
[main] CMD: bwa mem -v 1 -t 24 /scratch/users/snarayanasamy/IMP_MS_data/IMP_analysis/simDat-iterative_MG//MG_contigs_merged_3.fa /scratch/users/snarayanasamy/IMP_MS_data/IMP_analysis/simulated_data_output_20151002-idba/Preprocessing/MG.SE.preprocessed.fq
[main] Real time: 1.353 sec; CPU: 14.153 sec
1 of 5 steps (20%) done
rule ASSEMBLY:
	input: /scratch/users/snarayanasamy/IMP_MS_data/IMP_analysis/simDat-iterative_MG//MG.R1.unmapped_3.fq, /scratch/users/snarayanasamy/IMP_MS_data/IMP_analysis/simDat-iterative_MG//MG.R2.unmapped_3.fq, /scratch/users/snarayanasamy/IMP_MS_data/IMP_analysis/simDat-iterative_MG//MG.SE.unmapped_3.fq
	output: /scratch/users/snarayanasamy/IMP_MS_data/IMP_analysis/simDat-iterative_MG//MG_contigs_4.fa
	log: /scratch/users/snarayanasamy/IMP_MS_data/IMP_analysis/simDat-iterative_MG/simDat_iterative_MG.log
	benchmark: /scratch/users/snarayanasamy/IMP_MS_data/IMP_analysis/simDat-iterative_MG//benchmarks/ASSEMBLY_4.json
2 of 5 steps (40%) done
rule MERGE_ASSEMBLIES:
	input: /scratch/users/snarayanasamy/IMP_MS_data/IMP_analysis/simDat-iterative_MG//MG_contigs_merged_3.fa, /scratch/users/snarayanasamy/IMP_MS_data/IMP_analysis/simDat-iterative_MG//MG_contigs_4.fa
	output: /scratch/users/snarayanasamy/IMP_MS_data/IMP_analysis/simDat-iterative_MG//MG_contigs_cat_4.fa, /scratch/users/snarayanasamy/IMP_MS_data/IMP_analysis/simDat-iterative_MG//MG_contigs_merged_4.fa
	log: /scratch/users/snarayanasamy/IMP_MS_data/IMP_analysis/simDat-iterative_MG/simDat_iterative_MG.log
	benchmark: /scratch/users/snarayanasamy/IMP_MS_data/IMP_analysis/simDat-iterative_MG//benchmarks/MERGE_ASSEMBLIES_4.json
3 of 5 steps (60%) done
rule QUAST:
	input: /scratch/users/snarayanasamy/IMP_MS_data/IMP_analysis/simDat-iterative_MG//MG_contigs_cat_4.fa, /scratch/users/snarayanasamy/IMP_MS_data/IMP_analysis/simDat-iterative_MG//MG_contigs_merged_4.fa
	output: /scratch/users/snarayanasamy/IMP_MS_data/IMP_analysis/simDat-iterative_MG//quast_4/report.txt, /scratch/users/snarayanasamy/IMP_MS_data/IMP_analysis/simDat-iterative_MG//quast_4/report.tsv, /scratch/users/snarayanasamy/IMP_MS_data/IMP_analysis/simDat-iterative_MG//quast_4/report.tex
	log: /scratch/users/snarayanasamy/IMP_MS_data/IMP_analysis/simDat-iterative_MG/simDat_iterative_MG.log
	benchmark: /scratch/users/snarayanasamy/IMP_MS_data/IMP_analysis/simDat-iterative_MG//benchmarks/QUAST_4.json
4 of 5 steps (80%) done
rule ALL:
	input: /scratch/users/snarayanasamy/IMP_MS_data/IMP_analysis/simDat-iterative_MG//MG_contigs_merged_4.fa, /scratch/users/snarayanasamy/IMP_MS_data/IMP_analysis/simDat-iterative_MG//quast_1/report.txt, /scratch/users/snarayanasamy/IMP_MS_data/IMP_analysis/simDat-iterative_MG//quast_1/report.tsv, /scratch/users/snarayanasamy/IMP_MS_data/IMP_analysis/simDat-iterative_MG//quast_1/report.tex, /scratch/users/snarayanasamy/IMP_MS_data/IMP_analysis/simDat-iterative_MG//quast_4/report.txt, /scratch/users/snarayanasamy/IMP_MS_data/IMP_analysis/simDat-iterative_MG//quast_4/report.tsv, /scratch/users/snarayanasamy/IMP_MS_data/IMP_analysis/simDat-iterative_MG//quast_4/report.tex
5 of 5 steps (100%) done
Provided cores: 1
Job counts:
	count	jobs
	1	EXTRACT_UNMAPPED
	1	QUAST
	1	ASSEMBLY
	1	ALL
	1	MERGE_ASSEMBLIES
	5
rule EXTRACT_UNMAPPED:
	input: /scratch/users/snarayanasamy/IMP_MS_data/IMP_analysis/simDat-iterative_MG//MG_contigs_merged_4.fa, /scratch/users/snarayanasamy/IMP_MS_data/IMP_analysis/simulated_data_output_20151002-idba/Preprocessing/MG.R1.preprocessed.fq, /scratch/users/snarayanasamy/IMP_MS_data/IMP_analysis/simulated_data_output_20151002-idba/Preprocessing/MG.R2.preprocessed.fq, /scratch/users/snarayanasamy/IMP_MS_data/IMP_analysis/simulated_data_output_20151002-idba/Preprocessing/MG.SE.preprocessed.fq
	output: /scratch/users/snarayanasamy/IMP_MS_data/IMP_analysis/simDat-iterative_MG//MG.R1.unmapped_4.fq, /scratch/users/snarayanasamy/IMP_MS_data/IMP_analysis/simDat-iterative_MG//MG.R2.unmapped_4.fq, /scratch/users/snarayanasamy/IMP_MS_data/IMP_analysis/simDat-iterative_MG//MG.SE.unmapped_4.fq
	log: /scratch/users/snarayanasamy/IMP_MS_data/IMP_analysis/simDat-iterative_MG/simDat_iterative_MG.log
	benchmark: /scratch/users/snarayanasamy/IMP_MS_data/IMP_analysis/simDat-iterative_MG//benchmarks/EXTRACT_UNMAPPED_4.json
[bwa_index] Pack FASTA... 1.82 sec
[bwa_index] Construct BWT for the packed sequence...
[BWTIncCreate] textLength=367092900, availableWord=37829660
[BWTIncConstructFromPacked] 10 iterations done. 62402164 characters processed.
[BWTIncConstructFromPacked] 20 iterations done. 115284004 characters processed.
[BWTIncConstructFromPacked] 30 iterations done. 162281492 characters processed.
[BWTIncConstructFromPacked] 40 iterations done. 204048932 characters processed.
[BWTIncConstructFromPacked] 50 iterations done. 241167924 characters processed.
[BWTIncConstructFromPacked] 60 iterations done. 274155380 characters processed.
[BWTIncConstructFromPacked] 70 iterations done. 303470660 characters processed.
[BWTIncConstructFromPacked] 80 iterations done. 329522132 characters processed.
[BWTIncConstructFromPacked] 90 iterations done. 352672708 characters processed.
[bwa_index] 120.49 seconds elapse.
[bwa_index] Update BWT... 1.39 sec
[bwa_index] Pack forward-only FASTA... 1.27 sec
[bwa_index] Construct SA from BWT and Occ... 55.61 sec
[main] Version: 0.7.9a-r786
[main] CMD: bwa index /scratch/users/snarayanasamy/IMP_MS_data/IMP_analysis/simDat-iterative_MG//MG_contigs_merged_4.fa
[main] Real time: 180.994 sec; CPU: 180.587 sec
[M::mem_pestat] analyzing insert size distribution for orientation FF...
[M::mem_pestat] (25, 50, 75) percentile: (175, 292, 377)
[M::mem_pestat] low and high boundaries for computing mean and std.dev: (1, 781)
[M::mem_pestat] mean and std.dev: (275.80, 132.22)
[M::mem_pestat] low and high boundaries for proper pairs: (1, 983)
[M::mem_pestat] analyzing insert size distribution for orientation FR...
[M::mem_pestat] (25, 50, 75) percentile: (440, 440, 440)
[M::mem_pestat] low and high boundaries for computing mean and std.dev: (440, 440)
[M::mem_pestat] mean and std.dev: (440.00, 0.00)
[M::mem_pestat] low and high boundaries for proper pairs: (440, 440)
[M::mem_pestat] analyzing insert size distribution for orientation RF...
[M::mem_pestat] (25, 50, 75) percentile: (82, 145, 334)
[M::mem_pestat] low and high boundaries for computing mean and std.dev: (1, 838)
[M::mem_pestat] mean and std.dev: (212.44, 196.71)
[M::mem_pestat] low and high boundaries for proper pairs: (1, 1090)
[M::mem_pestat] analyzing insert size distribution for orientation RR...
[M::mem_pestat] (25, 50, 75) percentile: (213, 334, 415)
[M::mem_pestat] low and high boundaries for computing mean and std.dev: (1, 819)
[M::mem_pestat] mean and std.dev: (311.50, 145.23)
[M::mem_pestat] low and high boundaries for proper pairs: (1, 1021)
[M::mem_pestat] skip orientation FF
[M::mem_pestat] skip orientation RF
[M::mem_pestat] skip orientation RR
[samopen] SAM header is present: 75196 sequences.
[M::mem_pestat] analyzing insert size distribution for orientation FF...
[M::mem_pestat] (25, 50, 75) percentile: (204, 300, 388)
[M::mem_pestat] low and high boundaries for computing mean and std.dev: (1, 756)
[M::mem_pestat] mean and std.dev: (285.37, 131.34)
[M::mem_pestat] low and high boundaries for proper pairs: (1, 940)
[M::mem_pestat] analyzing insert size distribution for orientation FR...
[M::mem_pestat] (25, 50, 75) percentile: (440, 440, 440)
[M::mem_pestat] low and high boundaries for computing mean and std.dev: (440, 440)
[M::mem_pestat] mean and std.dev: (440.00, 0.00)
[M::mem_pestat] low and high boundaries for proper pairs: (440, 440)
[M::mem_pestat] analyzing insert size distribution for orientation RF...
[M::mem_pestat] (25, 50, 75) percentile: (99, 253, 1232)
[M::mem_pestat] low and high boundaries for computing mean and std.dev: (1, 3498)
[M::mem_pestat] mean and std.dev: (606.84, 799.78)
[M::mem_pestat] low and high boundaries for proper pairs: (1, 4631)
[M::mem_pestat] analyzing insert size distribution for orientation RR...
[M::mem_pestat] (25, 50, 75) percentile: (192, 347, 484)
[M::mem_pestat] low and high boundaries for computing mean and std.dev: (1, 1068)
[M::mem_pestat] mean and std.dev: (325.38, 203.79)
[M::mem_pestat] low and high boundaries for proper pairs: (1, 1360)
[M::mem_pestat] skip orientation FF
[M::mem_pestat] skip orientation RF
[M::mem_pestat] skip orientation RR
[M::mem_pestat] analyzing insert size distribution for orientation FF...
[M::mem_pestat] (25, 50, 75) percentile: (274, 372, 1741)
[M::mem_pestat] low and high boundaries for computing mean and std.dev: (1, 4675)
[M::mem_pestat] mean and std.dev: (654.07, 618.54)
[M::mem_pestat] low and high boundaries for proper pairs: (1, 6142)
[M::mem_pestat] analyzing insert size distribution for orientation FR...
[M::mem_pestat] (25, 50, 75) percentile: (440, 440, 440)
[M::mem_pestat] low and high boundaries for computing mean and std.dev: (440, 440)
[M::mem_pestat] mean and std.dev: (440.00, 0.00)
[M::mem_pestat] low and high boundaries for proper pairs: (440, 440)
[M::mem_pestat] analyzing insert size distribution for orientation RF...
[M::mem_pestat] (25, 50, 75) percentile: (33, 61, 100)
[M::mem_pestat] low and high boundaries for computing mean and std.dev: (1, 234)
[M::mem_pestat] mean and std.dev: (54.28, 38.60)
[M::mem_pestat] low and high boundaries for proper pairs: (1, 301)
[M::mem_pestat] analyzing insert size distribution for orientation RR...
[M::mem_pestat] (25, 50, 75) percentile: (293, 449, 1854)
[M::mem_pestat] low and high boundaries for computing mean and std.dev: (1, 4976)
[M::mem_pestat] mean and std.dev: (732.74, 686.04)
[M::mem_pestat] low and high boundaries for proper pairs: (1, 6537)
[M::mem_pestat] skip orientation FF
[M::mem_pestat] skip orientation RF
[M::mem_pestat] skip orientation RR
[M::mem_pestat] analyzing insert size distribution for orientation FF...
[M::mem_pestat] (25, 50, 75) percentile: (170, 296, 379)
[M::mem_pestat] low and high boundaries for computing mean and std.dev: (1, 797)
[M::mem_pestat] mean and std.dev: (252.78, 132.13)
[M::mem_pestat] low and high boundaries for proper pairs: (1, 1006)
[M::mem_pestat] analyzing insert size distribution for orientation FR...
[M::mem_pestat] (25, 50, 75) percentile: (440, 440, 440)
[M::mem_pestat] low and high boundaries for computing mean and std.dev: (440, 440)
[M::mem_pestat] mean and std.dev: (440.00, 0.00)
[M::mem_pestat] low and high boundaries for proper pairs: (440, 440)
[M::mem_pestat] analyzing insert size distribution for orientation RF...
[M::mem_pestat] (25, 50, 75) percentile: (97, 127, 287)
[M::mem_pestat] low and high boundaries for computing mean and std.dev: (1, 667)
[M::mem_pestat] mean and std.dev: (160.48, 113.63)
[M::mem_pestat] low and high boundaries for proper pairs: (1, 857)
[M::mem_pestat] analyzing insert size distribution for orientation RR...
[M::mem_pestat] (25, 50, 75) percentile: (118, 285, 434)
[M::mem_pestat] low and high boundaries for computing mean and std.dev: (1, 1066)
[M::mem_pestat] mean and std.dev: (289.45, 229.64)
[M::mem_pestat] low and high boundaries for proper pairs: (1, 1382)
[M::mem_pestat] skip orientation FF
[M::mem_pestat] skip orientation RF
[M::mem_pestat] skip orientation RR
[M::mem_pestat] analyzing insert size distribution for orientation FF...
[M::mem_pestat] (25, 50, 75) percentile: (197, 335, 394)
[M::mem_pestat] low and high boundaries for computing mean and std.dev: (1, 788)
[M::mem_pestat] mean and std.dev: (308.00, 145.45)
[M::mem_pestat] low and high boundaries for proper pairs: (1, 985)
[M::mem_pestat] analyzing insert size distribution for orientation FR...
[M::mem_pestat] (25, 50, 75) percentile: (440, 440, 440)
[M::mem_pestat] low and high boundaries for computing mean and std.dev: (440, 440)
[M::mem_pestat] mean and std.dev: (440.00, 0.00)
[M::mem_pestat] low and high boundaries for proper pairs: (440, 440)
[M::mem_pestat] analyzing insert size distribution for orientation RF...
[M::mem_pestat] (25, 50, 75) percentile: (39, 142, 1296)
[M::mem_pestat] low and high boundaries for computing mean and std.dev: (1, 3810)
[M::mem_pestat] mean and std.dev: (642.87, 873.79)
[M::mem_pestat] low and high boundaries for proper pairs: (1, 5067)
[M::mem_pestat] analyzing insert size distribution for orientation RR...
[M::mem_pestat] (25, 50, 75) percentile: (233, 352, 440)
[M::mem_pestat] low and high boundaries for computing mean and std.dev: (1, 854)
[M::mem_pestat] mean and std.dev: (332.64, 171.31)
[M::mem_pestat] low and high boundaries for proper pairs: (1, 1061)
[M::mem_pestat] skip orientation FF
[M::mem_pestat] skip orientation RF
[M::mem_pestat] skip orientation RR
[M::mem_pestat] analyzing insert size distribution for orientation FF...
[M::mem_pestat] (25, 50, 75) percentile: (190, 283, 490)
[M::mem_pestat] low and high boundaries for computing mean and std.dev: (1, 1090)
[M::mem_pestat] mean and std.dev: (328.21, 234.02)
[M::mem_pestat] low and high boundaries for proper pairs: (1, 1390)
[M::mem_pestat] analyzing insert size distribution for orientation FR...
[M::mem_pestat] (25, 50, 75) percentile: (440, 440, 440)
[M::mem_pestat] low and high boundaries for computing mean and std.dev: (440, 440)
[M::mem_pestat] mean and std.dev: (440.00, 0.00)
[M::mem_pestat] low and high boundaries for proper pairs: (440, 440)
[M::mem_pestat] analyzing insert size distribution for orientation RF...
[M::mem_pestat] (25, 50, 75) percentile: (90, 223, 1271)
[M::mem_pestat] low and high boundaries for computing mean and std.dev: (1, 3633)
[M::mem_pestat] mean and std.dev: (650.41, 747.87)
[M::mem_pestat] low and high boundaries for proper pairs: (1, 4814)
[M::mem_pestat] analyzing insert size distribution for orientation RR...
[M::mem_pestat] (25, 50, 75) percentile: (169, 317, 910)
[M::mem_pestat] low and high boundaries for computing mean and std.dev: (1, 2392)
[M::mem_pestat] mean and std.dev: (452.80, 455.10)
[M::mem_pestat] low and high boundaries for proper pairs: (1, 3133)
[M::mem_pestat] skip orientation FF
[M::mem_pestat] skip orientation RF
[M::mem_pestat] skip orientation RR
[M::mem_pestat] analyzing insert size distribution for orientation FF...
[M::mem_pestat] (25, 50, 75) percentile: (175, 369, 1041)
[M::mem_pestat] low and high boundaries for computing mean and std.dev: (1, 2773)
[M::mem_pestat] mean and std.dev: (574.09, 641.25)
[M::mem_pestat] low and high boundaries for proper pairs: (1, 3639)
[M::mem_pestat] analyzing insert size distribution for orientation FR...
[M::mem_pestat] (25, 50, 75) percentile: (440, 440, 440)
[M::mem_pestat] low and high boundaries for computing mean and std.dev: (440, 440)
[M::mem_pestat] mean and std.dev: (440.00, 0.00)
[M::mem_pestat] low and high boundaries for proper pairs: (440, 440)
[M::mem_pestat] analyzing insert size distribution for orientation RF...
[M::mem_pestat] (25, 50, 75) percentile: (72, 144, 356)
[M::mem_pestat] low and high boundaries for computing mean and std.dev: (1, 924)
[M::mem_pestat] mean and std.dev: (176.42, 182.58)
[M::mem_pestat] low and high boundaries for proper pairs: (1, 1208)
[M::mem_pestat] analyzing insert size distribution for orientation RR...
[M::mem_pestat] (25, 50, 75) percentile: (206, 294, 1465)
[M::mem_pestat] low and high boundaries for computing mean and std.dev: (1, 3983)
[M::mem_pestat] mean and std.dev: (879.78, 979.01)
[M::mem_pestat] low and high boundaries for proper pairs: (1, 5242)
[M::mem_pestat] skip orientation FF
[M::mem_pestat] skip orientation RF
[M::mem_pestat] skip orientation RR
[M::mem_pestat] skip orientation FF as there are not enough pairs
[M::mem_pestat] analyzing insert size distribution for orientation FR...
[M::mem_pestat] (25, 50, 75) percentile: (440, 440, 440)
[M::mem_pestat] low and high boundaries for computing mean and std.dev: (440, 440)
[M::mem_pestat] mean and std.dev: (440.00, 0.00)
[M::mem_pestat] low and high boundaries for proper pairs: (440, 440)
[M::mem_pestat] analyzing insert size distribution for orientation RF...
[M::mem_pestat] (25, 50, 75) percentile: (316, 373, 588)
[M::mem_pestat] low and high boundaries for computing mean and std.dev: (1, 1132)
[M::mem_pestat] mean and std.dev: (398.23, 191.60)
[M::mem_pestat] low and high boundaries for proper pairs: (1, 1404)
[M::mem_pestat] skip orientation RR as there are not enough pairs
[M::mem_pestat] skip orientation RF
[M::mem_pestat] skip orientation FF as there are not enough pairs
[M::mem_pestat] analyzing insert size distribution for orientation FR...
[M::mem_pestat] (25, 50, 75) percentile: (440, 440, 440)
[M::mem_pestat] low and high boundaries for computing mean and std.dev: (440, 440)
[M::mem_pestat] mean and std.dev: (440.00, 0.00)
[M::mem_pestat] low and high boundaries for proper pairs: (440, 440)
[M::mem_pestat] analyzing insert size distribution for orientation RF...
[M::mem_pestat] (25, 50, 75) percentile: (373, 588, 588)
[M::mem_pestat] low and high boundaries for computing mean and std.dev: (1, 1018)
[M::mem_pestat] mean and std.dev: (488.62, 113.89)
[M::mem_pestat] low and high boundaries for proper pairs: (1, 1233)
[M::mem_pestat] skip orientation RR as there are not enough pairs
[M::mem_pestat] skip orientation RF
[M::mem_pestat] skip orientation FF as there are not enough pairs
[M::mem_pestat] analyzing insert size distribution for orientation FR...
[M::mem_pestat] (25, 50, 75) percentile: (440, 440, 440)
[M::mem_pestat] low and high boundaries for computing mean and std.dev: (440, 440)
[M::mem_pestat] mean and std.dev: (440.00, 0.00)
[M::mem_pestat] low and high boundaries for proper pairs: (440, 440)
[M::mem_pestat] analyzing insert size distribution for orientation RF...
[M::mem_pestat] (25, 50, 75) percentile: (322, 4264, 4264)
[M::mem_pestat] low and high boundaries for computing mean and std.dev: (1, 12148)
[M::mem_pestat] mean and std.dev: (2386.86, 1968.76)
[M::mem_pestat] low and high boundaries for proper pairs: (1, 16090)
[M::mem_pestat] skip orientation RR as there are not enough pairs
[M::mem_pestat] skip orientation RF
[main] Version: 0.7.9a-r786
[main] CMD: bwa mem -v 1 -t 24 /scratch/users/snarayanasamy/IMP_MS_data/IMP_analysis/simDat-iterative_MG//MG_contigs_merged_4.fa /scratch/users/snarayanasamy/IMP_MS_data/IMP_analysis/simulated_data_output_20151002-idba/Preprocessing/MG.R1.preprocessed.fq /scratch/users/snarayanasamy/IMP_MS_data/IMP_analysis/simulated_data_output_20151002-idba/Preprocessing/MG.R2.preprocessed.fq
[main] Real time: 185.816 sec; CPU: 2071.841 sec
[bam_header_read] EOF marker is absent. The input is probably truncated.
[bam_header_read] EOF marker is absent. The input is probably truncated.
[bam_header_read] EOF marker is absent. The input is probably truncated.
[bam_header_read] EOF marker is absent. The input is probably truncated.
[bam_header_read] EOF marker is absent. The input is probably truncated.
[bam_header_read] EOF marker is absent. The input is probably truncated.
[samopen] SAM header is present: 75196 sequences.
[main] Version: 0.7.9a-r786
[main] CMD: bwa mem -v 1 -t 24 /scratch/users/snarayanasamy/IMP_MS_data/IMP_analysis/simDat-iterative_MG//MG_contigs_merged_4.fa /scratch/users/snarayanasamy/IMP_MS_data/IMP_analysis/simulated_data_output_20151002-idba/Preprocessing/MG.SE.preprocessed.fq
[main] Real time: 1.463 sec; CPU: 15.381 sec
1 of 5 steps (20%) done
rule ASSEMBLY:
	input: /scratch/users/snarayanasamy/IMP_MS_data/IMP_analysis/simDat-iterative_MG//MG.R1.unmapped_4.fq, /scratch/users/snarayanasamy/IMP_MS_data/IMP_analysis/simDat-iterative_MG//MG.R2.unmapped_4.fq, /scratch/users/snarayanasamy/IMP_MS_data/IMP_analysis/simDat-iterative_MG//MG.SE.unmapped_4.fq
	output: /scratch/users/snarayanasamy/IMP_MS_data/IMP_analysis/simDat-iterative_MG//MG_contigs_5.fa
	log: /scratch/users/snarayanasamy/IMP_MS_data/IMP_analysis/simDat-iterative_MG/simDat_iterative_MG.log
	benchmark: /scratch/users/snarayanasamy/IMP_MS_data/IMP_analysis/simDat-iterative_MG//benchmarks/ASSEMBLY_5.json
/bin/bash: line 6: 33030 Segmentation fault      idba_ud -r $TMPD/merged.fa -l /scratch/users/snarayanasamy/IMP_MS_data/IMP_analysis/simDat-iterative_MG//MG.SE.unmapped_4.fq -o /scratch/users/snarayanasamy/IMP_MS_data/IMP_analysis/simDat-iterative_MG//assembly_5 --mink 25 --maxk 99 --step 4 --num_threads 24 --similar 0.98 --pre_correction >> /scratch/users/snarayanasamy/IMP_MS_data/IMP_analysis/simDat-iterative_MG/simDat_iterative_MG.log 2>&1
2 of 5 steps (40%) done
rule MERGE_ASSEMBLIES:
	input: /scratch/users/snarayanasamy/IMP_MS_data/IMP_analysis/simDat-iterative_MG//MG_contigs_merged_4.fa, /scratch/users/snarayanasamy/IMP_MS_data/IMP_analysis/simDat-iterative_MG//MG_contigs_5.fa
	output: /scratch/users/snarayanasamy/IMP_MS_data/IMP_analysis/simDat-iterative_MG//MG_contigs_cat_5.fa, /scratch/users/snarayanasamy/IMP_MS_data/IMP_analysis/simDat-iterative_MG//MG_contigs_merged_5.fa
	log: /scratch/users/snarayanasamy/IMP_MS_data/IMP_analysis/simDat-iterative_MG/simDat_iterative_MG.log
	benchmark: /scratch/users/snarayanasamy/IMP_MS_data/IMP_analysis/simDat-iterative_MG//benchmarks/MERGE_ASSEMBLIES_5.json
/bin/bash: line 6: 33203 Segmentation fault      cap3 /scratch/users/snarayanasamy/IMP_MS_data/IMP_analysis/simDat-iterative_MG//MG_contigs_cat_5.fa -p 98 -o 100 >> /scratch/users/snarayanasamy/IMP_MS_data/IMP_analysis/simDat-iterative_MG/simDat_iterative_MG.log 2>&1
cat: /scratch/users/snarayanasamy/IMP_MS_data/IMP_analysis/simDat-iterative_MG//MG_contigs_cat_5.fa.cap.contigs: No such file or directory
cat: /scratch/users/snarayanasamy/IMP_MS_data/IMP_analysis/simDat-iterative_MG//MG_contigs_cat_5.fa.cap.singlets: No such file or directory
3 of 5 steps (60%) done
rule QUAST:
	input: /scratch/users/snarayanasamy/IMP_MS_data/IMP_analysis/simDat-iterative_MG//MG_contigs_cat_5.fa, /scratch/users/snarayanasamy/IMP_MS_data/IMP_analysis/simDat-iterative_MG//MG_contigs_merged_5.fa
	output: /scratch/users/snarayanasamy/IMP_MS_data/IMP_analysis/simDat-iterative_MG//quast_5/report.txt, /scratch/users/snarayanasamy/IMP_MS_data/IMP_analysis/simDat-iterative_MG//quast_5/report.tsv, /scratch/users/snarayanasamy/IMP_MS_data/IMP_analysis/simDat-iterative_MG//quast_5/report.tex
	log: /scratch/users/snarayanasamy/IMP_MS_data/IMP_analysis/simDat-iterative_MG/simDat_iterative_MG.log
	benchmark: /scratch/users/snarayanasamy/IMP_MS_data/IMP_analysis/simDat-iterative_MG//benchmarks/QUAST_5.json
Waiting at most 5 seconds for missing files.
Error in job QUAST while creating output files /scratch/users/snarayanasamy/IMP_MS_data/IMP_analysis/simDat-iterative_MG//quast_5/report.txt, /scratch/users/snarayanasamy/IMP_MS_data/IMP_analysis/simDat-iterative_MG//quast_5/report.tsv, /scratch/users/snarayanasamy/IMP_MS_data/IMP_analysis/simDat-iterative_MG//quast_5/report.tex.
MissingOutputException in line 211 of /mnt/gaiagpfs/users/homedirs/snarayanasamy/repositories/iterative_assembly/MG_assembly/Snakefile:
Missing files after 5 seconds:
/scratch/users/snarayanasamy/IMP_MS_data/IMP_analysis/simDat-iterative_MG//quast_5/report.txt
/scratch/users/snarayanasamy/IMP_MS_data/IMP_analysis/simDat-iterative_MG//quast_5/report.tsv
/scratch/users/snarayanasamy/IMP_MS_data/IMP_analysis/simDat-iterative_MG//quast_5/report.tex
Will exit after finishing currently running jobs.
Exiting because a job execution failed. Look above for error message
Provided cores: 1
Job counts:
	count	jobs
	1	ALL
	1	QUAST
	1	ASSEMBLY
	1	EXTRACT_UNMAPPED
	1	MERGE_ASSEMBLIES
	5
rule EXTRACT_UNMAPPED:
	input: /scratch/users/snarayanasamy/IMP_MS_data/IMP_analysis/simDat-iterative_MG//MG_contigs_merged_5.fa, /scratch/users/snarayanasamy/IMP_MS_data/IMP_analysis/simulated_data_output_20151002-idba/Preprocessing/MG.R1.preprocessed.fq, /scratch/users/snarayanasamy/IMP_MS_data/IMP_analysis/simulated_data_output_20151002-idba/Preprocessing/MG.R2.preprocessed.fq, /scratch/users/snarayanasamy/IMP_MS_data/IMP_analysis/simulated_data_output_20151002-idba/Preprocessing/MG.SE.preprocessed.fq
	output: /scratch/users/snarayanasamy/IMP_MS_data/IMP_analysis/simDat-iterative_MG//MG.R1.unmapped_5.fq, /scratch/users/snarayanasamy/IMP_MS_data/IMP_analysis/simDat-iterative_MG//MG.R2.unmapped_5.fq, /scratch/users/snarayanasamy/IMP_MS_data/IMP_analysis/simDat-iterative_MG//MG.SE.unmapped_5.fq
	log: /scratch/users/snarayanasamy/IMP_MS_data/IMP_analysis/simDat-iterative_MG/simDat_iterative_MG.log
	benchmark: /scratch/users/snarayanasamy/IMP_MS_data/IMP_analysis/simDat-iterative_MG//benchmarks/EXTRACT_UNMAPPED_5.json
[bwa_index] Pack FASTA... [bns_fasta2bntseq] Failed to allocate 0 bytes at bntseq.c line 270: Success
[E::bwa_idx_load] fail to locate the index files
[samopen] no @SQ lines in the header.
[sam_read1] missing header? Abort!
[bam_header_read] EOF marker is absent. The input is probably truncated.
[bam_header_read] EOF marker is absent. The input is probably truncated.
[bam_header_read] EOF marker is absent. The input is probably truncated.
[bam_header_read] EOF marker is absent. The input is probably truncated.
[bam_header_read] EOF marker is absent. The input is probably truncated.
[bam_header_read] EOF marker is absent. The input is probably truncated.
[bam_header_read] EOF marker is absent. The input is probably truncated.
[bam_header_read] EOF marker is absent. The input is probably truncated.
[bam_header_read] EOF marker is absent. The input is probably truncated.
[E::bwa_idx_load] fail to locate the index files
[samopen] no @SQ lines in the header.
[sam_read1] missing header? Abort!
1 of 5 steps (20%) done
rule ASSEMBLY:
	input: /scratch/users/snarayanasamy/IMP_MS_data/IMP_analysis/simDat-iterative_MG//MG.R1.unmapped_5.fq, /scratch/users/snarayanasamy/IMP_MS_data/IMP_analysis/simDat-iterative_MG//MG.R2.unmapped_5.fq, /scratch/users/snarayanasamy/IMP_MS_data/IMP_analysis/simDat-iterative_MG//MG.SE.unmapped_5.fq
	output: /scratch/users/snarayanasamy/IMP_MS_data/IMP_analysis/simDat-iterative_MG//MG_contigs_6.fa
	log: /scratch/users/snarayanasamy/IMP_MS_data/IMP_analysis/simDat-iterative_MG/simDat_iterative_MG.log
	benchmark: /scratch/users/snarayanasamy/IMP_MS_data/IMP_analysis/simDat-iterative_MG//benchmarks/ASSEMBLY_6.json
/bin/bash: line 6: 33450 Segmentation fault      idba_ud -r $TMPD/merged.fa -l /scratch/users/snarayanasamy/IMP_MS_data/IMP_analysis/simDat-iterative_MG//MG.SE.unmapped_5.fq -o /scratch/users/snarayanasamy/IMP_MS_data/IMP_analysis/simDat-iterative_MG//assembly_6 --mink 25 --maxk 99 --step 4 --num_threads 24 --similar 0.98 --pre_correction >> /scratch/users/snarayanasamy/IMP_MS_data/IMP_analysis/simDat-iterative_MG/simDat_iterative_MG.log 2>&1
2 of 5 steps (40%) done
rule MERGE_ASSEMBLIES:
	input: /scratch/users/snarayanasamy/IMP_MS_data/IMP_analysis/simDat-iterative_MG//MG_contigs_merged_5.fa, /scratch/users/snarayanasamy/IMP_MS_data/IMP_analysis/simDat-iterative_MG//MG_contigs_6.fa
	output: /scratch/users/snarayanasamy/IMP_MS_data/IMP_analysis/simDat-iterative_MG//MG_contigs_cat_6.fa, /scratch/users/snarayanasamy/IMP_MS_data/IMP_analysis/simDat-iterative_MG//MG_contigs_merged_6.fa
	log: /scratch/users/snarayanasamy/IMP_MS_data/IMP_analysis/simDat-iterative_MG/simDat_iterative_MG.log
	benchmark: /scratch/users/snarayanasamy/IMP_MS_data/IMP_analysis/simDat-iterative_MG//benchmarks/MERGE_ASSEMBLIES_6.json
/bin/bash: line 6: 33481 Segmentation fault      cap3 /scratch/users/snarayanasamy/IMP_MS_data/IMP_analysis/simDat-iterative_MG//MG_contigs_cat_6.fa -p 98 -o 100 >> /scratch/users/snarayanasamy/IMP_MS_data/IMP_analysis/simDat-iterative_MG/simDat_iterative_MG.log 2>&1
cat: /scratch/users/snarayanasamy/IMP_MS_data/IMP_analysis/simDat-iterative_MG//MG_contigs_cat_6.fa.cap.contigs: No such file or directory
cat: /scratch/users/snarayanasamy/IMP_MS_data/IMP_analysis/simDat-iterative_MG//MG_contigs_cat_6.fa.cap.singlets: No such file or directory
3 of 5 steps (60%) done
rule QUAST:
	input: /scratch/users/snarayanasamy/IMP_MS_data/IMP_analysis/simDat-iterative_MG//MG_contigs_cat_6.fa, /scratch/users/snarayanasamy/IMP_MS_data/IMP_analysis/simDat-iterative_MG//MG_contigs_merged_6.fa
	output: /scratch/users/snarayanasamy/IMP_MS_data/IMP_analysis/simDat-iterative_MG//quast_6/report.txt, /scratch/users/snarayanasamy/IMP_MS_data/IMP_analysis/simDat-iterative_MG//quast_6/report.tsv, /scratch/users/snarayanasamy/IMP_MS_data/IMP_analysis/simDat-iterative_MG//quast_6/report.tex
	log: /scratch/users/snarayanasamy/IMP_MS_data/IMP_analysis/simDat-iterative_MG/simDat_iterative_MG.log
	benchmark: /scratch/users/snarayanasamy/IMP_MS_data/IMP_analysis/simDat-iterative_MG//benchmarks/QUAST_6.json
Waiting at most 5 seconds for missing files.
Error in job QUAST while creating output files /scratch/users/snarayanasamy/IMP_MS_data/IMP_analysis/simDat-iterative_MG//quast_6/report.txt, /scratch/users/snarayanasamy/IMP_MS_data/IMP_analysis/simDat-iterative_MG//quast_6/report.tsv, /scratch/users/snarayanasamy/IMP_MS_data/IMP_analysis/simDat-iterative_MG//quast_6/report.tex.
MissingOutputException in line 211 of /mnt/gaiagpfs/users/homedirs/snarayanasamy/repositories/iterative_assembly/MG_assembly/Snakefile:
Missing files after 5 seconds:
/scratch/users/snarayanasamy/IMP_MS_data/IMP_analysis/simDat-iterative_MG//quast_6/report.txt
/scratch/users/snarayanasamy/IMP_MS_data/IMP_analysis/simDat-iterative_MG//quast_6/report.tsv
/scratch/users/snarayanasamy/IMP_MS_data/IMP_analysis/simDat-iterative_MG//quast_6/report.tex
Will exit after finishing currently running jobs.
Exiting because a job execution failed. Look above for error message
File appears empty
Bad reader
xargs: getN50sizemax: exited with status 255; aborting
File appears empty
Bad reader
xargs: getN50sizemax: exited with status 255; aborting
cat: full_report.tsv: No such file or directory
