Provided cores: 1
Job counts:
	count	jobs
	1	ALL
	1	MERGE_ASSEMBLIES
	1	EXTRACT_UNMAPPED
	1	ASSEMBLY
	1	MERGE_INITIAL_ASSEMBLY
	1	QUAST
	1	INITIAL_ASSEMBLY
	1	QUAST_INITIAL_ASSEMBLY
	8
rule INITIAL_ASSEMBLY:
	input: /scratch/users/snarayanasamy/IMP_MS_data/IMP_analysis/X310763260_20151004-idba/Preprocessing/MG.R1.preprocessed.fq, /scratch/users/snarayanasamy/IMP_MS_data/IMP_analysis/X310763260_20151004-idba/Preprocessing/MG.R2.preprocessed.fq, /scratch/users/snarayanasamy/IMP_MS_data/IMP_analysis/X310763260_20151004-idba/Preprocessing/MG.SE.preprocessed.fq
	output: /scratch/users/snarayanasamy/IMP_MS_data/IMP_analysis/X310763260-iterative_MG/MG_contigs_1.fa
	log: /scratch/users/snarayanasamy/IMP_MS_data/IMP_analysis/X310763260-iterative_MG/X310763260_iterative_MG.log
	benchmark: /scratch/users/snarayanasamy/IMP_MS_data/IMP_analysis/X310763260-iterative_MG/benchmarks/INITIAL_ASSEMBLY.json
	priority: 50
1 of 8 steps (12%) done
rule MERGE_INITIAL_ASSEMBLY:
	input: /scratch/users/snarayanasamy/IMP_MS_data/IMP_analysis/X310763260-iterative_MG/MG_contigs_1.fa
	output: /scratch/users/snarayanasamy/IMP_MS_data/IMP_analysis/X310763260-iterative_MG/MG_contigs_cat_1.fa, /scratch/users/snarayanasamy/IMP_MS_data/IMP_analysis/X310763260-iterative_MG/MG_contigs_merged_1.fa
	log: /scratch/users/snarayanasamy/IMP_MS_data/IMP_analysis/X310763260-iterative_MG/X310763260_iterative_MG.log
	benchmark: /scratch/users/snarayanasamy/IMP_MS_data/IMP_analysis/X310763260-iterative_MG/benchmarks/MERGE_INITIAL_ASSEMBLY.json
2 of 8 steps (25%) done
rule EXTRACT_UNMAPPED:
	input: /scratch/users/snarayanasamy/IMP_MS_data/IMP_analysis/X310763260-iterative_MG/MG_contigs_merged_1.fa, /scratch/users/snarayanasamy/IMP_MS_data/IMP_analysis/X310763260_20151004-idba/Preprocessing/MG.R1.preprocessed.fq, /scratch/users/snarayanasamy/IMP_MS_data/IMP_analysis/X310763260_20151004-idba/Preprocessing/MG.R2.preprocessed.fq, /scratch/users/snarayanasamy/IMP_MS_data/IMP_analysis/X310763260_20151004-idba/Preprocessing/MG.SE.preprocessed.fq
	output: /scratch/users/snarayanasamy/IMP_MS_data/IMP_analysis/X310763260-iterative_MG/MG.R1.unmapped_1.fq, /scratch/users/snarayanasamy/IMP_MS_data/IMP_analysis/X310763260-iterative_MG/MG.R2.unmapped_1.fq, /scratch/users/snarayanasamy/IMP_MS_data/IMP_analysis/X310763260-iterative_MG/MG.SE.unmapped_1.fq
	log: /scratch/users/snarayanasamy/IMP_MS_data/IMP_analysis/X310763260-iterative_MG/X310763260_iterative_MG.log
	benchmark: /scratch/users/snarayanasamy/IMP_MS_data/IMP_analysis/X310763260-iterative_MG/benchmarks/EXTRACT_UNMAPPED_1.json
[bwa_index] Pack FASTA... 1.58 sec
[bwa_index] Construct BWT for the packed sequence...
[BWTIncCreate] textLength=291887062, availableWord=32538164
[BWTIncConstructFromPacked] 10 iterations done. 53673286 characters processed.
[BWTIncConstructFromPacked] 20 iterations done. 99157414 characters processed.
[BWTIncConstructFromPacked] 30 iterations done. 139579798 characters processed.
[BWTIncConstructFromPacked] 40 iterations done. 175503270 characters processed.
[BWTIncConstructFromPacked] 50 iterations done. 207428134 characters processed.
[BWTIncConstructFromPacked] 60 iterations done. 235798982 characters processed.
[BWTIncConstructFromPacked] 70 iterations done. 261011046 characters processed.
[BWTIncConstructFromPacked] 80 iterations done. 283415558 characters processed.
[bwa_index] 89.59 seconds elapse.
[bwa_index] Update BWT... 1.12 sec
[bwa_index] Pack forward-only FASTA... 1.21 sec
[bwa_index] Construct SA from BWT and Occ... 42.38 sec
[main] Version: 0.7.9a-r786
[main] CMD: bwa index /scratch/users/snarayanasamy/IMP_MS_data/IMP_analysis/X310763260-iterative_MG/MG_contigs_merged_1.fa
[main] Real time: 136.341 sec; CPU: 135.892 sec
[M::mem_pestat] analyzing insert size distribution for orientation FF...
[M::mem_pestat] (25, 50, 75) percentile: (68, 87, 125)
[M::mem_pestat] low and high boundaries for computing mean and std.dev: (1, 239)
[M::mem_pestat] mean and std.dev: (90.47, 38.93)
[M::mem_pestat] low and high boundaries for proper pairs: (1, 296)
[M::mem_pestat] analyzing insert size distribution for orientation FR...
[M::mem_pestat] (25, 50, 75) percentile: (177, 192, 201)
[M::mem_pestat] low and high boundaries for computing mean and std.dev: (129, 249)
[M::mem_pestat] mean and std.dev: (189.31, 20.16)
[M::mem_pestat] low and high boundaries for proper pairs: (105, 273)
[M::mem_pestat] analyzing insert size distribution for orientation RF...
[M::mem_pestat] (25, 50, 75) percentile: (38, 83, 1660)
[M::mem_pestat] low and high boundaries for computing mean and std.dev: (1, 4904)
[M::mem_pestat] mean and std.dev: (677.38, 1069.90)
[M::mem_pestat] low and high boundaries for proper pairs: (1, 6526)
[M::mem_pestat] analyzing insert size distribution for orientation RR...
[M::mem_pestat] (25, 50, 75) percentile: (90, 139, 256)
[M::mem_pestat] low and high boundaries for computing mean and std.dev: (1, 588)
[M::mem_pestat] mean and std.dev: (136.78, 87.90)
[M::mem_pestat] low and high boundaries for proper pairs: (1, 754)
[M::mem_pestat] skip orientation FF
[M::mem_pestat] skip orientation RF
[M::mem_pestat] skip orientation RR
[samopen] SAM header is present: 118552 sequences.
[M::mem_pestat] analyzing insert size distribution for orientation FF...
[M::mem_pestat] (25, 50, 75) percentile: (77, 98, 129)
[M::mem_pestat] low and high boundaries for computing mean and std.dev: (1, 233)
[M::mem_pestat] mean and std.dev: (97.27, 34.95)
[M::mem_pestat] low and high boundaries for proper pairs: (1, 285)
[M::mem_pestat] analyzing insert size distribution for orientation FR...
[M::mem_pestat] (25, 50, 75) percentile: (177, 191, 201)
[M::mem_pestat] low and high boundaries for computing mean and std.dev: (129, 249)
[M::mem_pestat] mean and std.dev: (189.08, 20.09)
[M::mem_pestat] low and high boundaries for proper pairs: (105, 273)
[M::mem_pestat] analyzing insert size distribution for orientation RF...
[M::mem_pestat] (25, 50, 75) percentile: (4758, 4774, 4783)
[M::mem_pestat] low and high boundaries for computing mean and std.dev: (4708, 4833)
[M::mem_pestat] mean and std.dev: (4775.10, 16.68)
[M::mem_pestat] low and high boundaries for proper pairs: (4683, 4858)
[M::mem_pestat] analyzing insert size distribution for orientation RR...
[M::mem_pestat] (25, 50, 75) percentile: (106, 121, 667)
[M::mem_pestat] low and high boundaries for computing mean and std.dev: (1, 1789)
[M::mem_pestat] mean and std.dev: (259.00, 295.56)
[M::mem_pestat] low and high boundaries for proper pairs: (1, 2350)
[M::mem_pestat] skip orientation FF
[M::mem_pestat] skip orientation RF
[M::mem_pestat] skip orientation RR
[M::mem_pestat] analyzing insert size distribution for orientation FF...
[M::mem_pestat] (25, 50, 75) percentile: (82, 111, 247)
[M::mem_pestat] low and high boundaries for computing mean and std.dev: (1, 577)
[M::mem_pestat] mean and std.dev: (116.55, 75.87)
[M::mem_pestat] low and high boundaries for proper pairs: (1, 742)
[M::mem_pestat] analyzing insert size distribution for orientation FR...
[M::mem_pestat] (25, 50, 75) percentile: (179, 192, 201)
[M::mem_pestat] low and high boundaries for computing mean and std.dev: (135, 245)
[M::mem_pestat] mean and std.dev: (190.14, 18.07)
[M::mem_pestat] low and high boundaries for proper pairs: (113, 267)
[M::mem_pestat] analyzing insert size distribution for orientation RF...
[M::mem_pestat] (25, 50, 75) percentile: (96, 229, 404)
[M::mem_pestat] low and high boundaries for computing mean and std.dev: (1, 1020)
[M::mem_pestat] mean and std.dev: (208.55, 157.83)
[M::mem_pestat] low and high boundaries for proper pairs: (1, 1328)
[M::mem_pestat] analyzing insert size distribution for orientation RR...
[M::mem_pestat] (25, 50, 75) percentile: (164, 634, 836)
[M::mem_pestat] low and high boundaries for computing mean and std.dev: (1, 2180)
[M::mem_pestat] mean and std.dev: (616.10, 523.59)
[M::mem_pestat] low and high boundaries for proper pairs: (1, 2852)
[M::mem_pestat] skip orientation FF
[M::mem_pestat] skip orientation RF
[M::mem_pestat] skip orientation RR
[M::mem_pestat] analyzing insert size distribution for orientation FF...
[M::mem_pestat] (25, 50, 75) percentile: (76, 103, 199)
[M::mem_pestat] low and high boundaries for computing mean and std.dev: (1, 445)
[M::mem_pestat] mean and std.dev: (115.93, 70.76)
[M::mem_pestat] low and high boundaries for proper pairs: (1, 568)
[M::mem_pestat] analyzing insert size distribution for orientation FR...
[M::mem_pestat] (25, 50, 75) percentile: (177, 191, 201)
[M::mem_pestat] low and high boundaries for computing mean and std.dev: (129, 249)
[M::mem_pestat] mean and std.dev: (188.88, 19.78)
[M::mem_pestat] low and high boundaries for proper pairs: (105, 273)
[M::mem_pestat] analyzing insert size distribution for orientation RF...
[M::mem_pestat] (25, 50, 75) percentile: (127, 399, 3195)
[M::mem_pestat] low and high boundaries for computing mean and std.dev: (1, 9331)
[M::mem_pestat] mean and std.dev: (1492.29, 1944.76)
[M::mem_pestat] low and high boundaries for proper pairs: (1, 12399)
[M::mem_pestat] analyzing insert size distribution for orientation RR...
[M::mem_pestat] (25, 50, 75) percentile: (134, 245, 602)
[M::mem_pestat] low and high boundaries for computing mean and std.dev: (1, 1538)
[M::mem_pestat] mean and std.dev: (306.74, 290.22)
[M::mem_pestat] low and high boundaries for proper pairs: (1, 2006)
[M::mem_pestat] skip orientation FF
[M::mem_pestat] skip orientation RF
[M::mem_pestat] skip orientation RR
[M::mem_pestat] analyzing insert size distribution for orientation FF...
[M::mem_pestat] (25, 50, 75) percentile: (81, 106, 197)
[M::mem_pestat] low and high boundaries for computing mean and std.dev: (1, 429)
[M::mem_pestat] mean and std.dev: (106.82, 51.42)
[M::mem_pestat] low and high boundaries for proper pairs: (1, 545)
[M::mem_pestat] analyzing insert size distribution for orientation FR...
[M::mem_pestat] (25, 50, 75) percentile: (178, 191, 201)
[M::mem_pestat] low and high boundaries for computing mean and std.dev: (132, 247)
[M::mem_pestat] mean and std.dev: (189.34, 19.01)
[M::mem_pestat] low and high boundaries for proper pairs: (109, 270)
[M::mem_pestat] analyzing insert size distribution for orientation RF...
[M::mem_pestat] (25, 50, 75) percentile: (187, 855, 3636)
[M::mem_pestat] low and high boundaries for computing mean and std.dev: (1, 10534)
[M::mem_pestat] mean and std.dev: (1957.05, 2187.36)
[M::mem_pestat] low and high boundaries for proper pairs: (1, 13983)
[M::mem_pestat] analyzing insert size distribution for orientation RR...
[M::mem_pestat] (25, 50, 75) percentile: (133, 305, 1028)
[M::mem_pestat] low and high boundaries for computing mean and std.dev: (1, 2818)
[M::mem_pestat] mean and std.dev: (423.21, 428.07)
[M::mem_pestat] low and high boundaries for proper pairs: (1, 3713)
[M::mem_pestat] skip orientation FF
[M::mem_pestat] skip orientation RF
[M::mem_pestat] skip orientation RR
[M::mem_pestat] analyzing insert size distribution for orientation FF...
[M::mem_pestat] (25, 50, 75) percentile: (68, 99, 222)
[M::mem_pestat] low and high boundaries for computing mean and std.dev: (1, 530)
[M::mem_pestat] mean and std.dev: (105.73, 84.77)
[M::mem_pestat] low and high boundaries for proper pairs: (1, 684)
[M::mem_pestat] analyzing insert size distribution for orientation FR...
[M::mem_pestat] (25, 50, 75) percentile: (177, 191, 201)
[M::mem_pestat] low and high boundaries for computing mean and std.dev: (129, 249)
[M::mem_pestat] mean and std.dev: (188.85, 19.79)
[M::mem_pestat] low and high boundaries for proper pairs: (105, 273)
[M::mem_pestat] analyzing insert size distribution for orientation RF...
[M::mem_pestat] (25, 50, 75) percentile: (90, 839, 3416)
[M::mem_pestat] low and high boundaries for computing mean and std.dev: (1, 10068)
[M::mem_pestat] mean and std.dev: (1857.73, 2160.06)
[M::mem_pestat] low and high boundaries for proper pairs: (1, 13394)
[M::mem_pestat] analyzing insert size distribution for orientation RR...
[M::mem_pestat] (25, 50, 75) percentile: (110, 213, 1397)
[M::mem_pestat] low and high boundaries for computing mean and std.dev: (1, 3971)
[M::mem_pestat] mean and std.dev: (732.08, 983.37)
[M::mem_pestat] low and high boundaries for proper pairs: (1, 5258)
[M::mem_pestat] skip orientation FF
[M::mem_pestat] skip orientation RF
[M::mem_pestat] skip orientation RR
[M::mem_pestat] analyzing insert size distribution for orientation FF...
[M::mem_pestat] (25, 50, 75) percentile: (75, 105, 147)
[M::mem_pestat] low and high boundaries for computing mean and std.dev: (1, 291)
[M::mem_pestat] mean and std.dev: (98.40, 43.98)
[M::mem_pestat] low and high boundaries for proper pairs: (1, 363)
[M::mem_pestat] analyzing insert size distribution for orientation FR...
[M::mem_pestat] (25, 50, 75) percentile: (177, 191, 201)
[M::mem_pestat] low and high boundaries for computing mean and std.dev: (129, 249)
[M::mem_pestat] mean and std.dev: (188.74, 19.91)
[M::mem_pestat] low and high boundaries for proper pairs: (105, 273)
[M::mem_pestat] analyzing insert size distribution for orientation RF...
[M::mem_pestat] (25, 50, 75) percentile: (127, 850, 4067)
[M::mem_pestat] low and high boundaries for computing mean and std.dev: (1, 11947)
[M::mem_pestat] mean and std.dev: (2064.42, 2374.61)
[M::mem_pestat] low and high boundaries for proper pairs: (1, 15887)
[M::mem_pestat] analyzing insert size distribution for orientation RR...
[M::mem_pestat] (25, 50, 75) percentile: (91, 254, 2493)
[M::mem_pestat] low and high boundaries for computing mean and std.dev: (1, 7297)
[M::mem_pestat] mean and std.dev: (1181.94, 1656.65)
[M::mem_pestat] low and high boundaries for proper pairs: (1, 9699)
[M::mem_pestat] skip orientation FF
[M::mem_pestat] skip orientation RF
[M::mem_pestat] skip orientation RR
[M::mem_pestat] analyzing insert size distribution for orientation FF...
[M::mem_pestat] (25, 50, 75) percentile: (81, 112, 230)
[M::mem_pestat] low and high boundaries for computing mean and std.dev: (1, 528)
[M::mem_pestat] mean and std.dev: (112.46, 63.47)
[M::mem_pestat] low and high boundaries for proper pairs: (1, 677)
[M::mem_pestat] analyzing insert size distribution for orientation FR...
[M::mem_pestat] (25, 50, 75) percentile: (176, 190, 200)
[M::mem_pestat] low and high boundaries for computing mean and std.dev: (128, 248)
[M::mem_pestat] mean and std.dev: (188.20, 20.01)
[M::mem_pestat] low and high boundaries for proper pairs: (104, 272)
[M::mem_pestat] analyzing insert size distribution for orientation RF...
[M::mem_pestat] (25, 50, 75) percentile: (128, 742, 3624)
[M::mem_pestat] low and high boundaries for computing mean and std.dev: (1, 10616)
[M::mem_pestat] mean and std.dev: (1749.32, 2168.82)
[M::mem_pestat] low and high boundaries for proper pairs: (1, 14112)
[M::mem_pestat] analyzing insert size distribution for orientation RR...
[M::mem_pestat] (25, 50, 75) percentile: (113, 233, 607)
[M::mem_pestat] low and high boundaries for computing mean and std.dev: (1, 1595)
[M::mem_pestat] mean and std.dev: (339.47, 372.02)
[M::mem_pestat] low and high boundaries for proper pairs: (1, 2089)
[M::mem_pestat] skip orientation FF
[M::mem_pestat] skip orientation RF
[M::mem_pestat] skip orientation RR
[main] Version: 0.7.9a-r786
[main] CMD: bwa mem -v 1 -t 24 /scratch/users/snarayanasamy/IMP_MS_data/IMP_analysis/X310763260-iterative_MG/MG_contigs_merged_1.fa /scratch/users/snarayanasamy/IMP_MS_data/IMP_analysis/X310763260_20151004-idba/Preprocessing/MG.R1.preprocessed.fq /scratch/users/snarayanasamy/IMP_MS_data/IMP_analysis/X310763260_20151004-idba/Preprocessing/MG.R2.preprocessed.fq
[main] Real time: 192.463 sec; CPU: 2440.004 sec
[bam_header_read] EOF marker is absent. The input is probably truncated.
[bam_header_read] EOF marker is absent. The input is probably truncated.
[bam_header_read] EOF marker is absent. The input is probably truncated.
[bam_header_read] EOF marker is absent. The input is probably truncated.
[bam_header_read] EOF marker is absent. The input is probably truncated.
[bam_header_read] EOF marker is absent. The input is probably truncated.
[samopen] SAM header is present: 118552 sequences.
[main] Version: 0.7.9a-r786
[main] CMD: bwa mem -v 1 -t 24 /scratch/users/snarayanasamy/IMP_MS_data/IMP_analysis/X310763260-iterative_MG/MG_contigs_merged_1.fa /scratch/users/snarayanasamy/IMP_MS_data/IMP_analysis/X310763260_20151004-idba/Preprocessing/MG.SE.preprocessed.fq
[main] Real time: 29.252 sec; CPU: 324.336 sec
3 of 8 steps (38%) done
rule ASSEMBLY:
	input: /scratch/users/snarayanasamy/IMP_MS_data/IMP_analysis/X310763260-iterative_MG/MG.R1.unmapped_1.fq, /scratch/users/snarayanasamy/IMP_MS_data/IMP_analysis/X310763260-iterative_MG/MG.R2.unmapped_1.fq, /scratch/users/snarayanasamy/IMP_MS_data/IMP_analysis/X310763260-iterative_MG/MG.SE.unmapped_1.fq
	output: /scratch/users/snarayanasamy/IMP_MS_data/IMP_analysis/X310763260-iterative_MG/MG_contigs_2.fa
	log: /scratch/users/snarayanasamy/IMP_MS_data/IMP_analysis/X310763260-iterative_MG/X310763260_iterative_MG.log
	benchmark: /scratch/users/snarayanasamy/IMP_MS_data/IMP_analysis/X310763260-iterative_MG/benchmarks/ASSEMBLY_2.json
4 of 8 steps (50%) done
rule MERGE_ASSEMBLIES:
	input: /scratch/users/snarayanasamy/IMP_MS_data/IMP_analysis/X310763260-iterative_MG/MG_contigs_merged_1.fa, /scratch/users/snarayanasamy/IMP_MS_data/IMP_analysis/X310763260-iterative_MG/MG_contigs_2.fa
	output: /scratch/users/snarayanasamy/IMP_MS_data/IMP_analysis/X310763260-iterative_MG/MG_contigs_cat_2.fa, /scratch/users/snarayanasamy/IMP_MS_data/IMP_analysis/X310763260-iterative_MG/MG_contigs_merged_2.fa
	log: /scratch/users/snarayanasamy/IMP_MS_data/IMP_analysis/X310763260-iterative_MG/X310763260_iterative_MG.log
	benchmark: /scratch/users/snarayanasamy/IMP_MS_data/IMP_analysis/X310763260-iterative_MG/benchmarks/MERGE_ASSEMBLIES_2.json
5 of 8 steps (62%) done
rule QUAST:
	input: /scratch/users/snarayanasamy/IMP_MS_data/IMP_analysis/X310763260-iterative_MG/MG_contigs_cat_2.fa, /scratch/users/snarayanasamy/IMP_MS_data/IMP_analysis/X310763260-iterative_MG/MG_contigs_merged_2.fa
	output: /scratch/users/snarayanasamy/IMP_MS_data/IMP_analysis/X310763260-iterative_MG/quast_2/report.txt, /scratch/users/snarayanasamy/IMP_MS_data/IMP_analysis/X310763260-iterative_MG/quast_2/report.tsv, /scratch/users/snarayanasamy/IMP_MS_data/IMP_analysis/X310763260-iterative_MG/quast_2/report.tex
	log: /scratch/users/snarayanasamy/IMP_MS_data/IMP_analysis/X310763260-iterative_MG/X310763260_iterative_MG.log
	benchmark: /scratch/users/snarayanasamy/IMP_MS_data/IMP_analysis/X310763260-iterative_MG/benchmarks/QUAST_2.json
6 of 8 steps (75%) done
rule QUAST_INITIAL_ASSEMBLY:
	input: /scratch/users/snarayanasamy/IMP_MS_data/IMP_analysis/X310763260-iterative_MG/MG_contigs_cat_1.fa, /scratch/users/snarayanasamy/IMP_MS_data/IMP_analysis/X310763260-iterative_MG/MG_contigs_merged_1.fa
	output: /scratch/users/snarayanasamy/IMP_MS_data/IMP_analysis/X310763260-iterative_MG/quast_1/report.txt, /scratch/users/snarayanasamy/IMP_MS_data/IMP_analysis/X310763260-iterative_MG/quast_1/report.tsv, /scratch/users/snarayanasamy/IMP_MS_data/IMP_analysis/X310763260-iterative_MG/quast_1/report.tex
	log: /scratch/users/snarayanasamy/IMP_MS_data/IMP_analysis/X310763260-iterative_MG/X310763260_iterative_MG.log
	benchmark: /scratch/users/snarayanasamy/IMP_MS_data/IMP_analysis/X310763260-iterative_MG/benchmarks/QUAST_1.json
7 of 8 steps (88%) done
rule ALL:
	input: /scratch/users/snarayanasamy/IMP_MS_data/IMP_analysis/X310763260-iterative_MG/MG_contigs_merged_2.fa, /scratch/users/snarayanasamy/IMP_MS_data/IMP_analysis/X310763260-iterative_MG/quast_1/report.txt, /scratch/users/snarayanasamy/IMP_MS_data/IMP_analysis/X310763260-iterative_MG/quast_1/report.tsv, /scratch/users/snarayanasamy/IMP_MS_data/IMP_analysis/X310763260-iterative_MG/quast_1/report.tex, /scratch/users/snarayanasamy/IMP_MS_data/IMP_analysis/X310763260-iterative_MG/quast_2/report.txt, /scratch/users/snarayanasamy/IMP_MS_data/IMP_analysis/X310763260-iterative_MG/quast_2/report.tsv, /scratch/users/snarayanasamy/IMP_MS_data/IMP_analysis/X310763260-iterative_MG/quast_2/report.tex
8 of 8 steps (100%) done
Nothing to be done.
Provided cores: 1
Job counts:
	count	jobs
	1	EXTRACT_UNMAPPED
	1	QUAST
	1	ASSEMBLY
	1	ALL
	1	MERGE_ASSEMBLIES
	5
rule EXTRACT_UNMAPPED:
	input: /scratch/users/snarayanasamy/IMP_MS_data/IMP_analysis/X310763260-iterative_MG/MG_contigs_merged_2.fa, /scratch/users/snarayanasamy/IMP_MS_data/IMP_analysis/X310763260_20151004-idba/Preprocessing/MG.R1.preprocessed.fq, /scratch/users/snarayanasamy/IMP_MS_data/IMP_analysis/X310763260_20151004-idba/Preprocessing/MG.R2.preprocessed.fq, /scratch/users/snarayanasamy/IMP_MS_data/IMP_analysis/X310763260_20151004-idba/Preprocessing/MG.SE.preprocessed.fq
	output: /scratch/users/snarayanasamy/IMP_MS_data/IMP_analysis/X310763260-iterative_MG/MG.R1.unmapped_2.fq, /scratch/users/snarayanasamy/IMP_MS_data/IMP_analysis/X310763260-iterative_MG/MG.R2.unmapped_2.fq, /scratch/users/snarayanasamy/IMP_MS_data/IMP_analysis/X310763260-iterative_MG/MG.SE.unmapped_2.fq
	log: /scratch/users/snarayanasamy/IMP_MS_data/IMP_analysis/X310763260-iterative_MG/X310763260_iterative_MG.log
	benchmark: /scratch/users/snarayanasamy/IMP_MS_data/IMP_analysis/X310763260-iterative_MG/benchmarks/EXTRACT_UNMAPPED_2.json
[bwa_index] Pack FASTA... 1.46 sec
[bwa_index] Construct BWT for the packed sequence...
[BWTIncCreate] textLength=293795922, availableWord=32672388
[BWTIncConstructFromPacked] 10 iterations done. 53894706 characters processed.
[BWTIncConstructFromPacked] 20 iterations done. 99566482 characters processed.
[BWTIncConstructFromPacked] 30 iterations done. 140155650 characters processed.
[BWTIncConstructFromPacked] 40 iterations done. 176227362 characters processed.
[BWTIncConstructFromPacked] 50 iterations done. 208283970 characters processed.
[BWTIncConstructFromPacked] 60 iterations done. 236771938 characters processed.
[BWTIncConstructFromPacked] 70 iterations done. 262088066 characters processed.
[BWTIncConstructFromPacked] 80 iterations done. 284585106 characters processed.
[bwa_index] 90.41 seconds elapse.
[bwa_index] Update BWT... 1.05 sec
[bwa_index] Pack forward-only FASTA... 1.03 sec
[bwa_index] Construct SA from BWT and Occ... 42.58 sec
[main] Version: 0.7.9a-r786
[main] CMD: bwa index /scratch/users/snarayanasamy/IMP_MS_data/IMP_analysis/X310763260-iterative_MG/MG_contigs_merged_2.fa
[main] Real time: 136.842 sec; CPU: 136.537 sec
[M::mem_pestat] analyzing insert size distribution for orientation FF...
[M::mem_pestat] (25, 50, 75) percentile: (68, 87, 125)
[M::mem_pestat] low and high boundaries for computing mean and std.dev: (1, 239)
[M::mem_pestat] mean and std.dev: (90.47, 38.93)
[M::mem_pestat] low and high boundaries for proper pairs: (1, 296)
[M::mem_pestat] analyzing insert size distribution for orientation FR...
[M::mem_pestat] (25, 50, 75) percentile: (177, 192, 201)
[M::mem_pestat] low and high boundaries for computing mean and std.dev: (129, 249)
[M::mem_pestat] mean and std.dev: (189.31, 20.16)
[M::mem_pestat] low and high boundaries for proper pairs: (105, 273)
[M::mem_pestat] analyzing insert size distribution for orientation RF...
[M::mem_pestat] (25, 50, 75) percentile: (38, 83, 1660)
[M::mem_pestat] low and high boundaries for computing mean and std.dev: (1, 4904)
[M::mem_pestat] mean and std.dev: (677.38, 1069.90)
[M::mem_pestat] low and high boundaries for proper pairs: (1, 6526)
[M::mem_pestat] analyzing insert size distribution for orientation RR...
[M::mem_pestat] (25, 50, 75) percentile: (90, 139, 256)
[M::mem_pestat] low and high boundaries for computing mean and std.dev: (1, 588)
[M::mem_pestat] mean and std.dev: (136.78, 87.90)
[M::mem_pestat] low and high boundaries for proper pairs: (1, 754)
[M::mem_pestat] skip orientation FF
[M::mem_pestat] skip orientation RF
[M::mem_pestat] skip orientation RR
[samopen] SAM header is present: 121018 sequences.
[M::mem_pestat] analyzing insert size distribution for orientation FF...
[M::mem_pestat] (25, 50, 75) percentile: (77, 98, 129)
[M::mem_pestat] low and high boundaries for computing mean and std.dev: (1, 233)
[M::mem_pestat] mean and std.dev: (97.27, 34.95)
[M::mem_pestat] low and high boundaries for proper pairs: (1, 285)
[M::mem_pestat] analyzing insert size distribution for orientation FR...
[M::mem_pestat] (25, 50, 75) percentile: (177, 191, 201)
[M::mem_pestat] low and high boundaries for computing mean and std.dev: (129, 249)
[M::mem_pestat] mean and std.dev: (189.08, 20.10)
[M::mem_pestat] low and high boundaries for proper pairs: (105, 273)
[M::mem_pestat] analyzing insert size distribution for orientation RF...
[M::mem_pestat] (25, 50, 75) percentile: (4758, 4774, 4783)
[M::mem_pestat] low and high boundaries for computing mean and std.dev: (4708, 4833)
[M::mem_pestat] mean and std.dev: (4775.10, 16.68)
[M::mem_pestat] low and high boundaries for proper pairs: (4683, 4858)
[M::mem_pestat] analyzing insert size distribution for orientation RR...
[M::mem_pestat] (25, 50, 75) percentile: (106, 121, 667)
[M::mem_pestat] low and high boundaries for computing mean and std.dev: (1, 1789)
[M::mem_pestat] mean and std.dev: (259.00, 295.56)
[M::mem_pestat] low and high boundaries for proper pairs: (1, 2350)
[M::mem_pestat] skip orientation FF
[M::mem_pestat] skip orientation RF
[M::mem_pestat] skip orientation RR
[M::mem_pestat] analyzing insert size distribution for orientation FF...
[M::mem_pestat] (25, 50, 75) percentile: (82, 108, 247)
[M::mem_pestat] low and high boundaries for computing mean and std.dev: (1, 577)
[M::mem_pestat] mean and std.dev: (115.70, 75.34)
[M::mem_pestat] low and high boundaries for proper pairs: (1, 742)
[M::mem_pestat] analyzing insert size distribution for orientation FR...
[M::mem_pestat] (25, 50, 75) percentile: (179, 192, 201)
[M::mem_pestat] low and high boundaries for computing mean and std.dev: (135, 245)
[M::mem_pestat] mean and std.dev: (190.14, 18.07)
[M::mem_pestat] low and high boundaries for proper pairs: (113, 267)
[M::mem_pestat] analyzing insert size distribution for orientation RF...
[M::mem_pestat] (25, 50, 75) percentile: (96, 213, 404)
[M::mem_pestat] low and high boundaries for computing mean and std.dev: (1, 1020)
[M::mem_pestat] mean and std.dev: (207.19, 156.45)
[M::mem_pestat] low and high boundaries for proper pairs: (1, 1328)
[M::mem_pestat] analyzing insert size distribution for orientation RR...
[M::mem_pestat] (25, 50, 75) percentile: (134, 547, 836)
[M::mem_pestat] low and high boundaries for computing mean and std.dev: (1, 2240)
[M::mem_pestat] mean and std.dev: (596.77, 525.84)
[M::mem_pestat] low and high boundaries for proper pairs: (1, 2942)
[M::mem_pestat] skip orientation FF
[M::mem_pestat] skip orientation RF
[M::mem_pestat] skip orientation RR
[M::mem_pestat] analyzing insert size distribution for orientation FF...
[M::mem_pestat] (25, 50, 75) percentile: (76, 106, 199)
[M::mem_pestat] low and high boundaries for computing mean and std.dev: (1, 445)
[M::mem_pestat] mean and std.dev: (117.84, 71.45)
[M::mem_pestat] low and high boundaries for proper pairs: (1, 568)
[M::mem_pestat] analyzing insert size distribution for orientation FR...
[M::mem_pestat] (25, 50, 75) percentile: (177, 191, 201)
[M::mem_pestat] low and high boundaries for computing mean and std.dev: (129, 249)
[M::mem_pestat] mean and std.dev: (188.88, 19.78)
[M::mem_pestat] low and high boundaries for proper pairs: (105, 273)
[M::mem_pestat] analyzing insert size distribution for orientation RF...
[M::mem_pestat] (25, 50, 75) percentile: (110, 362, 3195)
[M::mem_pestat] low and high boundaries for computing mean and std.dev: (1, 9365)
[M::mem_pestat] mean and std.dev: (1468.72, 1946.42)
[M::mem_pestat] low and high boundaries for proper pairs: (1, 12450)
[M::mem_pestat] analyzing insert size distribution for orientation RR...
[M::mem_pestat] (25, 50, 75) percentile: (142, 245, 954)
[M::mem_pestat] low and high boundaries for computing mean and std.dev: (1, 2578)
[M::mem_pestat] mean and std.dev: (482.61, 573.38)
[M::mem_pestat] low and high boundaries for proper pairs: (1, 3390)
[M::mem_pestat] skip orientation FF
[M::mem_pestat] skip orientation RF
[M::mem_pestat] skip orientation RR
[M::mem_pestat] analyzing insert size distribution for orientation FF...
[M::mem_pestat] (25, 50, 75) percentile: (81, 106, 197)
[M::mem_pestat] low and high boundaries for computing mean and std.dev: (1, 429)
[M::mem_pestat] mean and std.dev: (108.15, 53.39)
[M::mem_pestat] low and high boundaries for proper pairs: (1, 545)
[M::mem_pestat] analyzing insert size distribution for orientation FR...
[M::mem_pestat] (25, 50, 75) percentile: (178, 191, 201)
[M::mem_pestat] low and high boundaries for computing mean and std.dev: (132, 247)
[M::mem_pestat] mean and std.dev: (189.34, 19.01)
[M::mem_pestat] low and high boundaries for proper pairs: (109, 270)
[M::mem_pestat] analyzing insert size distribution for orientation RF...
[M::mem_pestat] (25, 50, 75) percentile: (187, 855, 3636)
[M::mem_pestat] low and high boundaries for computing mean and std.dev: (1, 10534)
[M::mem_pestat] mean and std.dev: (1951.20, 2191.34)
[M::mem_pestat] low and high boundaries for proper pairs: (1, 13983)
[M::mem_pestat] analyzing insert size distribution for orientation RR...
[M::mem_pestat] (25, 50, 75) percentile: (133, 305, 1028)
[M::mem_pestat] low and high boundaries for computing mean and std.dev: (1, 2818)
[M::mem_pestat] mean and std.dev: (423.21, 428.07)
[M::mem_pestat] low and high boundaries for proper pairs: (1, 3713)
[M::mem_pestat] skip orientation FF
[M::mem_pestat] skip orientation RF
[M::mem_pestat] skip orientation RR
[M::mem_pestat] analyzing insert size distribution for orientation FF...
[M::mem_pestat] (25, 50, 75) percentile: (68, 99, 222)
[M::mem_pestat] low and high boundaries for computing mean and std.dev: (1, 530)
[M::mem_pestat] mean and std.dev: (105.81, 84.20)
[M::mem_pestat] low and high boundaries for proper pairs: (1, 684)
[M::mem_pestat] analyzing insert size distribution for orientation FR...
[M::mem_pestat] (25, 50, 75) percentile: (177, 191, 201)
[M::mem_pestat] low and high boundaries for computing mean and std.dev: (129, 249)
[M::mem_pestat] mean and std.dev: (188.84, 19.80)
[M::mem_pestat] low and high boundaries for proper pairs: (105, 273)
[M::mem_pestat] analyzing insert size distribution for orientation RF...
[M::mem_pestat] (25, 50, 75) percentile: (94, 839, 3529)
[M::mem_pestat] low and high boundaries for computing mean and std.dev: (1, 10399)
[M::mem_pestat] mean and std.dev: (1870.53, 2170.63)
[M::mem_pestat] low and high boundaries for proper pairs: (1, 13834)
[M::mem_pestat] analyzing insert size distribution for orientation RR...
[M::mem_pestat] (25, 50, 75) percentile: (110, 206, 1397)
[M::mem_pestat] low and high boundaries for computing mean and std.dev: (1, 3971)
[M::mem_pestat] mean and std.dev: (719.29, 977.87)
[M::mem_pestat] low and high boundaries for proper pairs: (1, 5258)
[M::mem_pestat] skip orientation FF
[M::mem_pestat] skip orientation RF
[M::mem_pestat] skip orientation RR
[M::mem_pestat] analyzing insert size distribution for orientation FF...
[M::mem_pestat] (25, 50, 75) percentile: (74, 104, 147)
[M::mem_pestat] low and high boundaries for computing mean and std.dev: (1, 293)
[M::mem_pestat] mean and std.dev: (97.67, 44.19)
[M::mem_pestat] low and high boundaries for proper pairs: (1, 366)
[M::mem_pestat] analyzing insert size distribution for orientation FR...
[M::mem_pestat] (25, 50, 75) percentile: (177, 191, 201)
[M::mem_pestat] low and high boundaries for computing mean and std.dev: (129, 249)
[M::mem_pestat] mean and std.dev: (188.73, 19.91)
[M::mem_pestat] low and high boundaries for proper pairs: (105, 273)
[M::mem_pestat] analyzing insert size distribution for orientation RF...
[M::mem_pestat] (25, 50, 75) percentile: (129, 850, 4067)
[M::mem_pestat] low and high boundaries for computing mean and std.dev: (1, 11943)
[M::mem_pestat] mean and std.dev: (2085.09, 2385.94)
[M::mem_pestat] low and high boundaries for proper pairs: (1, 15881)
[M::mem_pestat] analyzing insert size distribution for orientation RR...
[M::mem_pestat] (25, 50, 75) percentile: (83, 254, 1879)
[M::mem_pestat] low and high boundaries for computing mean and std.dev: (1, 5471)
[M::mem_pestat] mean and std.dev: (857.97, 1183.20)
[M::mem_pestat] low and high boundaries for proper pairs: (1, 7267)
[M::mem_pestat] skip orientation FF
[M::mem_pestat] skip orientation RF
[M::mem_pestat] skip orientation RR
[M::mem_pestat] analyzing insert size distribution for orientation FF...
[M::mem_pestat] (25, 50, 75) percentile: (81, 112, 230)
[M::mem_pestat] low and high boundaries for computing mean and std.dev: (1, 528)
[M::mem_pestat] mean and std.dev: (112.41, 63.02)
[M::mem_pestat] low and high boundaries for proper pairs: (1, 677)
[M::mem_pestat] analyzing insert size distribution for orientation FR...
[M::mem_pestat] (25, 50, 75) percentile: (176, 190, 200)
[M::mem_pestat] low and high boundaries for computing mean and std.dev: (128, 248)
[M::mem_pestat] mean and std.dev: (188.20, 20.02)
[M::mem_pestat] low and high boundaries for proper pairs: (104, 272)
[M::mem_pestat] analyzing insert size distribution for orientation RF...
[M::mem_pestat] (25, 50, 75) percentile: (109, 523, 3624)
[M::mem_pestat] low and high boundaries for computing mean and std.dev: (1, 10654)
[M::mem_pestat] mean and std.dev: (1751.45, 2182.14)
[M::mem_pestat] low and high boundaries for proper pairs: (1, 14169)
[M::mem_pestat] analyzing insert size distribution for orientation RR...
[M::mem_pestat] (25, 50, 75) percentile: (113, 233, 607)
[M::mem_pestat] low and high boundaries for computing mean and std.dev: (1, 1595)
[M::mem_pestat] mean and std.dev: (339.47, 372.02)
[M::mem_pestat] low and high boundaries for proper pairs: (1, 2089)
[M::mem_pestat] skip orientation FF
[M::mem_pestat] skip orientation RF
[M::mem_pestat] skip orientation RR
[main] Version: 0.7.9a-r786
[main] CMD: bwa mem -v 1 -t 24 /scratch/users/snarayanasamy/IMP_MS_data/IMP_analysis/X310763260-iterative_MG/MG_contigs_merged_2.fa /scratch/users/snarayanasamy/IMP_MS_data/IMP_analysis/X310763260_20151004-idba/Preprocessing/MG.R1.preprocessed.fq /scratch/users/snarayanasamy/IMP_MS_data/IMP_analysis/X310763260_20151004-idba/Preprocessing/MG.R2.preprocessed.fq
[main] Real time: 185.803 sec; CPU: 2343.626 sec
[bam_header_read] EOF marker is absent. The input is probably truncated.
[bam_header_read] EOF marker is absent. The input is probably truncated.
[bam_header_read] EOF marker is absent. The input is probably truncated.
[bam_header_read] EOF marker is absent. The input is probably truncated.
[bam_header_read] EOF marker is absent. The input is probably truncated.
[bam_header_read] EOF marker is absent. The input is probably truncated.
[samopen] SAM header is present: 121018 sequences.
[main] Version: 0.7.9a-r786
[main] CMD: bwa mem -v 1 -t 24 /scratch/users/snarayanasamy/IMP_MS_data/IMP_analysis/X310763260-iterative_MG/MG_contigs_merged_2.fa /scratch/users/snarayanasamy/IMP_MS_data/IMP_analysis/X310763260_20151004-idba/Preprocessing/MG.SE.preprocessed.fq
[main] Real time: 27.784 sec; CPU: 290.610 sec
1 of 5 steps (20%) done
rule ASSEMBLY:
	input: /scratch/users/snarayanasamy/IMP_MS_data/IMP_analysis/X310763260-iterative_MG/MG.R1.unmapped_2.fq, /scratch/users/snarayanasamy/IMP_MS_data/IMP_analysis/X310763260-iterative_MG/MG.R2.unmapped_2.fq, /scratch/users/snarayanasamy/IMP_MS_data/IMP_analysis/X310763260-iterative_MG/MG.SE.unmapped_2.fq
	output: /scratch/users/snarayanasamy/IMP_MS_data/IMP_analysis/X310763260-iterative_MG/MG_contigs_3.fa
	log: /scratch/users/snarayanasamy/IMP_MS_data/IMP_analysis/X310763260-iterative_MG/X310763260_iterative_MG.log
	benchmark: /scratch/users/snarayanasamy/IMP_MS_data/IMP_analysis/X310763260-iterative_MG/benchmarks/ASSEMBLY_3.json
2 of 5 steps (40%) done
rule MERGE_ASSEMBLIES:
	input: /scratch/users/snarayanasamy/IMP_MS_data/IMP_analysis/X310763260-iterative_MG/MG_contigs_merged_2.fa, /scratch/users/snarayanasamy/IMP_MS_data/IMP_analysis/X310763260-iterative_MG/MG_contigs_3.fa
	output: /scratch/users/snarayanasamy/IMP_MS_data/IMP_analysis/X310763260-iterative_MG/MG_contigs_cat_3.fa, /scratch/users/snarayanasamy/IMP_MS_data/IMP_analysis/X310763260-iterative_MG/MG_contigs_merged_3.fa
	log: /scratch/users/snarayanasamy/IMP_MS_data/IMP_analysis/X310763260-iterative_MG/X310763260_iterative_MG.log
	benchmark: /scratch/users/snarayanasamy/IMP_MS_data/IMP_analysis/X310763260-iterative_MG/benchmarks/MERGE_ASSEMBLIES_3.json
3 of 5 steps (60%) done
rule QUAST:
	input: /scratch/users/snarayanasamy/IMP_MS_data/IMP_analysis/X310763260-iterative_MG/MG_contigs_cat_3.fa, /scratch/users/snarayanasamy/IMP_MS_data/IMP_analysis/X310763260-iterative_MG/MG_contigs_merged_3.fa
	output: /scratch/users/snarayanasamy/IMP_MS_data/IMP_analysis/X310763260-iterative_MG/quast_3/report.txt, /scratch/users/snarayanasamy/IMP_MS_data/IMP_analysis/X310763260-iterative_MG/quast_3/report.tsv, /scratch/users/snarayanasamy/IMP_MS_data/IMP_analysis/X310763260-iterative_MG/quast_3/report.tex
	log: /scratch/users/snarayanasamy/IMP_MS_data/IMP_analysis/X310763260-iterative_MG/X310763260_iterative_MG.log
	benchmark: /scratch/users/snarayanasamy/IMP_MS_data/IMP_analysis/X310763260-iterative_MG/benchmarks/QUAST_3.json
4 of 5 steps (80%) done
rule ALL:
	input: /scratch/users/snarayanasamy/IMP_MS_data/IMP_analysis/X310763260-iterative_MG/MG_contigs_merged_3.fa, /scratch/users/snarayanasamy/IMP_MS_data/IMP_analysis/X310763260-iterative_MG/quast_1/report.txt, /scratch/users/snarayanasamy/IMP_MS_data/IMP_analysis/X310763260-iterative_MG/quast_1/report.tsv, /scratch/users/snarayanasamy/IMP_MS_data/IMP_analysis/X310763260-iterative_MG/quast_1/report.tex, /scratch/users/snarayanasamy/IMP_MS_data/IMP_analysis/X310763260-iterative_MG/quast_3/report.txt, /scratch/users/snarayanasamy/IMP_MS_data/IMP_analysis/X310763260-iterative_MG/quast_3/report.tsv, /scratch/users/snarayanasamy/IMP_MS_data/IMP_analysis/X310763260-iterative_MG/quast_3/report.tex
5 of 5 steps (100%) done
Provided cores: 1
Job counts:
	count	jobs
	1	ALL
	1	MERGE_ASSEMBLIES
	1	EXTRACT_UNMAPPED
	1	QUAST
	1	ASSEMBLY
	5
rule EXTRACT_UNMAPPED:
	input: /scratch/users/snarayanasamy/IMP_MS_data/IMP_analysis/X310763260-iterative_MG/MG_contigs_merged_3.fa, /scratch/users/snarayanasamy/IMP_MS_data/IMP_analysis/X310763260_20151004-idba/Preprocessing/MG.R1.preprocessed.fq, /scratch/users/snarayanasamy/IMP_MS_data/IMP_analysis/X310763260_20151004-idba/Preprocessing/MG.R2.preprocessed.fq, /scratch/users/snarayanasamy/IMP_MS_data/IMP_analysis/X310763260_20151004-idba/Preprocessing/MG.SE.preprocessed.fq
	output: /scratch/users/snarayanasamy/IMP_MS_data/IMP_analysis/X310763260-iterative_MG/MG.R1.unmapped_3.fq, /scratch/users/snarayanasamy/IMP_MS_data/IMP_analysis/X310763260-iterative_MG/MG.R2.unmapped_3.fq, /scratch/users/snarayanasamy/IMP_MS_data/IMP_analysis/X310763260-iterative_MG/MG.SE.unmapped_3.fq
	log: /scratch/users/snarayanasamy/IMP_MS_data/IMP_analysis/X310763260-iterative_MG/X310763260_iterative_MG.log
	benchmark: /scratch/users/snarayanasamy/IMP_MS_data/IMP_analysis/X310763260-iterative_MG/benchmarks/EXTRACT_UNMAPPED_3.json
[bwa_index] Pack FASTA... 1.79 sec
[bwa_index] Construct BWT for the packed sequence...
[BWTIncCreate] textLength=293846724, availableWord=32675952
[BWTIncConstructFromPacked] 10 iterations done. 53900596 characters processed.
[BWTIncConstructFromPacked] 20 iterations done. 99577348 characters processed.
[BWTIncConstructFromPacked] 30 iterations done. 140170932 characters processed.
[BWTIncConstructFromPacked] 40 iterations done. 176246596 characters processed.
[BWTIncConstructFromPacked] 50 iterations done. 208306708 characters processed.
[BWTIncConstructFromPacked] 60 iterations done. 236797796 characters processed.
[BWTIncConstructFromPacked] 70 iterations done. 262116724 characters processed.
[BWTIncConstructFromPacked] 80 iterations done. 284616180 characters processed.
[bwa_index] 100.36 seconds elapse.
[bwa_index] Update BWT... 1.22 sec
[bwa_index] Pack forward-only FASTA... 1.27 sec
[bwa_index] Construct SA from BWT and Occ... 46.38 sec
[main] Version: 0.7.9a-r786
[main] CMD: bwa index /scratch/users/snarayanasamy/IMP_MS_data/IMP_analysis/X310763260-iterative_MG/MG_contigs_merged_3.fa
[main] Real time: 151.387 sec; CPU: 151.021 sec
[M::mem_pestat] analyzing insert size distribution for orientation FF...
[M::mem_pestat] (25, 50, 75) percentile: (67, 87, 125)
[M::mem_pestat] low and high boundaries for computing mean and std.dev: (1, 241)
[M::mem_pestat] mean and std.dev: (90.18, 38.88)
[M::mem_pestat] low and high boundaries for proper pairs: (1, 299)
[M::mem_pestat] analyzing insert size distribution for orientation FR...
[M::mem_pestat] (25, 50, 75) percentile: (177, 192, 201)
[M::mem_pestat] low and high boundaries for computing mean and std.dev: (129, 249)
[M::mem_pestat] mean and std.dev: (189.31, 20.16)
[M::mem_pestat] low and high boundaries for proper pairs: (105, 273)
[M::mem_pestat] analyzing insert size distribution for orientation RF...
[M::mem_pestat] (25, 50, 75) percentile: (38, 83, 1660)
[M::mem_pestat] low and high boundaries for computing mean and std.dev: (1, 4904)
[M::mem_pestat] mean and std.dev: (677.38, 1069.90)
[M::mem_pestat] low and high boundaries for proper pairs: (1, 6526)
[M::mem_pestat] analyzing insert size distribution for orientation RR...
[M::mem_pestat] (25, 50, 75) percentile: (90, 139, 256)
[M::mem_pestat] low and high boundaries for computing mean and std.dev: (1, 588)
[M::mem_pestat] mean and std.dev: (136.78, 87.90)
[M::mem_pestat] low and high boundaries for proper pairs: (1, 754)
[M::mem_pestat] skip orientation FF
[M::mem_pestat] skip orientation RF
[M::mem_pestat] skip orientation RR
[samopen] SAM header is present: 121084 sequences.
[M::mem_pestat] analyzing insert size distribution for orientation FF...
[M::mem_pestat] (25, 50, 75) percentile: (77, 98, 129)
[M::mem_pestat] low and high boundaries for computing mean and std.dev: (1, 233)
[M::mem_pestat] mean and std.dev: (97.27, 34.95)
[M::mem_pestat] low and high boundaries for proper pairs: (1, 285)
[M::mem_pestat] analyzing insert size distribution for orientation FR...
[M::mem_pestat] (25, 50, 75) percentile: (177, 191, 201)
[M::mem_pestat] low and high boundaries for computing mean and std.dev: (129, 249)
[M::mem_pestat] mean and std.dev: (189.08, 20.09)
[M::mem_pestat] low and high boundaries for proper pairs: (105, 273)
[M::mem_pestat] analyzing insert size distribution for orientation RF...
[M::mem_pestat] (25, 50, 75) percentile: (4758, 4774, 4783)
[M::mem_pestat] low and high boundaries for computing mean and std.dev: (4708, 4833)
[M::mem_pestat] mean and std.dev: (4775.10, 16.68)
[M::mem_pestat] low and high boundaries for proper pairs: (4683, 4858)
[M::mem_pestat] analyzing insert size distribution for orientation RR...
[M::mem_pestat] (25, 50, 75) percentile: (106, 121, 667)
[M::mem_pestat] low and high boundaries for computing mean and std.dev: (1, 1789)
[M::mem_pestat] mean and std.dev: (259.00, 295.56)
[M::mem_pestat] low and high boundaries for proper pairs: (1, 2350)
[M::mem_pestat] skip orientation FF
[M::mem_pestat] skip orientation RF
[M::mem_pestat] skip orientation RR
[M::mem_pestat] analyzing insert size distribution for orientation FF...
[M::mem_pestat] (25, 50, 75) percentile: (82, 108, 247)
[M::mem_pestat] low and high boundaries for computing mean and std.dev: (1, 577)
[M::mem_pestat] mean and std.dev: (115.70, 75.34)
[M::mem_pestat] low and high boundaries for proper pairs: (1, 742)
[M::mem_pestat] analyzing insert size distribution for orientation FR...
[M::mem_pestat] (25, 50, 75) percentile: (179, 192, 201)
[M::mem_pestat] low and high boundaries for computing mean and std.dev: (135, 245)
[M::mem_pestat] mean and std.dev: (190.14, 18.07)
[M::mem_pestat] low and high boundaries for proper pairs: (113, 267)
[M::mem_pestat] analyzing insert size distribution for orientation RF...
[M::mem_pestat] (25, 50, 75) percentile: (96, 213, 404)
[M::mem_pestat] low and high boundaries for computing mean and std.dev: (1, 1020)
[M::mem_pestat] mean and std.dev: (207.19, 156.45)
[M::mem_pestat] low and high boundaries for proper pairs: (1, 1328)
[M::mem_pestat] analyzing insert size distribution for orientation RR...
[M::mem_pestat] (25, 50, 75) percentile: (134, 547, 836)
[M::mem_pestat] low and high boundaries for computing mean and std.dev: (1, 2240)
[M::mem_pestat] mean and std.dev: (596.77, 525.84)
[M::mem_pestat] low and high boundaries for proper pairs: (1, 2942)
[M::mem_pestat] skip orientation FF
[M::mem_pestat] skip orientation RF
[M::mem_pestat] skip orientation RR
[M::mem_pestat] analyzing insert size distribution for orientation FF...
[M::mem_pestat] (25, 50, 75) percentile: (76, 106, 199)
[M::mem_pestat] low and high boundaries for computing mean and std.dev: (1, 445)
[M::mem_pestat] mean and std.dev: (117.11, 71.52)
[M::mem_pestat] low and high boundaries for proper pairs: (1, 568)
[M::mem_pestat] analyzing insert size distribution for orientation FR...
[M::mem_pestat] (25, 50, 75) percentile: (177, 191, 201)
[M::mem_pestat] low and high boundaries for computing mean and std.dev: (129, 249)
[M::mem_pestat] mean and std.dev: (188.88, 19.78)
[M::mem_pestat] low and high boundaries for proper pairs: (105, 273)
[M::mem_pestat] analyzing insert size distribution for orientation RF...
[M::mem_pestat] (25, 50, 75) percentile: (108, 362, 3195)
[M::mem_pestat] low and high boundaries for computing mean and std.dev: (1, 9369)
[M::mem_pestat] mean and std.dev: (1468.20, 1946.78)
[M::mem_pestat] low and high boundaries for proper pairs: (1, 12456)
[M::mem_pestat] analyzing insert size distribution for orientation RR...
[M::mem_pestat] (25, 50, 75) percentile: (142, 245, 954)
[M::mem_pestat] low and high boundaries for computing mean and std.dev: (1, 2578)
[M::mem_pestat] mean and std.dev: (482.61, 573.38)
[M::mem_pestat] low and high boundaries for proper pairs: (1, 3390)
[M::mem_pestat] skip orientation FF
[M::mem_pestat] skip orientation RF
[M::mem_pestat] skip orientation RR
[M::mem_pestat] analyzing insert size distribution for orientation FF...
[M::mem_pestat] (25, 50, 75) percentile: (81, 106, 220)
[M::mem_pestat] low and high boundaries for computing mean and std.dev: (1, 498)
[M::mem_pestat] mean and std.dev: (109.66, 54.82)
[M::mem_pestat] low and high boundaries for proper pairs: (1, 637)
[M::mem_pestat] analyzing insert size distribution for orientation FR...
[M::mem_pestat] (25, 50, 75) percentile: (178, 191, 201)
[M::mem_pestat] low and high boundaries for computing mean and std.dev: (132, 247)
[M::mem_pestat] mean and std.dev: (189.34, 19.01)
[M::mem_pestat] low and high boundaries for proper pairs: (109, 270)
[M::mem_pestat] analyzing insert size distribution for orientation RF...
[M::mem_pestat] (25, 50, 75) percentile: (186, 858, 3636)
[M::mem_pestat] low and high boundaries for computing mean and std.dev: (1, 10536)
[M::mem_pestat] mean and std.dev: (1964.84, 2194.65)
[M::mem_pestat] low and high boundaries for proper pairs: (1, 13986)
[M::mem_pestat] analyzing insert size distribution for orientation RR...
[M::mem_pestat] (25, 50, 75) percentile: (133, 305, 1028)
[M::mem_pestat] low and high boundaries for computing mean and std.dev: (1, 2818)
[M::mem_pestat] mean and std.dev: (423.21, 428.07)
[M::mem_pestat] low and high boundaries for proper pairs: (1, 3713)
[M::mem_pestat] skip orientation FF
[M::mem_pestat] skip orientation RF
[M::mem_pestat] skip orientation RR
[M::mem_pestat] analyzing insert size distribution for orientation FF...
[M::mem_pestat] (25, 50, 75) percentile: (68, 99, 222)
[M::mem_pestat] low and high boundaries for computing mean and std.dev: (1, 530)
[M::mem_pestat] mean and std.dev: (105.81, 84.20)
[M::mem_pestat] low and high boundaries for proper pairs: (1, 684)
[M::mem_pestat] analyzing insert size distribution for orientation FR...
[M::mem_pestat] (25, 50, 75) percentile: (177, 191, 201)
[M::mem_pestat] low and high boundaries for computing mean and std.dev: (129, 249)
[M::mem_pestat] mean and std.dev: (188.84, 19.80)
[M::mem_pestat] low and high boundaries for proper pairs: (105, 273)
[M::mem_pestat] analyzing insert size distribution for orientation RF...
[M::mem_pestat] (25, 50, 75) percentile: (99, 839, 3529)
[M::mem_pestat] low and high boundaries for computing mean and std.dev: (1, 10389)
[M::mem_pestat] mean and std.dev: (1884.43, 2173.04)
[M::mem_pestat] low and high boundaries for proper pairs: (1, 13819)
[M::mem_pestat] analyzing insert size distribution for orientation RR...
[M::mem_pestat] (25, 50, 75) percentile: (110, 213, 1397)
[M::mem_pestat] low and high boundaries for computing mean and std.dev: (1, 3971)
[M::mem_pestat] mean and std.dev: (732.62, 983.01)
[M::mem_pestat] low and high boundaries for proper pairs: (1, 5258)
[M::mem_pestat] skip orientation FF
[M::mem_pestat] skip orientation RF
[M::mem_pestat] skip orientation RR
[M::mem_pestat] analyzing insert size distribution for orientation FF...
[M::mem_pestat] (25, 50, 75) percentile: (75, 105, 159)
[M::mem_pestat] low and high boundaries for computing mean and std.dev: (1, 327)
[M::mem_pestat] mean and std.dev: (100.55, 47.39)
[M::mem_pestat] low and high boundaries for proper pairs: (1, 411)
[M::mem_pestat] analyzing insert size distribution for orientation FR...
[M::mem_pestat] (25, 50, 75) percentile: (177, 191, 201)
[M::mem_pestat] low and high boundaries for computing mean and std.dev: (129, 249)
[M::mem_pestat] mean and std.dev: (188.73, 19.91)
[M::mem_pestat] low and high boundaries for proper pairs: (105, 273)
[M::mem_pestat] analyzing insert size distribution for orientation RF...
[M::mem_pestat] (25, 50, 75) percentile: (129, 850, 4067)
[M::mem_pestat] low and high boundaries for computing mean and std.dev: (1, 11943)
[M::mem_pestat] mean and std.dev: (2085.09, 2385.94)
[M::mem_pestat] low and high boundaries for proper pairs: (1, 15881)
[M::mem_pestat] analyzing insert size distribution for orientation RR...
[M::mem_pestat] (25, 50, 75) percentile: (83, 254, 2493)
[M::mem_pestat] low and high boundaries for computing mean and std.dev: (1, 7313)
[M::mem_pestat] mean and std.dev: (1154.57, 1642.58)
[M::mem_pestat] low and high boundaries for proper pairs: (1, 9723)
[M::mem_pestat] skip orientation FF
[M::mem_pestat] skip orientation RF
[M::mem_pestat] skip orientation RR
[M::mem_pestat] analyzing insert size distribution for orientation FF...
[M::mem_pestat] (25, 50, 75) percentile: (81, 112, 230)
[M::mem_pestat] low and high boundaries for computing mean and std.dev: (1, 528)
[M::mem_pestat] mean and std.dev: (112.41, 63.02)
[M::mem_pestat] low and high boundaries for proper pairs: (1, 677)
[M::mem_pestat] analyzing insert size distribution for orientation FR...
[M::mem_pestat] (25, 50, 75) percentile: (176, 190, 200)
[M::mem_pestat] low and high boundaries for computing mean and std.dev: (128, 248)
[M::mem_pestat] mean and std.dev: (188.20, 20.01)
[M::mem_pestat] low and high boundaries for proper pairs: (104, 272)
[M::mem_pestat] analyzing insert size distribution for orientation RF...
[M::mem_pestat] (25, 50, 75) percentile: (103, 742, 3624)
[M::mem_pestat] low and high boundaries for computing mean and std.dev: (1, 10666)
[M::mem_pestat] mean and std.dev: (1769.84, 2188.08)
[M::mem_pestat] low and high boundaries for proper pairs: (1, 14187)
[M::mem_pestat] analyzing insert size distribution for orientation RR...
[M::mem_pestat] (25, 50, 75) percentile: (100, 233, 607)
[M::mem_pestat] low and high boundaries for computing mean and std.dev: (1, 1621)
[M::mem_pestat] mean and std.dev: (342.45, 377.59)
[M::mem_pestat] low and high boundaries for proper pairs: (1, 2128)
[M::mem_pestat] skip orientation FF
[M::mem_pestat] skip orientation RF
[M::mem_pestat] skip orientation RR
[main] Version: 0.7.9a-r786
[main] CMD: bwa mem -v 1 -t 24 /scratch/users/snarayanasamy/IMP_MS_data/IMP_analysis/X310763260-iterative_MG/MG_contigs_merged_3.fa /scratch/users/snarayanasamy/IMP_MS_data/IMP_analysis/X310763260_20151004-idba/Preprocessing/MG.R1.preprocessed.fq /scratch/users/snarayanasamy/IMP_MS_data/IMP_analysis/X310763260_20151004-idba/Preprocessing/MG.R2.preprocessed.fq
[main] Real time: 226.486 sec; CPU: 2885.096 sec
[bam_header_read] EOF marker is absent. The input is probably truncated.
[bam_header_read] EOF marker is absent. The input is probably truncated.
[bam_header_read] EOF marker is absent. The input is probably truncated.
[bam_header_read] EOF marker is absent. The input is probably truncated.
[bam_header_read] EOF marker is absent. The input is probably truncated.
[bam_header_read] EOF marker is absent. The input is probably truncated.
[samopen] SAM header is present: 121084 sequences.
[main] Version: 0.7.9a-r786
[main] CMD: bwa mem -v 1 -t 24 /scratch/users/snarayanasamy/IMP_MS_data/IMP_analysis/X310763260-iterative_MG/MG_contigs_merged_3.fa /scratch/users/snarayanasamy/IMP_MS_data/IMP_analysis/X310763260_20151004-idba/Preprocessing/MG.SE.preprocessed.fq
[main] Real time: 30.381 sec; CPU: 302.091 sec
1 of 5 steps (20%) done
rule ASSEMBLY:
	input: /scratch/users/snarayanasamy/IMP_MS_data/IMP_analysis/X310763260-iterative_MG/MG.R1.unmapped_3.fq, /scratch/users/snarayanasamy/IMP_MS_data/IMP_analysis/X310763260-iterative_MG/MG.R2.unmapped_3.fq, /scratch/users/snarayanasamy/IMP_MS_data/IMP_analysis/X310763260-iterative_MG/MG.SE.unmapped_3.fq
	output: /scratch/users/snarayanasamy/IMP_MS_data/IMP_analysis/X310763260-iterative_MG/MG_contigs_4.fa
	log: /scratch/users/snarayanasamy/IMP_MS_data/IMP_analysis/X310763260-iterative_MG/X310763260_iterative_MG.log
	benchmark: /scratch/users/snarayanasamy/IMP_MS_data/IMP_analysis/X310763260-iterative_MG/benchmarks/ASSEMBLY_4.json
2 of 5 steps (40%) done
rule MERGE_ASSEMBLIES:
	input: /scratch/users/snarayanasamy/IMP_MS_data/IMP_analysis/X310763260-iterative_MG/MG_contigs_merged_3.fa, /scratch/users/snarayanasamy/IMP_MS_data/IMP_analysis/X310763260-iterative_MG/MG_contigs_4.fa
	output: /scratch/users/snarayanasamy/IMP_MS_data/IMP_analysis/X310763260-iterative_MG/MG_contigs_cat_4.fa, /scratch/users/snarayanasamy/IMP_MS_data/IMP_analysis/X310763260-iterative_MG/MG_contigs_merged_4.fa
	log: /scratch/users/snarayanasamy/IMP_MS_data/IMP_analysis/X310763260-iterative_MG/X310763260_iterative_MG.log
	benchmark: /scratch/users/snarayanasamy/IMP_MS_data/IMP_analysis/X310763260-iterative_MG/benchmarks/MERGE_ASSEMBLIES_4.json
3 of 5 steps (60%) done
rule QUAST:
	input: /scratch/users/snarayanasamy/IMP_MS_data/IMP_analysis/X310763260-iterative_MG/MG_contigs_cat_4.fa, /scratch/users/snarayanasamy/IMP_MS_data/IMP_analysis/X310763260-iterative_MG/MG_contigs_merged_4.fa
	output: /scratch/users/snarayanasamy/IMP_MS_data/IMP_analysis/X310763260-iterative_MG/quast_4/report.txt, /scratch/users/snarayanasamy/IMP_MS_data/IMP_analysis/X310763260-iterative_MG/quast_4/report.tsv, /scratch/users/snarayanasamy/IMP_MS_data/IMP_analysis/X310763260-iterative_MG/quast_4/report.tex
	log: /scratch/users/snarayanasamy/IMP_MS_data/IMP_analysis/X310763260-iterative_MG/X310763260_iterative_MG.log
	benchmark: /scratch/users/snarayanasamy/IMP_MS_data/IMP_analysis/X310763260-iterative_MG/benchmarks/QUAST_4.json
4 of 5 steps (80%) done
rule ALL:
	input: /scratch/users/snarayanasamy/IMP_MS_data/IMP_analysis/X310763260-iterative_MG/MG_contigs_merged_4.fa, /scratch/users/snarayanasamy/IMP_MS_data/IMP_analysis/X310763260-iterative_MG/quast_1/report.txt, /scratch/users/snarayanasamy/IMP_MS_data/IMP_analysis/X310763260-iterative_MG/quast_1/report.tsv, /scratch/users/snarayanasamy/IMP_MS_data/IMP_analysis/X310763260-iterative_MG/quast_1/report.tex, /scratch/users/snarayanasamy/IMP_MS_data/IMP_analysis/X310763260-iterative_MG/quast_4/report.txt, /scratch/users/snarayanasamy/IMP_MS_data/IMP_analysis/X310763260-iterative_MG/quast_4/report.tsv, /scratch/users/snarayanasamy/IMP_MS_data/IMP_analysis/X310763260-iterative_MG/quast_4/report.tex
5 of 5 steps (100%) done
Provided cores: 1
Job counts:
	count	jobs
	1	EXTRACT_UNMAPPED
	1	MERGE_ASSEMBLIES
	1	ASSEMBLY
	1	ALL
	1	QUAST
	5
rule EXTRACT_UNMAPPED:
	input: /scratch/users/snarayanasamy/IMP_MS_data/IMP_analysis/X310763260-iterative_MG/MG_contigs_merged_4.fa, /scratch/users/snarayanasamy/IMP_MS_data/IMP_analysis/X310763260_20151004-idba/Preprocessing/MG.R1.preprocessed.fq, /scratch/users/snarayanasamy/IMP_MS_data/IMP_analysis/X310763260_20151004-idba/Preprocessing/MG.R2.preprocessed.fq, /scratch/users/snarayanasamy/IMP_MS_data/IMP_analysis/X310763260_20151004-idba/Preprocessing/MG.SE.preprocessed.fq
	output: /scratch/users/snarayanasamy/IMP_MS_data/IMP_analysis/X310763260-iterative_MG/MG.R1.unmapped_4.fq, /scratch/users/snarayanasamy/IMP_MS_data/IMP_analysis/X310763260-iterative_MG/MG.R2.unmapped_4.fq, /scratch/users/snarayanasamy/IMP_MS_data/IMP_analysis/X310763260-iterative_MG/MG.SE.unmapped_4.fq
	log: /scratch/users/snarayanasamy/IMP_MS_data/IMP_analysis/X310763260-iterative_MG/X310763260_iterative_MG.log
	benchmark: /scratch/users/snarayanasamy/IMP_MS_data/IMP_analysis/X310763260-iterative_MG/benchmarks/EXTRACT_UNMAPPED_4.json
[bwa_index] Pack FASTA... 1.56 sec
[bwa_index] Construct BWT for the packed sequence...
[BWTIncCreate] textLength=293855610, availableWord=32676584
[BWTIncConstructFromPacked] 10 iterations done. 53901626 characters processed.
[BWTIncConstructFromPacked] 20 iterations done. 99579290 characters processed.
[BWTIncConstructFromPacked] 30 iterations done. 140173674 characters processed.
[BWTIncConstructFromPacked] 40 iterations done. 176250026 characters processed.
[BWTIncConstructFromPacked] 50 iterations done. 208310762 characters processed.
[BWTIncConstructFromPacked] 60 iterations done. 236802362 characters processed.
[BWTIncConstructFromPacked] 70 iterations done. 262121802 characters processed.
[BWTIncConstructFromPacked] 80 iterations done. 284621706 characters processed.
[bwa_index] 91.26 seconds elapse.
[bwa_index] Update BWT... 1.06 sec
[bwa_index] Pack forward-only FASTA... 1.02 sec
[bwa_index] Construct SA from BWT and Occ... 43.82 sec
[main] Version: 0.7.9a-r786
[main] CMD: bwa index /scratch/users/snarayanasamy/IMP_MS_data/IMP_analysis/X310763260-iterative_MG/MG_contigs_merged_4.fa
[main] Real time: 139.170 sec; CPU: 138.725 sec
[M::mem_pestat] analyzing insert size distribution for orientation FF...
[M::mem_pestat] (25, 50, 75) percentile: (67, 87, 125)
[M::mem_pestat] low and high boundaries for computing mean and std.dev: (1, 241)
[M::mem_pestat] mean and std.dev: (90.18, 38.88)
[M::mem_pestat] low and high boundaries for proper pairs: (1, 299)
[M::mem_pestat] analyzing insert size distribution for orientation FR...
[M::mem_pestat] (25, 50, 75) percentile: (177, 192, 201)
[M::mem_pestat] low and high boundaries for computing mean and std.dev: (129, 249)
[M::mem_pestat] mean and std.dev: (189.31, 20.16)
[M::mem_pestat] low and high boundaries for proper pairs: (105, 273)
[M::mem_pestat] analyzing insert size distribution for orientation RF...
[M::mem_pestat] (25, 50, 75) percentile: (38, 83, 1660)
[M::mem_pestat] low and high boundaries for computing mean and std.dev: (1, 4904)
[M::mem_pestat] mean and std.dev: (677.38, 1069.90)
[M::mem_pestat] low and high boundaries for proper pairs: (1, 6526)
[M::mem_pestat] analyzing insert size distribution for orientation RR...
[M::mem_pestat] (25, 50, 75) percentile: (90, 139, 256)
[M::mem_pestat] low and high boundaries for computing mean and std.dev: (1, 588)
[M::mem_pestat] mean and std.dev: (136.78, 87.90)
[M::mem_pestat] low and high boundaries for proper pairs: (1, 754)
[M::mem_pestat] skip orientation FF
[M::mem_pestat] skip orientation RF
[M::mem_pestat] skip orientation RR
[samopen] SAM header is present: 121097 sequences.
[M::mem_pestat] analyzing insert size distribution for orientation FF...
[M::mem_pestat] (25, 50, 75) percentile: (77, 98, 129)
[M::mem_pestat] low and high boundaries for computing mean and std.dev: (1, 233)
[M::mem_pestat] mean and std.dev: (97.27, 34.95)
[M::mem_pestat] low and high boundaries for proper pairs: (1, 285)
[M::mem_pestat] analyzing insert size distribution for orientation FR...
[M::mem_pestat] (25, 50, 75) percentile: (177, 191, 201)
[M::mem_pestat] low and high boundaries for computing mean and std.dev: (129, 249)
[M::mem_pestat] mean and std.dev: (189.08, 20.09)
[M::mem_pestat] low and high boundaries for proper pairs: (105, 273)
[M::mem_pestat] analyzing insert size distribution for orientation RF...
[M::mem_pestat] (25, 50, 75) percentile: (4758, 4774, 4783)
[M::mem_pestat] low and high boundaries for computing mean and std.dev: (4708, 4833)
[M::mem_pestat] mean and std.dev: (4775.10, 16.68)
[M::mem_pestat] low and high boundaries for proper pairs: (4683, 4858)
[M::mem_pestat] analyzing insert size distribution for orientation RR...
[M::mem_pestat] (25, 50, 75) percentile: (106, 121, 667)
[M::mem_pestat] low and high boundaries for computing mean and std.dev: (1, 1789)
[M::mem_pestat] mean and std.dev: (259.00, 295.56)
[M::mem_pestat] low and high boundaries for proper pairs: (1, 2350)
[M::mem_pestat] skip orientation FF
[M::mem_pestat] skip orientation RF
[M::mem_pestat] skip orientation RR
[M::mem_pestat] analyzing insert size distribution for orientation FF...
[M::mem_pestat] (25, 50, 75) percentile: (82, 108, 247)
[M::mem_pestat] low and high boundaries for computing mean and std.dev: (1, 577)
[M::mem_pestat] mean and std.dev: (115.70, 75.34)
[M::mem_pestat] low and high boundaries for proper pairs: (1, 742)
[M::mem_pestat] analyzing insert size distribution for orientation FR...
[M::mem_pestat] (25, 50, 75) percentile: (179, 192, 201)
[M::mem_pestat] low and high boundaries for computing mean and std.dev: (135, 245)
[M::mem_pestat] mean and std.dev: (190.14, 18.07)
[M::mem_pestat] low and high boundaries for proper pairs: (113, 267)
[M::mem_pestat] analyzing insert size distribution for orientation RF...
[M::mem_pestat] (25, 50, 75) percentile: (96, 213, 379)
[M::mem_pestat] low and high boundaries for computing mean and std.dev: (1, 945)
[M::mem_pestat] mean and std.dev: (205.55, 155.26)
[M::mem_pestat] low and high boundaries for proper pairs: (1, 1228)
[M::mem_pestat] analyzing insert size distribution for orientation RR...
[M::mem_pestat] (25, 50, 75) percentile: (134, 547, 836)
[M::mem_pestat] low and high boundaries for computing mean and std.dev: (1, 2240)
[M::mem_pestat] mean and std.dev: (596.77, 525.84)
[M::mem_pestat] low and high boundaries for proper pairs: (1, 2942)
[M::mem_pestat] skip orientation FF
[M::mem_pestat] skip orientation RF
[M::mem_pestat] skip orientation RR
[M::mem_pestat] analyzing insert size distribution for orientation FF...
[M::mem_pestat] (25, 50, 75) percentile: (76, 106, 199)
[M::mem_pestat] low and high boundaries for computing mean and std.dev: (1, 445)
[M::mem_pestat] mean and std.dev: (117.11, 71.52)
[M::mem_pestat] low and high boundaries for proper pairs: (1, 568)
[M::mem_pestat] analyzing insert size distribution for orientation FR...
[M::mem_pestat] (25, 50, 75) percentile: (177, 191, 201)
[M::mem_pestat] low and high boundaries for computing mean and std.dev: (129, 249)
[M::mem_pestat] mean and std.dev: (188.88, 19.78)
[M::mem_pestat] low and high boundaries for proper pairs: (105, 273)
[M::mem_pestat] analyzing insert size distribution for orientation RF...
[M::mem_pestat] (25, 50, 75) percentile: (108, 362, 3195)
[M::mem_pestat] low and high boundaries for computing mean and std.dev: (1, 9369)
[M::mem_pestat] mean and std.dev: (1468.20, 1946.78)
[M::mem_pestat] low and high boundaries for proper pairs: (1, 12456)
[M::mem_pestat] analyzing insert size distribution for orientation RR...
[M::mem_pestat] (25, 50, 75) percentile: (142, 245, 954)
[M::mem_pestat] low and high boundaries for computing mean and std.dev: (1, 2578)
[M::mem_pestat] mean and std.dev: (482.61, 573.38)
[M::mem_pestat] low and high boundaries for proper pairs: (1, 3390)
[M::mem_pestat] skip orientation FF
[M::mem_pestat] skip orientation RF
[M::mem_pestat] skip orientation RR
[M::mem_pestat] analyzing insert size distribution for orientation FF...
[M::mem_pestat] (25, 50, 75) percentile: (81, 106, 220)
[M::mem_pestat] low and high boundaries for computing mean and std.dev: (1, 498)
[M::mem_pestat] mean and std.dev: (109.66, 54.82)
[M::mem_pestat] low and high boundaries for proper pairs: (1, 637)
[M::mem_pestat] analyzing insert size distribution for orientation FR...
[M::mem_pestat] (25, 50, 75) percentile: (178, 191, 201)
[M::mem_pestat] low and high boundaries for computing mean and std.dev: (132, 247)
[M::mem_pestat] mean and std.dev: (189.34, 19.01)
[M::mem_pestat] low and high boundaries for proper pairs: (109, 270)
[M::mem_pestat] analyzing insert size distribution for orientation RF...
[M::mem_pestat] (25, 50, 75) percentile: (186, 858, 3636)
[M::mem_pestat] low and high boundaries for computing mean and std.dev: (1, 10536)
[M::mem_pestat] mean and std.dev: (1964.84, 2194.65)
[M::mem_pestat] low and high boundaries for proper pairs: (1, 13986)
[M::mem_pestat] analyzing insert size distribution for orientation RR...
[M::mem_pestat] (25, 50, 75) percentile: (133, 305, 1028)
[M::mem_pestat] low and high boundaries for computing mean and std.dev: (1, 2818)
[M::mem_pestat] mean and std.dev: (423.21, 428.07)
[M::mem_pestat] low and high boundaries for proper pairs: (1, 3713)
[M::mem_pestat] skip orientation FF
[M::mem_pestat] skip orientation RF
[M::mem_pestat] skip orientation RR
[M::mem_pestat] analyzing insert size distribution for orientation FF...
[M::mem_pestat] (25, 50, 75) percentile: (68, 99, 222)
[M::mem_pestat] low and high boundaries for computing mean and std.dev: (1, 530)
[M::mem_pestat] mean and std.dev: (105.81, 84.20)
[M::mem_pestat] low and high boundaries for proper pairs: (1, 684)
[M::mem_pestat] analyzing insert size distribution for orientation FR...
[M::mem_pestat] (25, 50, 75) percentile: (177, 191, 201)
[M::mem_pestat] low and high boundaries for computing mean and std.dev: (129, 249)
[M::mem_pestat] mean and std.dev: (188.84, 19.80)
[M::mem_pestat] low and high boundaries for proper pairs: (105, 273)
[M::mem_pestat] analyzing insert size distribution for orientation RF...
[M::mem_pestat] (25, 50, 75) percentile: (99, 839, 3529)
[M::mem_pestat] low and high boundaries for computing mean and std.dev: (1, 10389)
[M::mem_pestat] mean and std.dev: (1884.43, 2173.04)
[M::mem_pestat] low and high boundaries for proper pairs: (1, 13819)
[M::mem_pestat] analyzing insert size distribution for orientation RR...
[M::mem_pestat] (25, 50, 75) percentile: (110, 213, 1397)
[M::mem_pestat] low and high boundaries for computing mean and std.dev: (1, 3971)
[M::mem_pestat] mean and std.dev: (732.62, 983.01)
[M::mem_pestat] low and high boundaries for proper pairs: (1, 5258)
[M::mem_pestat] skip orientation FF
[M::mem_pestat] skip orientation RF
[M::mem_pestat] skip orientation RR
[M::mem_pestat] analyzing insert size distribution for orientation FF...
[M::mem_pestat] (25, 50, 75) percentile: (75, 105, 159)
[M::mem_pestat] low and high boundaries for computing mean and std.dev: (1, 327)
[M::mem_pestat] mean and std.dev: (100.55, 47.39)
[M::mem_pestat] low and high boundaries for proper pairs: (1, 411)
[M::mem_pestat] analyzing insert size distribution for orientation FR...
[M::mem_pestat] (25, 50, 75) percentile: (177, 191, 201)
[M::mem_pestat] low and high boundaries for computing mean and std.dev: (129, 249)
[M::mem_pestat] mean and std.dev: (188.73, 19.91)
[M::mem_pestat] low and high boundaries for proper pairs: (105, 273)
[M::mem_pestat] analyzing insert size distribution for orientation RF...
[M::mem_pestat] (25, 50, 75) percentile: (129, 850, 4067)
[M::mem_pestat] low and high boundaries for computing mean and std.dev: (1, 11943)
[M::mem_pestat] mean and std.dev: (2085.09, 2385.94)
[M::mem_pestat] low and high boundaries for proper pairs: (1, 15881)
[M::mem_pestat] analyzing insert size distribution for orientation RR...
[M::mem_pestat] (25, 50, 75) percentile: (83, 254, 2493)
[M::mem_pestat] low and high boundaries for computing mean and std.dev: (1, 7313)
[M::mem_pestat] mean and std.dev: (1154.57, 1642.58)
[M::mem_pestat] low and high boundaries for proper pairs: (1, 9723)
[M::mem_pestat] skip orientation FF
[M::mem_pestat] skip orientation RF
[M::mem_pestat] skip orientation RR
[M::mem_pestat] analyzing insert size distribution for orientation FF...
[M::mem_pestat] (25, 50, 75) percentile: (81, 112, 230)
[M::mem_pestat] low and high boundaries for computing mean and std.dev: (1, 528)
[M::mem_pestat] mean and std.dev: (112.41, 63.02)
[M::mem_pestat] low and high boundaries for proper pairs: (1, 677)
[M::mem_pestat] analyzing insert size distribution for orientation FR...
[M::mem_pestat] (25, 50, 75) percentile: (176, 190, 200)
[M::mem_pestat] low and high boundaries for computing mean and std.dev: (128, 248)
[M::mem_pestat] mean and std.dev: (188.20, 20.01)
[M::mem_pestat] low and high boundaries for proper pairs: (104, 272)
[M::mem_pestat] analyzing insert size distribution for orientation RF...
[M::mem_pestat] (25, 50, 75) percentile: (103, 742, 3624)
[M::mem_pestat] low and high boundaries for computing mean and std.dev: (1, 10666)
[M::mem_pestat] mean and std.dev: (1769.84, 2188.08)
[M::mem_pestat] low and high boundaries for proper pairs: (1, 14187)
[M::mem_pestat] analyzing insert size distribution for orientation RR...
[M::mem_pestat] (25, 50, 75) percentile: (100, 233, 607)
[M::mem_pestat] low and high boundaries for computing mean and std.dev: (1, 1621)
[M::mem_pestat] mean and std.dev: (342.45, 377.59)
[M::mem_pestat] low and high boundaries for proper pairs: (1, 2128)
[M::mem_pestat] skip orientation FF
[M::mem_pestat] skip orientation RF
[M::mem_pestat] skip orientation RR
[main] Version: 0.7.9a-r786
[main] CMD: bwa mem -v 1 -t 24 /scratch/users/snarayanasamy/IMP_MS_data/IMP_analysis/X310763260-iterative_MG/MG_contigs_merged_4.fa /scratch/users/snarayanasamy/IMP_MS_data/IMP_analysis/X310763260_20151004-idba/Preprocessing/MG.R1.preprocessed.fq /scratch/users/snarayanasamy/IMP_MS_data/IMP_analysis/X310763260_20151004-idba/Preprocessing/MG.R2.preprocessed.fq
[main] Real time: 206.553 sec; CPU: 2642.997 sec
[bam_header_read] EOF marker is absent. The input is probably truncated.
[bam_header_read] EOF marker is absent. The input is probably truncated.
[bam_header_read] EOF marker is absent. The input is probably truncated.
[bam_header_read] EOF marker is absent. The input is probably truncated.
[bam_header_read] EOF marker is absent. The input is probably truncated.
[bam_header_read] EOF marker is absent. The input is probably truncated.
[samopen] SAM header is present: 121097 sequences.
[main] Version: 0.7.9a-r786
[main] CMD: bwa mem -v 1 -t 24 /scratch/users/snarayanasamy/IMP_MS_data/IMP_analysis/X310763260-iterative_MG/MG_contigs_merged_4.fa /scratch/users/snarayanasamy/IMP_MS_data/IMP_analysis/X310763260_20151004-idba/Preprocessing/MG.SE.preprocessed.fq
[main] Real time: 31.587 sec; CPU: 365.631 sec
1 of 5 steps (20%) done
rule ASSEMBLY:
	input: /scratch/users/snarayanasamy/IMP_MS_data/IMP_analysis/X310763260-iterative_MG/MG.R1.unmapped_4.fq, /scratch/users/snarayanasamy/IMP_MS_data/IMP_analysis/X310763260-iterative_MG/MG.R2.unmapped_4.fq, /scratch/users/snarayanasamy/IMP_MS_data/IMP_analysis/X310763260-iterative_MG/MG.SE.unmapped_4.fq
	output: /scratch/users/snarayanasamy/IMP_MS_data/IMP_analysis/X310763260-iterative_MG/MG_contigs_5.fa
	log: /scratch/users/snarayanasamy/IMP_MS_data/IMP_analysis/X310763260-iterative_MG/X310763260_iterative_MG.log
	benchmark: /scratch/users/snarayanasamy/IMP_MS_data/IMP_analysis/X310763260-iterative_MG/benchmarks/ASSEMBLY_5.json
2 of 5 steps (40%) done
rule MERGE_ASSEMBLIES:
	input: /scratch/users/snarayanasamy/IMP_MS_data/IMP_analysis/X310763260-iterative_MG/MG_contigs_merged_4.fa, /scratch/users/snarayanasamy/IMP_MS_data/IMP_analysis/X310763260-iterative_MG/MG_contigs_5.fa
	output: /scratch/users/snarayanasamy/IMP_MS_data/IMP_analysis/X310763260-iterative_MG/MG_contigs_cat_5.fa, /scratch/users/snarayanasamy/IMP_MS_data/IMP_analysis/X310763260-iterative_MG/MG_contigs_merged_5.fa
	log: /scratch/users/snarayanasamy/IMP_MS_data/IMP_analysis/X310763260-iterative_MG/X310763260_iterative_MG.log
	benchmark: /scratch/users/snarayanasamy/IMP_MS_data/IMP_analysis/X310763260-iterative_MG/benchmarks/MERGE_ASSEMBLIES_5.json
3 of 5 steps (60%) done
rule QUAST:
	input: /scratch/users/snarayanasamy/IMP_MS_data/IMP_analysis/X310763260-iterative_MG/MG_contigs_cat_5.fa, /scratch/users/snarayanasamy/IMP_MS_data/IMP_analysis/X310763260-iterative_MG/MG_contigs_merged_5.fa
	output: /scratch/users/snarayanasamy/IMP_MS_data/IMP_analysis/X310763260-iterative_MG/quast_5/report.txt, /scratch/users/snarayanasamy/IMP_MS_data/IMP_analysis/X310763260-iterative_MG/quast_5/report.tsv, /scratch/users/snarayanasamy/IMP_MS_data/IMP_analysis/X310763260-iterative_MG/quast_5/report.tex
	log: /scratch/users/snarayanasamy/IMP_MS_data/IMP_analysis/X310763260-iterative_MG/X310763260_iterative_MG.log
	benchmark: /scratch/users/snarayanasamy/IMP_MS_data/IMP_analysis/X310763260-iterative_MG/benchmarks/QUAST_5.json
4 of 5 steps (80%) done
rule ALL:
	input: /scratch/users/snarayanasamy/IMP_MS_data/IMP_analysis/X310763260-iterative_MG/MG_contigs_merged_5.fa, /scratch/users/snarayanasamy/IMP_MS_data/IMP_analysis/X310763260-iterative_MG/quast_1/report.txt, /scratch/users/snarayanasamy/IMP_MS_data/IMP_analysis/X310763260-iterative_MG/quast_1/report.tsv, /scratch/users/snarayanasamy/IMP_MS_data/IMP_analysis/X310763260-iterative_MG/quast_1/report.tex, /scratch/users/snarayanasamy/IMP_MS_data/IMP_analysis/X310763260-iterative_MG/quast_5/report.txt, /scratch/users/snarayanasamy/IMP_MS_data/IMP_analysis/X310763260-iterative_MG/quast_5/report.tsv, /scratch/users/snarayanasamy/IMP_MS_data/IMP_analysis/X310763260-iterative_MG/quast_5/report.tex
5 of 5 steps (100%) done
Provided cores: 1
Job counts:
	count	jobs
	1	MERGE_ASSEMBLIES
	1	ASSEMBLY
	1	EXTRACT_UNMAPPED
	1	QUAST
	1	ALL
	5
rule EXTRACT_UNMAPPED:
	input: /scratch/users/snarayanasamy/IMP_MS_data/IMP_analysis/X310763260-iterative_MG/MG_contigs_merged_5.fa, /scratch/users/snarayanasamy/IMP_MS_data/IMP_analysis/X310763260_20151004-idba/Preprocessing/MG.R1.preprocessed.fq, /scratch/users/snarayanasamy/IMP_MS_data/IMP_analysis/X310763260_20151004-idba/Preprocessing/MG.R2.preprocessed.fq, /scratch/users/snarayanasamy/IMP_MS_data/IMP_analysis/X310763260_20151004-idba/Preprocessing/MG.SE.preprocessed.fq
	output: /scratch/users/snarayanasamy/IMP_MS_data/IMP_analysis/X310763260-iterative_MG/MG.R1.unmapped_5.fq, /scratch/users/snarayanasamy/IMP_MS_data/IMP_analysis/X310763260-iterative_MG/MG.R2.unmapped_5.fq, /scratch/users/snarayanasamy/IMP_MS_data/IMP_analysis/X310763260-iterative_MG/MG.SE.unmapped_5.fq
	log: /scratch/users/snarayanasamy/IMP_MS_data/IMP_analysis/X310763260-iterative_MG/X310763260_iterative_MG.log
	benchmark: /scratch/users/snarayanasamy/IMP_MS_data/IMP_analysis/X310763260-iterative_MG/benchmarks/EXTRACT_UNMAPPED_5.json
[bwa_index] Pack FASTA... 1.47 sec
[bwa_index] Construct BWT for the packed sequence...
[BWTIncCreate] textLength=293858448, availableWord=32676780
[BWTIncConstructFromPacked] 10 iterations done. 53901984 characters processed.
[BWTIncConstructFromPacked] 20 iterations done. 99579904 characters processed.
[BWTIncConstructFromPacked] 30 iterations done. 140174528 characters processed.
[BWTIncConstructFromPacked] 40 iterations done. 176251120 characters processed.
[BWTIncConstructFromPacked] 50 iterations done. 208312064 characters processed.
[BWTIncConstructFromPacked] 60 iterations done. 236803856 characters processed.
[BWTIncConstructFromPacked] 70 iterations done. 262123440 characters processed.
[BWTIncConstructFromPacked] 80 iterations done. 284623488 characters processed.
[bwa_index] 90.64 seconds elapse.
[bwa_index] Update BWT... 1.07 sec
[bwa_index] Pack forward-only FASTA... 1.04 sec
[bwa_index] Construct SA from BWT and Occ... 42.50 sec
[main] Version: 0.7.9a-r786
[main] CMD: bwa index /scratch/users/snarayanasamy/IMP_MS_data/IMP_analysis/X310763260-iterative_MG/MG_contigs_merged_5.fa
[main] Real time: 137.156 sec; CPU: 136.729 sec
[M::mem_pestat] analyzing insert size distribution for orientation FF...
[M::mem_pestat] (25, 50, 75) percentile: (67, 87, 125)
[M::mem_pestat] low and high boundaries for computing mean and std.dev: (1, 241)
[M::mem_pestat] mean and std.dev: (90.18, 38.88)
[M::mem_pestat] low and high boundaries for proper pairs: (1, 299)
[M::mem_pestat] analyzing insert size distribution for orientation FR...
[M::mem_pestat] (25, 50, 75) percentile: (177, 192, 201)
[M::mem_pestat] low and high boundaries for computing mean and std.dev: (129, 249)
[M::mem_pestat] mean and std.dev: (189.31, 20.16)
[M::mem_pestat] low and high boundaries for proper pairs: (105, 273)
[M::mem_pestat] analyzing insert size distribution for orientation RF...
[M::mem_pestat] (25, 50, 75) percentile: (38, 83, 1660)
[M::mem_pestat] low and high boundaries for computing mean and std.dev: (1, 4904)
[M::mem_pestat] mean and std.dev: (677.38, 1069.90)
[M::mem_pestat] low and high boundaries for proper pairs: (1, 6526)
[M::mem_pestat] analyzing insert size distribution for orientation RR...
[M::mem_pestat] (25, 50, 75) percentile: (90, 139, 256)
[M::mem_pestat] low and high boundaries for computing mean and std.dev: (1, 588)
[M::mem_pestat] mean and std.dev: (136.78, 87.90)
[M::mem_pestat] low and high boundaries for proper pairs: (1, 754)
[M::mem_pestat] skip orientation FF
[M::mem_pestat] skip orientation RF
[M::mem_pestat] skip orientation RR
[samopen] SAM header is present: 121101 sequences.
[M::mem_pestat] analyzing insert size distribution for orientation FF...
[M::mem_pestat] (25, 50, 75) percentile: (77, 98, 129)
[M::mem_pestat] low and high boundaries for computing mean and std.dev: (1, 233)
[M::mem_pestat] mean and std.dev: (97.27, 34.95)
[M::mem_pestat] low and high boundaries for proper pairs: (1, 285)
[M::mem_pestat] analyzing insert size distribution for orientation FR...
[M::mem_pestat] (25, 50, 75) percentile: (177, 191, 201)
[M::mem_pestat] low and high boundaries for computing mean and std.dev: (129, 249)
[M::mem_pestat] mean and std.dev: (189.08, 20.09)
[M::mem_pestat] low and high boundaries for proper pairs: (105, 273)
[M::mem_pestat] analyzing insert size distribution for orientation RF...
[M::mem_pestat] (25, 50, 75) percentile: (4758, 4774, 4783)
[M::mem_pestat] low and high boundaries for computing mean and std.dev: (4708, 4833)
[M::mem_pestat] mean and std.dev: (4775.10, 16.68)
[M::mem_pestat] low and high boundaries for proper pairs: (4683, 4858)
[M::mem_pestat] analyzing insert size distribution for orientation RR...
[M::mem_pestat] (25, 50, 75) percentile: (106, 121, 667)
[M::mem_pestat] low and high boundaries for computing mean and std.dev: (1, 1789)
[M::mem_pestat] mean and std.dev: (259.00, 295.56)
[M::mem_pestat] low and high boundaries for proper pairs: (1, 2350)
[M::mem_pestat] skip orientation FF
[M::mem_pestat] skip orientation RF
[M::mem_pestat] skip orientation RR
[M::mem_pestat] analyzing insert size distribution for orientation FF...
[M::mem_pestat] (25, 50, 75) percentile: (82, 108, 247)
[M::mem_pestat] low and high boundaries for computing mean and std.dev: (1, 577)
[M::mem_pestat] mean and std.dev: (115.70, 75.34)
[M::mem_pestat] low and high boundaries for proper pairs: (1, 742)
[M::mem_pestat] analyzing insert size distribution for orientation FR...
[M::mem_pestat] (25, 50, 75) percentile: (179, 192, 201)
[M::mem_pestat] low and high boundaries for computing mean and std.dev: (135, 245)
[M::mem_pestat] mean and std.dev: (190.14, 18.07)
[M::mem_pestat] low and high boundaries for proper pairs: (113, 267)
[M::mem_pestat] analyzing insert size distribution for orientation RF...
[M::mem_pestat] (25, 50, 75) percentile: (96, 213, 379)
[M::mem_pestat] low and high boundaries for computing mean and std.dev: (1, 945)
[M::mem_pestat] mean and std.dev: (205.55, 155.26)
[M::mem_pestat] low and high boundaries for proper pairs: (1, 1228)
[M::mem_pestat] analyzing insert size distribution for orientation RR...
[M::mem_pestat] (25, 50, 75) percentile: (134, 547, 836)
[M::mem_pestat] low and high boundaries for computing mean and std.dev: (1, 2240)
[M::mem_pestat] mean and std.dev: (596.77, 525.84)
[M::mem_pestat] low and high boundaries for proper pairs: (1, 2942)
[M::mem_pestat] skip orientation FF
[M::mem_pestat] skip orientation RF
[M::mem_pestat] skip orientation RR
[M::mem_pestat] analyzing insert size distribution for orientation FF...
[M::mem_pestat] (25, 50, 75) percentile: (76, 106, 199)
[M::mem_pestat] low and high boundaries for computing mean and std.dev: (1, 445)
[M::mem_pestat] mean and std.dev: (117.11, 71.52)
[M::mem_pestat] low and high boundaries for proper pairs: (1, 568)
[M::mem_pestat] analyzing insert size distribution for orientation FR...
[M::mem_pestat] (25, 50, 75) percentile: (177, 191, 201)
[M::mem_pestat] low and high boundaries for computing mean and std.dev: (129, 249)
[M::mem_pestat] mean and std.dev: (188.88, 19.78)
[M::mem_pestat] low and high boundaries for proper pairs: (105, 273)
[M::mem_pestat] analyzing insert size distribution for orientation RF...
[M::mem_pestat] (25, 50, 75) percentile: (108, 362, 3195)
[M::mem_pestat] low and high boundaries for computing mean and std.dev: (1, 9369)
[M::mem_pestat] mean and std.dev: (1468.20, 1946.78)
[M::mem_pestat] low and high boundaries for proper pairs: (1, 12456)
[M::mem_pestat] analyzing insert size distribution for orientation RR...
[M::mem_pestat] (25, 50, 75) percentile: (142, 245, 954)
[M::mem_pestat] low and high boundaries for computing mean and std.dev: (1, 2578)
[M::mem_pestat] mean and std.dev: (482.61, 573.38)
[M::mem_pestat] low and high boundaries for proper pairs: (1, 3390)
[M::mem_pestat] skip orientation FF
[M::mem_pestat] skip orientation RF
[M::mem_pestat] skip orientation RR
[M::mem_pestat] analyzing insert size distribution for orientation FF...
[M::mem_pestat] (25, 50, 75) percentile: (81, 106, 220)
[M::mem_pestat] low and high boundaries for computing mean and std.dev: (1, 498)
[M::mem_pestat] mean and std.dev: (109.66, 54.82)
[M::mem_pestat] low and high boundaries for proper pairs: (1, 637)
[M::mem_pestat] analyzing insert size distribution for orientation FR...
[M::mem_pestat] (25, 50, 75) percentile: (178, 191, 201)
[M::mem_pestat] low and high boundaries for computing mean and std.dev: (132, 247)
[M::mem_pestat] mean and std.dev: (189.34, 19.01)
[M::mem_pestat] low and high boundaries for proper pairs: (109, 270)
[M::mem_pestat] analyzing insert size distribution for orientation RF...
[M::mem_pestat] (25, 50, 75) percentile: (186, 858, 3636)
[M::mem_pestat] low and high boundaries for computing mean and std.dev: (1, 10536)
[M::mem_pestat] mean and std.dev: (1964.84, 2194.65)
[M::mem_pestat] low and high boundaries for proper pairs: (1, 13986)
[M::mem_pestat] analyzing insert size distribution for orientation RR...
[M::mem_pestat] (25, 50, 75) percentile: (133, 305, 1028)
[M::mem_pestat] low and high boundaries for computing mean and std.dev: (1, 2818)
[M::mem_pestat] mean and std.dev: (423.21, 428.07)
[M::mem_pestat] low and high boundaries for proper pairs: (1, 3713)
[M::mem_pestat] skip orientation FF
[M::mem_pestat] skip orientation RF
[M::mem_pestat] skip orientation RR
[M::mem_pestat] analyzing insert size distribution for orientation FF...
[M::mem_pestat] (25, 50, 75) percentile: (68, 99, 222)
[M::mem_pestat] low and high boundaries for computing mean and std.dev: (1, 530)
[M::mem_pestat] mean and std.dev: (105.81, 84.20)
[M::mem_pestat] low and high boundaries for proper pairs: (1, 684)
[M::mem_pestat] analyzing insert size distribution for orientation FR...
[M::mem_pestat] (25, 50, 75) percentile: (177, 191, 201)
[M::mem_pestat] low and high boundaries for computing mean and std.dev: (129, 249)
[M::mem_pestat] mean and std.dev: (188.84, 19.80)
[M::mem_pestat] low and high boundaries for proper pairs: (105, 273)
[M::mem_pestat] analyzing insert size distribution for orientation RF...
[M::mem_pestat] (25, 50, 75) percentile: (99, 839, 3529)
[M::mem_pestat] low and high boundaries for computing mean and std.dev: (1, 10389)
[M::mem_pestat] mean and std.dev: (1884.43, 2173.04)
[M::mem_pestat] low and high boundaries for proper pairs: (1, 13819)
[M::mem_pestat] analyzing insert size distribution for orientation RR...
[M::mem_pestat] (25, 50, 75) percentile: (110, 213, 1397)
[M::mem_pestat] low and high boundaries for computing mean and std.dev: (1, 3971)
[M::mem_pestat] mean and std.dev: (732.62, 983.01)
[M::mem_pestat] low and high boundaries for proper pairs: (1, 5258)
[M::mem_pestat] skip orientation FF
[M::mem_pestat] skip orientation RF
[M::mem_pestat] skip orientation RR
[M::mem_pestat] analyzing insert size distribution for orientation FF...
[M::mem_pestat] (25, 50, 75) percentile: (75, 105, 159)
[M::mem_pestat] low and high boundaries for computing mean and std.dev: (1, 327)
[M::mem_pestat] mean and std.dev: (100.55, 47.39)
[M::mem_pestat] low and high boundaries for proper pairs: (1, 411)
[M::mem_pestat] analyzing insert size distribution for orientation FR...
[M::mem_pestat] (25, 50, 75) percentile: (177, 191, 201)
[M::mem_pestat] low and high boundaries for computing mean and std.dev: (129, 249)
[M::mem_pestat] mean and std.dev: (188.73, 19.91)
[M::mem_pestat] low and high boundaries for proper pairs: (105, 273)
[M::mem_pestat] analyzing insert size distribution for orientation RF...
[M::mem_pestat] (25, 50, 75) percentile: (129, 850, 4067)
[M::mem_pestat] low and high boundaries for computing mean and std.dev: (1, 11943)
[M::mem_pestat] mean and std.dev: (2085.09, 2385.94)
[M::mem_pestat] low and high boundaries for proper pairs: (1, 15881)
[M::mem_pestat] analyzing insert size distribution for orientation RR...
[M::mem_pestat] (25, 50, 75) percentile: (83, 254, 2493)
[M::mem_pestat] low and high boundaries for computing mean and std.dev: (1, 7313)
[M::mem_pestat] mean and std.dev: (1154.57, 1642.58)
[M::mem_pestat] low and high boundaries for proper pairs: (1, 9723)
[M::mem_pestat] skip orientation FF
[M::mem_pestat] skip orientation RF
[M::mem_pestat] skip orientation RR
[M::mem_pestat] analyzing insert size distribution for orientation FF...
[M::mem_pestat] (25, 50, 75) percentile: (81, 112, 230)
[M::mem_pestat] low and high boundaries for computing mean and std.dev: (1, 528)
[M::mem_pestat] mean and std.dev: (112.41, 63.02)
[M::mem_pestat] low and high boundaries for proper pairs: (1, 677)
[M::mem_pestat] analyzing insert size distribution for orientation FR...
[M::mem_pestat] (25, 50, 75) percentile: (176, 190, 200)
[M::mem_pestat] low and high boundaries for computing mean and std.dev: (128, 248)
[M::mem_pestat] mean and std.dev: (188.20, 20.01)
[M::mem_pestat] low and high boundaries for proper pairs: (104, 272)
[M::mem_pestat] analyzing insert size distribution for orientation RF...
[M::mem_pestat] (25, 50, 75) percentile: (103, 742, 3624)
[M::mem_pestat] low and high boundaries for computing mean and std.dev: (1, 10666)
[M::mem_pestat] mean and std.dev: (1769.84, 2188.08)
[M::mem_pestat] low and high boundaries for proper pairs: (1, 14187)
[M::mem_pestat] analyzing insert size distribution for orientation RR...
[M::mem_pestat] (25, 50, 75) percentile: (100, 233, 607)
[M::mem_pestat] low and high boundaries for computing mean and std.dev: (1, 1621)
[M::mem_pestat] mean and std.dev: (342.45, 377.59)
[M::mem_pestat] low and high boundaries for proper pairs: (1, 2128)
[M::mem_pestat] skip orientation FF
[M::mem_pestat] skip orientation RF
[M::mem_pestat] skip orientation RR
[main] Version: 0.7.9a-r786
[main] CMD: bwa mem -v 1 -t 24 /scratch/users/snarayanasamy/IMP_MS_data/IMP_analysis/X310763260-iterative_MG/MG_contigs_merged_5.fa /scratch/users/snarayanasamy/IMP_MS_data/IMP_analysis/X310763260_20151004-idba/Preprocessing/MG.R1.preprocessed.fq /scratch/users/snarayanasamy/IMP_MS_data/IMP_analysis/X310763260_20151004-idba/Preprocessing/MG.R2.preprocessed.fq
[main] Real time: 204.755 sec; CPU: 2596.290 sec
[bam_header_read] EOF marker is absent. The input is probably truncated.
[bam_header_read] EOF marker is absent. The input is probably truncated.
[bam_header_read] EOF marker is absent. The input is probably truncated.
[bam_header_read] EOF marker is absent. The input is probably truncated.
[bam_header_read] EOF marker is absent. The input is probably truncated.
[bam_header_read] EOF marker is absent. The input is probably truncated.
[samopen] SAM header is present: 121101 sequences.
[main] Version: 0.7.9a-r786
[main] CMD: bwa mem -v 1 -t 24 /scratch/users/snarayanasamy/IMP_MS_data/IMP_analysis/X310763260-iterative_MG/MG_contigs_merged_5.fa /scratch/users/snarayanasamy/IMP_MS_data/IMP_analysis/X310763260_20151004-idba/Preprocessing/MG.SE.preprocessed.fq
[main] Real time: 29.159 sec; CPU: 308.007 sec
1 of 5 steps (20%) done
rule ASSEMBLY:
	input: /scratch/users/snarayanasamy/IMP_MS_data/IMP_analysis/X310763260-iterative_MG/MG.R1.unmapped_5.fq, /scratch/users/snarayanasamy/IMP_MS_data/IMP_analysis/X310763260-iterative_MG/MG.R2.unmapped_5.fq, /scratch/users/snarayanasamy/IMP_MS_data/IMP_analysis/X310763260-iterative_MG/MG.SE.unmapped_5.fq
	output: /scratch/users/snarayanasamy/IMP_MS_data/IMP_analysis/X310763260-iterative_MG/MG_contigs_6.fa
	log: /scratch/users/snarayanasamy/IMP_MS_data/IMP_analysis/X310763260-iterative_MG/X310763260_iterative_MG.log
	benchmark: /scratch/users/snarayanasamy/IMP_MS_data/IMP_analysis/X310763260-iterative_MG/benchmarks/ASSEMBLY_6.json
2 of 5 steps (40%) done
rule MERGE_ASSEMBLIES:
	input: /scratch/users/snarayanasamy/IMP_MS_data/IMP_analysis/X310763260-iterative_MG/MG_contigs_merged_5.fa, /scratch/users/snarayanasamy/IMP_MS_data/IMP_analysis/X310763260-iterative_MG/MG_contigs_6.fa
	output: /scratch/users/snarayanasamy/IMP_MS_data/IMP_analysis/X310763260-iterative_MG/MG_contigs_cat_6.fa, /scratch/users/snarayanasamy/IMP_MS_data/IMP_analysis/X310763260-iterative_MG/MG_contigs_merged_6.fa
	log: /scratch/users/snarayanasamy/IMP_MS_data/IMP_analysis/X310763260-iterative_MG/X310763260_iterative_MG.log
	benchmark: /scratch/users/snarayanasamy/IMP_MS_data/IMP_analysis/X310763260-iterative_MG/benchmarks/MERGE_ASSEMBLIES_6.json
3 of 5 steps (60%) done
rule QUAST:
	input: /scratch/users/snarayanasamy/IMP_MS_data/IMP_analysis/X310763260-iterative_MG/MG_contigs_cat_6.fa, /scratch/users/snarayanasamy/IMP_MS_data/IMP_analysis/X310763260-iterative_MG/MG_contigs_merged_6.fa
	output: /scratch/users/snarayanasamy/IMP_MS_data/IMP_analysis/X310763260-iterative_MG/quast_6/report.txt, /scratch/users/snarayanasamy/IMP_MS_data/IMP_analysis/X310763260-iterative_MG/quast_6/report.tsv, /scratch/users/snarayanasamy/IMP_MS_data/IMP_analysis/X310763260-iterative_MG/quast_6/report.tex
	log: /scratch/users/snarayanasamy/IMP_MS_data/IMP_analysis/X310763260-iterative_MG/X310763260_iterative_MG.log
	benchmark: /scratch/users/snarayanasamy/IMP_MS_data/IMP_analysis/X310763260-iterative_MG/benchmarks/QUAST_6.json
4 of 5 steps (80%) done
rule ALL:
	input: /scratch/users/snarayanasamy/IMP_MS_data/IMP_analysis/X310763260-iterative_MG/MG_contigs_merged_6.fa, /scratch/users/snarayanasamy/IMP_MS_data/IMP_analysis/X310763260-iterative_MG/quast_1/report.txt, /scratch/users/snarayanasamy/IMP_MS_data/IMP_analysis/X310763260-iterative_MG/quast_1/report.tsv, /scratch/users/snarayanasamy/IMP_MS_data/IMP_analysis/X310763260-iterative_MG/quast_1/report.tex, /scratch/users/snarayanasamy/IMP_MS_data/IMP_analysis/X310763260-iterative_MG/quast_6/report.txt, /scratch/users/snarayanasamy/IMP_MS_data/IMP_analysis/X310763260-iterative_MG/quast_6/report.tsv, /scratch/users/snarayanasamy/IMP_MS_data/IMP_analysis/X310763260-iterative_MG/quast_6/report.tex
5 of 5 steps (100%) done
